* installing *source* package ‘anytime’ ...
** package ‘anytime’ successfully unpacked and MD5 sums checked
** using staged installation
** libs
using C++ compiler: ‘ccache version 4.7.4’
using C++11
using SDK: ‘’
clang++ -mmacosx-version-min=10.13 -std=gnu++11 -I"/Library/Frameworks/R.framework/Resources/include" -DNDEBUG  -I'/Library/Frameworks/R.framework/Versions/4.3/Resources/library/Rcpp/include' -I'/Library/Frameworks/R.framework/Versions/4.3/Resources/library/BH/include' -I/usr/local/include   -DRCPP_NO_RTTI -fPIC  -Wall -g -O2  -c RcppExports.cpp -o RcppExports.o
clang++ -mmacosx-version-min=10.13 -std=gnu++11 -I"/Library/Frameworks/R.framework/Resources/include" -DNDEBUG  -I'/Library/Frameworks/R.framework/Versions/4.3/Resources/library/Rcpp/include' -I'/Library/Frameworks/R.framework/Versions/4.3/Resources/library/BH/include' -I/usr/local/include   -DRCPP_NO_RTTI -fPIC  -Wall -g -O2  -c anytime.cpp -o anytime.o
In file included from anytime.cpp:25:
In file included from /Library/Frameworks/R.framework/Versions/4.3/Resources/library/BH/include/boost/date_time.hpp:15:
In file included from /Library/Frameworks/R.framework/Versions/4.3/Resources/library/BH/include/boost/date_time/local_time/local_time.hpp:11:
In file included from /Library/Frameworks/R.framework/Versions/4.3/Resources/library/BH/include/boost/date_time/posix_time/posix_time.hpp:15:
In file included from /Library/Frameworks/R.framework/Versions/4.3/Resources/library/BH/include/boost/date_time/posix_time/ptime.hpp:12:
In file included from /Library/Frameworks/R.framework/Versions/4.3/Resources/library/BH/include/boost/date_time/posix_time/posix_time_system.hpp:13:
In file included from /Library/Frameworks/R.framework/Versions/4.3/Resources/library/BH/include/boost/date_time/posix_time/posix_time_config.hpp:18:
In file included from /Library/Frameworks/R.framework/Versions/4.3/Resources/library/BH/include/boost/date_time/gregorian/gregorian_types.hpp:19:
In file included from /Library/Frameworks/R.framework/Versions/4.3/Resources/library/BH/include/boost/date_time/gregorian/greg_calendar.hpp:14:
In file included from /Library/Frameworks/R.framework/Versions/4.3/Resources/library/BH/include/boost/date_time/gregorian/greg_weekday.hpp:12:
In file included from /Library/Frameworks/R.framework/Versions/4.3/Resources/library/BH/include/boost/date_time/constrained_value.hpp:15:
In file included from /Library/Frameworks/R.framework/Versions/4.3/Resources/library/BH/include/boost/throw_exception.hpp:24:
/Library/Frameworks/R.framework/Versions/4.3/Resources/library/BH/include/boost/assert/source_location.hpp:75:14: warning: 'sprintf' is deprecated: This function is provided for compatibility reasons only.  Due to security concerns inherent in the design of sprintf(3), it is highly recommended that you use snprintf(3) instead. [-Wdeprecated-declarations]
        std::sprintf( buffer, ":%ld", static_cast<long>( line() ) );
             ^
/Applications/Xcode.app/Contents/Developer/Platforms/MacOSX.platform/Developer/SDKs/MacOSX.sdk/usr/include/stdio.h:188:1: note: 'sprintf' has been explicitly marked deprecated here
__deprecated_msg("This function is provided for compatibility reasons only.  Due to security concerns inherent in the design of sprintf(3), it is highly recommended that you use snprintf(3) instead.")
^
/Applications/Xcode.app/Contents/Developer/Platforms/MacOSX.platform/Developer/SDKs/MacOSX.sdk/usr/include/sys/cdefs.h:215:48: note: expanded from macro '__deprecated_msg'
        #define __deprecated_msg(_msg) __attribute__((__deprecated__(_msg)))
                                                      ^
In file included from anytime.cpp:25:
In file included from /Library/Frameworks/R.framework/Versions/4.3/Resources/library/BH/include/boost/date_time.hpp:15:
In file included from /Library/Frameworks/R.framework/Versions/4.3/Resources/library/BH/include/boost/date_time/local_time/local_time.hpp:11:
In file included from /Library/Frameworks/R.framework/Versions/4.3/Resources/library/BH/include/boost/date_time/posix_time/posix_time.hpp:15:
In file included from /Library/Frameworks/R.framework/Versions/4.3/Resources/library/BH/include/boost/date_time/posix_time/ptime.hpp:12:
In file included from /Library/Frameworks/R.framework/Versions/4.3/Resources/library/BH/include/boost/date_time/posix_time/posix_time_system.hpp:13:
In file included from /Library/Frameworks/R.framework/Versions/4.3/Resources/library/BH/include/boost/date_time/posix_time/posix_time_config.hpp:18:
In file included from /Library/Frameworks/R.framework/Versions/4.3/Resources/library/BH/include/boost/date_time/gregorian/gregorian_types.hpp:19:
In file included from /Library/Frameworks/R.framework/Versions/4.3/Resources/library/BH/include/boost/date_time/gregorian/greg_calendar.hpp:14:
In file included from /Library/Frameworks/R.framework/Versions/4.3/Resources/library/BH/include/boost/date_time/gregorian/greg_weekday.hpp:12:
In file included from /Library/Frameworks/R.framework/Versions/4.3/Resources/library/BH/include/boost/date_time/constrained_value.hpp:15:
In file included from /Library/Frameworks/R.framework/Versions/4.3/Resources/library/BH/include/boost/throw_exception.hpp:24:
/Library/Frameworks/R.framework/Versions/4.3/Resources/library/BH/include/boost/assert/source_location.hpp:80:18: warning: 'sprintf' is deprecated: This function is provided for compatibility reasons only.  Due to security concerns inherent in the design of sprintf(3), it is highly recommended that you use snprintf(3) instead. [-Wdeprecated-declarations]
            std::sprintf( buffer, ":%ld", static_cast<long>( column() ) );
                 ^
/Applications/Xcode.app/Contents/Developer/Platforms/MacOSX.platform/Developer/SDKs/MacOSX.sdk/usr/include/stdio.h:188:1: note: 'sprintf' has been explicitly marked deprecated here
__deprecated_msg("This function is provided for compatibility reasons only.  Due to security concerns inherent in the design of sprintf(3), it is highly recommended that you use snprintf(3) instead.")
^
/Applications/Xcode.app/Contents/Developer/Platforms/MacOSX.platform/Developer/SDKs/MacOSX.sdk/usr/include/sys/cdefs.h:215:48: note: expanded from macro '__deprecated_msg'
        #define __deprecated_msg(_msg) __attribute__((__deprecated__(_msg)))
                                                      ^
In file included from anytime.cpp:25:
In file included from /Library/Frameworks/R.framework/Versions/4.3/Resources/library/BH/include/boost/date_time.hpp:15:
In file included from /Library/Frameworks/R.framework/Versions/4.3/Resources/library/BH/include/boost/date_time/local_time/local_time.hpp:11:
In file included from /Library/Frameworks/R.framework/Versions/4.3/Resources/library/BH/include/boost/date_time/posix_time/posix_time.hpp:24:
In file included from /Library/Frameworks/R.framework/Versions/4.3/Resources/library/BH/include/boost/date_time/posix_time/time_formatters.hpp:12:
In file included from /Library/Frameworks/R.framework/Versions/4.3/Resources/library/BH/include/boost/date_time/gregorian/gregorian.hpp:31:
In file included from /Library/Frameworks/R.framework/Versions/4.3/Resources/library/BH/include/boost/date_time/gregorian/gregorian_io.hpp:16:
In file included from /Library/Frameworks/R.framework/Versions/4.3/Resources/library/BH/include/boost/date_time/date_facet.hpp:25:
In file included from /Library/Frameworks/R.framework/Versions/4.3/Resources/library/BH/include/boost/date_time/date_generator_parser.hpp:20:
In file included from /Library/Frameworks/R.framework/Versions/4.3/Resources/library/BH/include/boost/date_time/format_date_parser.hpp:14:
In file included from /Library/Frameworks/R.framework/Versions/4.3/Resources/library/BH/include/boost/lexical_cast.hpp:32:
In file included from /Library/Frameworks/R.framework/Versions/4.3/Resources/library/BH/include/boost/lexical_cast/try_lexical_convert.hpp:44:
In file included from /Library/Frameworks/R.framework/Versions/4.3/Resources/library/BH/include/boost/lexical_cast/detail/converter_lexical.hpp:54:
/Library/Frameworks/R.framework/Versions/4.3/Resources/library/BH/include/boost/lexical_cast/detail/converter_lexical_streams.hpp:285:21: warning: 'sprintf' is deprecated: This function is provided for compatibility reasons only.  Due to security concerns inherent in the design of sprintf(3), it is highly recommended that you use snprintf(3) instead. [-Wdeprecated-declarations]
                    sprintf(begin,
                    ^
/Applications/Xcode.app/Contents/Developer/Platforms/MacOSX.platform/Developer/SDKs/MacOSX.sdk/usr/include/stdio.h:188:1: note: 'sprintf' has been explicitly marked deprecated here
__deprecated_msg("This function is provided for compatibility reasons only.  Due to security concerns inherent in the design of sprintf(3), it is highly recommended that you use snprintf(3) instead.")
^
/Applications/Xcode.app/Contents/Developer/Platforms/MacOSX.platform/Developer/SDKs/MacOSX.sdk/usr/include/sys/cdefs.h:215:48: note: expanded from macro '__deprecated_msg'
        #define __deprecated_msg(_msg) __attribute__((__deprecated__(_msg)))
                                                      ^
In file included from anytime.cpp:25:
In file included from /Library/Frameworks/R.framework/Versions/4.3/Resources/library/BH/include/boost/date_time.hpp:15:
In file included from /Library/Frameworks/R.framework/Versions/4.3/Resources/library/BH/include/boost/date_time/local_time/local_time.hpp:11:
In file included from /Library/Frameworks/R.framework/Versions/4.3/Resources/library/BH/include/boost/date_time/posix_time/posix_time.hpp:24:
In file included from /Library/Frameworks/R.framework/Versions/4.3/Resources/library/BH/include/boost/date_time/posix_time/time_formatters.hpp:12:
In file included from /Library/Frameworks/R.framework/Versions/4.3/Resources/library/BH/include/boost/date_time/gregorian/gregorian.hpp:31:
In file included from /Library/Frameworks/R.framework/Versions/4.3/Resources/library/BH/include/boost/date_time/gregorian/gregorian_io.hpp:16:
In file included from /Library/Frameworks/R.framework/Versions/4.3/Resources/library/BH/include/boost/date_time/date_facet.hpp:25:
In file included from /Library/Frameworks/R.framework/Versions/4.3/Resources/library/BH/include/boost/date_time/date_generator_parser.hpp:20:
In file included from /Library/Frameworks/R.framework/Versions/4.3/Resources/library/BH/include/boost/date_time/format_date_parser.hpp:14:
In file included from /Library/Frameworks/R.framework/Versions/4.3/Resources/library/BH/include/boost/lexical_cast.hpp:32:
In file included from /Library/Frameworks/R.framework/Versions/4.3/Resources/library/BH/include/boost/lexical_cast/try_lexical_convert.hpp:44:
In file included from /Library/Frameworks/R.framework/Versions/4.3/Resources/library/BH/include/boost/lexical_cast/detail/converter_lexical.hpp:54:
/Library/Frameworks/R.framework/Versions/4.3/Resources/library/BH/include/boost/lexical_cast/detail/converter_lexical_streams.hpp:297:21: warning: 'sprintf' is deprecated: This function is provided for compatibility reasons only.  Due to security concerns inherent in the design of sprintf(3), it is highly recommended that you use snprintf(3) instead. [-Wdeprecated-declarations]
                    sprintf(begin,
                    ^
/Applications/Xcode.app/Contents/Developer/Platforms/MacOSX.platform/Developer/SDKs/MacOSX.sdk/usr/include/stdio.h:188:1: note: 'sprintf' has been explicitly marked deprecated here
__deprecated_msg("This function is provided for compatibility reasons only.  Due to security concerns inherent in the design of sprintf(3), it is highly recommended that you use snprintf(3) instead.")
^
/Applications/Xcode.app/Contents/Developer/Platforms/MacOSX.platform/Developer/SDKs/MacOSX.sdk/usr/include/sys/cdefs.h:215:48: note: expanded from macro '__deprecated_msg'
        #define __deprecated_msg(_msg) __attribute__((__deprecated__(_msg)))
                                                      ^
In file included from anytime.cpp:25:
In file included from /Library/Frameworks/R.framework/Versions/4.3/Resources/library/BH/include/boost/date_time.hpp:15:
In file included from /Library/Frameworks/R.framework/Versions/4.3/Resources/library/BH/include/boost/date_time/local_time/local_time.hpp:11:
In file included from /Library/Frameworks/R.framework/Versions/4.3/Resources/library/BH/include/boost/date_time/posix_time/posix_time.hpp:24:
In file included from /Library/Frameworks/R.framework/Versions/4.3/Resources/library/BH/include/boost/date_time/posix_time/time_formatters.hpp:12:
In file included from /Library/Frameworks/R.framework/Versions/4.3/Resources/library/BH/include/boost/date_time/gregorian/gregorian.hpp:31:
In file included from /Library/Frameworks/R.framework/Versions/4.3/Resources/library/BH/include/boost/date_time/gregorian/gregorian_io.hpp:16:
In file included from /Library/Frameworks/R.framework/Versions/4.3/Resources/library/BH/include/boost/date_time/date_facet.hpp:25:
In file included from /Library/Frameworks/R.framework/Versions/4.3/Resources/library/BH/include/boost/date_time/date_generator_parser.hpp:20:
In file included from /Library/Frameworks/R.framework/Versions/4.3/Resources/library/BH/include/boost/date_time/format_date_parser.hpp:14:
In file included from /Library/Frameworks/R.framework/Versions/4.3/Resources/library/BH/include/boost/lexical_cast.hpp:32:
In file included from /Library/Frameworks/R.framework/Versions/4.3/Resources/library/BH/include/boost/lexical_cast/try_lexical_convert.hpp:44:
In file included from /Library/Frameworks/R.framework/Versions/4.3/Resources/library/BH/include/boost/lexical_cast/detail/converter_lexical.hpp:54:
/Library/Frameworks/R.framework/Versions/4.3/Resources/library/BH/include/boost/lexical_cast/detail/converter_lexical_streams.hpp:310:21: warning: 'sprintf' is deprecated: This function is provided for compatibility reasons only.  Due to security concerns inherent in the design of sprintf(3), it is highly recommended that you use snprintf(3) instead. [-Wdeprecated-declarations]
                    sprintf(begin,
                    ^
/Applications/Xcode.app/Contents/Developer/Platforms/MacOSX.platform/Developer/SDKs/MacOSX.sdk/usr/include/stdio.h:188:1: note: 'sprintf' has been explicitly marked deprecated here
__deprecated_msg("This function is provided for compatibility reasons only.  Due to security concerns inherent in the design of sprintf(3), it is highly recommended that you use snprintf(3) instead.")
^
/Applications/Xcode.app/Contents/Developer/Platforms/MacOSX.platform/Developer/SDKs/MacOSX.sdk/usr/include/sys/cdefs.h:215:48: note: expanded from macro '__deprecated_msg'
        #define __deprecated_msg(_msg) __attribute__((__deprecated__(_msg)))
                                                      ^
5 warnings generated.
clang++ -mmacosx-version-min=10.13 -std=gnu++11 -dynamiclib -Wl,-headerpad_max_install_names -undefined dynamic_lookup -single_module -multiply_defined suppress -L/Library/Frameworks/R.framework/Resources/lib -L/usr/local/lib -o anytime.so RcppExports.o anytime.o -F/Library/Frameworks/R.framework/.. -framework R -Wl,-framework -Wl,CoreFoundation
installing to /Users/kreutzer/GitHub/rxylib/rxylib.BuildResults/Library/00LOCK-anytime/00new/anytime/libs
** R
** inst
** byte-compile and prepare package for lazy loading
** help
*** installing help indices
** building package indices
** installing vignettes
** testing if installed package can be loaded from temporary location
** checking absolute paths in shared objects and dynamic libraries
** testing if installed package can be loaded from final location
** testing if installed package keeps a record of temporary installation path
* DONE (anytime)
