* installing *source* package ‘leaps’ ...
** package ‘leaps’ successfully unpacked and MD5 sums checked
** using staged installation
** libs
using Fortran compiler: ‘GNU Fortran (Homebrew GCC 8.5.0) 8.5.0’
using SDK: ‘’
/usr/local/bin/gfortran-8  -fPIC  -Wall -g -O2  -c leaps.f -o leaps.o
/usr/local/bin/gfortran-8  -fPIC  -Wall -g -O2  -c leapshdr.f -o leapshdr.o
ccache clang -dynamiclib -Wl,-headerpad_max_install_names -undefined dynamic_lookup -single_module -multiply_defined suppress -L/Library/Frameworks/R.framework/Resources/lib -L/usr/local/lib -o leaps.so leaps.o leapshdr.o -L/usr/local/gfortran/lib/gcc/x86_64-apple-darwin18/8.2.0 -L/usr/local/gfortran/lib -lgfortran -lquadmath -lm -F/Library/Frameworks/R.framework/.. -framework R -Wl,-framework -Wl,CoreFoundation
ld: warning: -undefined dynamic_lookup may not work with chained fixups
installing to /Users/kreutzer/GitHub/rxylib/rxylib.BuildResults/Library/00LOCK-leaps/00new/leaps/libs
** R
** byte-compile and prepare package for lazy loading
** help
*** installing help indices
** building package indices
** testing if installed package can be loaded from temporary location
** checking absolute paths in shared objects and dynamic libraries
** testing if installed package can be loaded from final location
** testing if installed package keeps a record of temporary installation path
* DONE (leaps)
