* installing *source* package ‘FactoMineR’ ...
** package ‘FactoMineR’ successfully unpacked and MD5 sums checked
** using staged installation
** libs
using C compiler: ‘ccache version 4.7.4’
using SDK: ‘’
ccache clang -I"/Library/Frameworks/R.framework/Resources/include" -DNDEBUG   -I/usr/local/include    -fPIC  -Wall -g -O2  -c disjonctif.c -o disjonctif.o
ccache clang -I"/Library/Frameworks/R.framework/Resources/include" -DNDEBUG   -I/usr/local/include    -fPIC  -Wall -g -O2  -c init.c -o init.o
ccache clang -dynamiclib -Wl,-headerpad_max_install_names -undefined dynamic_lookup -single_module -multiply_defined suppress -L/Library/Frameworks/R.framework/Resources/lib -L/usr/local/lib -o FactoMineR.so disjonctif.o init.o -F/Library/Frameworks/R.framework/.. -framework R -Wl,-framework -Wl,CoreFoundation
ld: warning: -undefined dynamic_lookup may not work with chained fixups
installing to /Users/kreutzer/GitHub/rxylib/rxylib.BuildResults/Library/00LOCK-FactoMineR/00new/FactoMineR/libs
** R
** data
** inst
** byte-compile and prepare package for lazy loading
** help
*** installing help indices
** building package indices
** installing vignettes
** testing if installed package can be loaded from temporary location
** checking absolute paths in shared objects and dynamic libraries
** testing if installed package can be loaded from final location
** testing if installed package keeps a record of temporary installation path
* DONE (FactoMineR)
