* installing *source* package ‘nnls’ ...
** package ‘nnls’ successfully unpacked and MD5 sums checked
** using staged installation
** libs
using Fortran compiler: ‘GNU Fortran (Homebrew GCC 8.5.0) 8.5.0’
using SDK: ‘’
/usr/local/bin/gfortran-8  -fPIC  -Wall -g -O2  -c lawson_hanson_nnls.f -o lawson_hanson_nnls.o
lawson_hanson_nnls.f:265:0:

       J=INDEX(IZ)
 
Warning: 'izmax' may be used uninitialized in this function [-Wmaybe-uninitialized]
/usr/local/bin/gfortran-8  -fPIC  -Wall -g -O2  -c nnnpls.f -o nnnpls.o
nnnpls.f:134:0:

       J=INDEX(IZ)
 
Warning: 'izmax' may be used uninitialized in this function [-Wmaybe-uninitialized]
ccache clang -dynamiclib -Wl,-headerpad_max_install_names -undefined dynamic_lookup -single_module -multiply_defined suppress -L/Library/Frameworks/R.framework/Resources/lib -L/usr/local/lib -o nnls.so lawson_hanson_nnls.o nnnpls.o -L/usr/local/gfortran/lib/gcc/x86_64-apple-darwin18/8.2.0 -L/usr/local/gfortran/lib -lgfortran -lquadmath -lm -F/Library/Frameworks/R.framework/.. -framework R -Wl,-framework -Wl,CoreFoundation
ld: warning: -undefined dynamic_lookup may not work with chained fixups
installing to /Users/kreutzer/GitHub/rxylib/rxylib.BuildResults/Library/00LOCK-nnls/00new/nnls/libs
** R
** inst
** byte-compile and prepare package for lazy loading
** help
*** installing help indices
** building package indices
** testing if installed package can be loaded from temporary location
** checking absolute paths in shared objects and dynamic libraries
** testing if installed package can be loaded from final location
** testing if installed package keeps a record of temporary installation path
* DONE (nnls)
