This is pdfTeX, Version 3.141592653-2.6-1.40.24 (TeX Live 2022) (preloaded format=pdflatex 2022.12.26)  4 JAN 2023 09:40
entering extended mode
 restricted \write18 enabled.
 %&-line parsing enabled.
**\nonstopmode \input ./Rd2.tex \input ./Rd2.tex \input ./Rd2.tex \input ./Rd2.
tex
(./Rd2.tex
(/usr/local/texlive/2022/texmf-dist/tex/latex/base/book.cls
Document Class: book 2022/07/02 v1.4n Standard LaTeX document class
(/usr/local/texlive/2022/texmf-dist/tex/latex/base/bk10.clo
File: bk10.clo 2022/07/02 v1.4n Standard LaTeX file (size option)
)
\c@part=\count185
\c@chapter=\count186
\c@section=\count187
\c@subsection=\count188
\c@subsubsection=\count189
\c@paragraph=\count190
\c@subparagraph=\count191
\c@figure=\count192
\c@table=\count193
\abovecaptionskip=\skip48
\belowcaptionskip=\skip49
\bibindent=\dimen140
)
(/Library/Frameworks/R.framework/Resources/share/texmf/tex/latex/Rd.sty
Package: Rd 

(/usr/local/texlive/2022/texmf-dist/tex/latex/base/ifthen.sty
Package: ifthen 2022/04/13 v1.1d Standard LaTeX ifthen package (DPC)
)
(/usr/local/texlive/2022/texmf-dist/tex/latex/tools/longtable.sty
Package: longtable 2021-09-01 v4.17 Multi-page Table package (DPC)
\LTleft=\skip50
\LTright=\skip51
\LTpre=\skip52
\LTpost=\skip53
\LTchunksize=\count194
\LTcapwidth=\dimen141
\LT@head=\box51
\LT@firsthead=\box52
\LT@foot=\box53
\LT@lastfoot=\box54
\LT@gbox=\box55
\LT@cols=\count195
\LT@rows=\count196
\c@LT@tables=\count197
\c@LT@chunks=\count198
\LT@p@ftn=\toks16
)
(/usr/local/texlive/2022/texmf-dist/tex/latex/tools/bm.sty
Package: bm 2022/01/05 v1.2f Bold Symbol Support (DPC/FMi)
\symboldoperators=\mathgroup4
\symboldletters=\mathgroup5
\symboldsymbols=\mathgroup6
Package bm Info: No bold for \OMX/cmex/m/n, using \pmb.
LaTeX Font Info:    Redeclaring math alphabet \mathbf on input line 149.
)
(/usr/local/texlive/2022/texmf-dist/tex/latex/base/alltt.sty
Package: alltt 2021/01/29 v2.0g defines alltt environment
)
(/usr/local/texlive/2022/texmf-dist/tex/latex/tools/verbatim.sty
Package: verbatim 2022-07-02 v1.5u LaTeX2e package for verbatim enhancements
\every@verbatim=\toks17
\verbatim@line=\toks18
\verbatim@in@stream=\read2
)
(/usr/local/texlive/2022/texmf-dist/tex/latex/url/url.sty
\Urlmuskip=\muskip16
Package: url 2013/09/16  ver 3.4  Verb mode for urls, etc.
)
(/usr/local/texlive/2022/texmf-dist/tex/latex/base/textcomp.sty
Package: textcomp 2020/02/02 v2.0n Standard LaTeX package
)
(/usr/local/texlive/2022/texmf-dist/tex/latex/amsmath/amsmath.sty
Package: amsmath 2022/04/08 v2.17n AMS math features
\@mathmargin=\skip54

For additional information on amsmath, use the `?' option.
(/usr/local/texlive/2022/texmf-dist/tex/latex/amsmath/amstext.sty
Package: amstext 2021/08/26 v2.01 AMS text

(/usr/local/texlive/2022/texmf-dist/tex/latex/amsmath/amsgen.sty
File: amsgen.sty 1999/11/30 v2.0 generic functions
\@emptytoks=\toks19
\ex@=\dimen142
))
(/usr/local/texlive/2022/texmf-dist/tex/latex/amsmath/amsbsy.sty
Package: amsbsy 1999/11/29 v1.2d Bold Symbols
LaTeX Info: Redefining \boldsymbol on input line 28.
\pmbraise@=\dimen143
)
(/usr/local/texlive/2022/texmf-dist/tex/latex/amsmath/amsopn.sty
Package: amsopn 2022/04/08 v2.04 operator names
)
\inf@bad=\count199
LaTeX Info: Redefining \frac on input line 234.
\uproot@=\count266
\leftroot@=\count267
LaTeX Info: Redefining \overline on input line 399.
LaTeX Info: Redefining \colon on input line 410.
\classnum@=\count268
\DOTSCASE@=\count269
LaTeX Info: Redefining \ldots on input line 496.
LaTeX Info: Redefining \dots on input line 499.
LaTeX Info: Redefining \cdots on input line 620.
\Mathstrutbox@=\box56
\strutbox@=\box57
LaTeX Info: Redefining \big on input line 722.
LaTeX Info: Redefining \Big on input line 723.
LaTeX Info: Redefining \bigg on input line 724.
LaTeX Info: Redefining \Bigg on input line 725.
\big@size=\dimen144
LaTeX Font Info:    Redeclaring font encoding OML on input line 743.
LaTeX Font Info:    Redeclaring font encoding OMS on input line 744.
\macc@depth=\count270
LaTeX Info: Redefining \bmod on input line 905.
LaTeX Info: Redefining \pmod on input line 910.
LaTeX Info: Redefining \smash on input line 940.
LaTeX Info: Redefining \relbar on input line 970.
LaTeX Info: Redefining \Relbar on input line 971.
\c@MaxMatrixCols=\count271
\dotsspace@=\muskip17
\c@parentequation=\count272
\dspbrk@lvl=\count273
\tag@help=\toks20
\row@=\count274
\column@=\count275
\maxfields@=\count276
\andhelp@=\toks21
\eqnshift@=\dimen145
\alignsep@=\dimen146
\tagshift@=\dimen147
\tagwidth@=\dimen148
\totwidth@=\dimen149
\lineht@=\dimen150
\@envbody=\toks22
\multlinegap=\skip55
\multlinetaggap=\skip56
\mathdisplay@stack=\toks23
LaTeX Info: Redefining \[ on input line 2953.
LaTeX Info: Redefining \] on input line 2954.
)
(/usr/local/texlive/2022/texmf-dist/tex/latex/amsfonts/amsfonts.sty
Package: amsfonts 2013/01/14 v3.01 Basic AMSFonts support
\symAMSa=\mathgroup7
\symAMSb=\mathgroup8
LaTeX Font Info:    Redeclaring math symbol \hbar on input line 98.
LaTeX Font Info:    Overwriting math alphabet `\mathfrak' in version `bold'
(Font)                  U/euf/m/n --> U/euf/b/n on input line 106.
)
(/usr/local/texlive/2022/texmf-dist/tex/latex/amsfonts/amssymb.sty
Package: amssymb 2013/01/14 v3.01 AMS font symbols
)
(/usr/local/texlive/2022/texmf-dist/tex/latex/jknapltx/mathrsfs.sty
Package: mathrsfs 1996/01/01 Math RSFS package v1.0 (jk)
\symrsfs=\mathgroup9
)
\ldescriptionwidth=\skip57

(/usr/local/texlive/2022/texmf-dist/tex/generic/iftex/iftex.sty
Package: iftex 2022/02/03 v1.0f TeX engine tests
)
(/usr/local/texlive/2022/texmf-dist/tex/latex/base/fontenc.sty
Package: fontenc 2021/04/29 v2.0v Standard LaTeX package
)
(/usr/local/texlive/2022/texmf-dist/tex/latex/psnfss/times.sty
Package: times 2020/03/25 PSNFSS-v9.3 (SPQR) 
)
(/usr/local/texlive/2022/texmf-dist/tex/latex/inconsolata/zi4.sty
Package: zi4 2019/05/17 v1.12

`inconsolata-zi4' v1.12, 2019/05/17 Text macros for Inconsolata (msharpe)
(/usr/local/texlive/2022/texmf-dist/tex/latex/xkeyval/xkeyval.sty
Package: xkeyval 2022/06/16 v2.9 package option processing (HA)

(/usr/local/texlive/2022/texmf-dist/tex/generic/xkeyval/xkeyval.tex
(/usr/local/texlive/2022/texmf-dist/tex/generic/xkeyval/xkvutils.tex
\XKV@toks=\toks24
\XKV@tempa@toks=\toks25

(/usr/local/texlive/2022/texmf-dist/tex/generic/xkeyval/keyval.tex))
\XKV@depth=\count277
File: xkeyval.tex 2014/12/03 v2.7a key=value parser (HA)
))
\zifour@ocount=\count278
)
(/usr/local/texlive/2022/texmf-dist/tex/latex/graphics/color.sty
Package: color 2022/01/06 v1.3d Standard LaTeX Color (DPC)

(/usr/local/texlive/2022/texmf-dist/tex/latex/graphics-cfg/color.cfg
File: color.cfg 2016/01/02 v1.6 sample color configuration
)
Package color Info: Driver file: pdftex.def on input line 149.

(/usr/local/texlive/2022/texmf-dist/tex/latex/graphics-def/pdftex.def
File: pdftex.def 2022/09/22 v1.2b Graphics/color driver for pdftex
)
(/usr/local/texlive/2022/texmf-dist/tex/latex/graphics/mathcolor.ltx))
(/usr/local/texlive/2022/texmf-dist/tex/latex/hyperref/hyperref.sty
Package: hyperref 2022-11-13 v7.00u Hypertext links for LaTeX

(/usr/local/texlive/2022/texmf-dist/tex/generic/ltxcmds/ltxcmds.sty
Package: ltxcmds 2020-05-10 v1.25 LaTeX kernel commands for general use (HO)
)
(/usr/local/texlive/2022/texmf-dist/tex/generic/pdftexcmds/pdftexcmds.sty
Package: pdftexcmds 2020-06-27 v0.33 Utility functions of pdfTeX for LuaTeX (HO
)

(/usr/local/texlive/2022/texmf-dist/tex/generic/infwarerr/infwarerr.sty
Package: infwarerr 2019/12/03 v1.5 Providing info/warning/error messages (HO)
)
Package pdftexcmds Info: \pdf@primitive is available.
Package pdftexcmds Info: \pdf@ifprimitive is available.
Package pdftexcmds Info: \pdfdraftmode found.
)
(/usr/local/texlive/2022/texmf-dist/tex/latex/kvsetkeys/kvsetkeys.sty
Package: kvsetkeys 2022-10-05 v1.19 Key value parser (HO)
)
(/usr/local/texlive/2022/texmf-dist/tex/generic/kvdefinekeys/kvdefinekeys.sty
Package: kvdefinekeys 2019-12-19 v1.6 Define keys (HO)
)
(/usr/local/texlive/2022/texmf-dist/tex/generic/pdfescape/pdfescape.sty
Package: pdfescape 2019/12/09 v1.15 Implements pdfTeX's escape features (HO)
)
(/usr/local/texlive/2022/texmf-dist/tex/latex/hycolor/hycolor.sty
Package: hycolor 2020-01-27 v1.10 Color options for hyperref/bookmark (HO)
)
(/usr/local/texlive/2022/texmf-dist/tex/latex/letltxmacro/letltxmacro.sty
Package: letltxmacro 2019/12/03 v1.6 Let assignment for LaTeX macros (HO)
)
(/usr/local/texlive/2022/texmf-dist/tex/latex/auxhook/auxhook.sty
Package: auxhook 2019-12-17 v1.6 Hooks for auxiliary files (HO)
)
(/usr/local/texlive/2022/texmf-dist/tex/latex/hyperref/nameref.sty
Package: nameref 2022-05-17 v2.50 Cross-referencing by name of section

(/usr/local/texlive/2022/texmf-dist/tex/latex/refcount/refcount.sty
Package: refcount 2019/12/15 v3.6 Data extraction from label references (HO)
)
(/usr/local/texlive/2022/texmf-dist/tex/generic/gettitlestring/gettitlestring.s
ty
Package: gettitlestring 2019/12/15 v1.6 Cleanup title references (HO)
 (/usr/local/texlive/2022/texmf-dist/tex/latex/kvoptions/kvoptions.sty
Package: kvoptions 2022-06-15 v3.15 Key value format for package options (HO)
))
\c@section@level=\count279
)
\@linkdim=\dimen151
\Hy@linkcounter=\count280
\Hy@pagecounter=\count281

(/usr/local/texlive/2022/texmf-dist/tex/latex/hyperref/pd1enc.def
File: pd1enc.def 2022-11-13 v7.00u Hyperref: PDFDocEncoding definition (HO)
Now handling font encoding PD1 ...
... no UTF-8 mapping file for font encoding PD1
)
(/usr/local/texlive/2022/texmf-dist/tex/generic/intcalc/intcalc.sty
Package: intcalc 2019/12/15 v1.3 Expandable calculations with integers (HO)
)
(/usr/local/texlive/2022/texmf-dist/tex/generic/etexcmds/etexcmds.sty
Package: etexcmds 2019/12/15 v1.7 Avoid name clashes with e-TeX commands (HO)
)
\Hy@SavedSpaceFactor=\count282

(/usr/local/texlive/2022/texmf-dist/tex/latex/hyperref/puenc.def
File: puenc.def 2022-11-13 v7.00u Hyperref: PDF Unicode definition (HO)
Now handling font encoding PU ...
... no UTF-8 mapping file for font encoding PU
)
Package hyperref Info: Hyper figures OFF on input line 4162.
Package hyperref Info: Link nesting OFF on input line 4167.
Package hyperref Info: Hyper index ON on input line 4170.
Package hyperref Info: Plain pages OFF on input line 4177.
Package hyperref Info: Backreferencing OFF on input line 4182.
Package hyperref Info: Implicit mode ON; LaTeX internals redefined.
Package hyperref Info: Bookmarks ON on input line 4410.
\c@Hy@tempcnt=\count283
LaTeX Info: Redefining \url on input line 4748.
\XeTeXLinkMargin=\dimen152

(/usr/local/texlive/2022/texmf-dist/tex/generic/bitset/bitset.sty
Package: bitset 2019/12/09 v1.3 Handle bit-vector datatype (HO)

(/usr/local/texlive/2022/texmf-dist/tex/generic/bigintcalc/bigintcalc.sty
Package: bigintcalc 2019/12/15 v1.5 Expandable calculations on big integers (HO
)
))
\Fld@menulength=\count284
\Field@Width=\dimen153
\Fld@charsize=\dimen154
Package hyperref Info: Hyper figures OFF on input line 6027.
Package hyperref Info: Link nesting OFF on input line 6032.
Package hyperref Info: Hyper index ON on input line 6035.
Package hyperref Info: backreferencing OFF on input line 6042.
Package hyperref Info: Link coloring OFF on input line 6047.
Package hyperref Info: Link coloring with OCG OFF on input line 6052.
Package hyperref Info: PDF/A mode OFF on input line 6057.

(/usr/local/texlive/2022/texmf-dist/tex/latex/base/atbegshi-ltx.sty
Package: atbegshi-ltx 2021/01/10 v1.0c Emulation of the original atbegshi
package with kernel methods
)
\Hy@abspage=\count285
\c@Item=\count286
\c@Hfootnote=\count287
)
Package hyperref Info: Driver (autodetected): hpdftex.

(/usr/local/texlive/2022/texmf-dist/tex/latex/hyperref/hpdftex.def
File: hpdftex.def 2022-11-13 v7.00u Hyperref driver for pdfTeX

(/usr/local/texlive/2022/texmf-dist/tex/latex/base/atveryend-ltx.sty
Package: atveryend-ltx 2020/08/19 v1.0a Emulation of the original atveryend pac
kage
with kernel methods
)
\Fld@listcount=\count288
\c@bookmark@seq@number=\count289

(/usr/local/texlive/2022/texmf-dist/tex/latex/rerunfilecheck/rerunfilecheck.sty
Package: rerunfilecheck 2022-07-10 v1.10 Rerun checks for auxiliary files (HO)

(/usr/local/texlive/2022/texmf-dist/tex/generic/uniquecounter/uniquecounter.sty
Package: uniquecounter 2019/12/15 v1.4 Provide unlimited unique counter (HO)
)
Package uniquecounter Info: New unique counter `rerunfilecheck' on input line 2
85.
)
\Hy@SectionHShift=\skip58
)

Package hyperref Warning: Option `hyperindex' has already been used,
(hyperref)                setting the option has no effect on input line 391.

Package hyperref Info: Option `colorlinks' set `true' on input line 391.

Package hyperref Warning: Option `pagebackref' has already been used,
(hyperref)                setting the option has no effect on input line 391.

Package hyperref Info: Option `linktocpage' set `true' on input line 391.
Package hyperref Info: Option `plainpages' set `false' on input line 391.
) (/usr/local/texlive/2022/texmf-dist/tex/latex/base/makeidx.sty
Package: makeidx 2021/10/04 v1.0m Standard LaTeX package
)
(/usr/local/texlive/2022/texmf-dist/tex/latex/base/inputenc.sty
Package: inputenc 2021/02/14 v1.3d Input encoding file
\inpenc@prehook=\toks26
\inpenc@posthook=\toks27
)
\@indexfile=\write3
\openout3 = `Rd2.idx'.


Writing index file Rd2.idx
LaTeX Font Info:    Trying to load font information for T1+ptm on input line 8.

(/usr/local/texlive/2022/texmf-dist/tex/latex/psnfss/t1ptm.fd
File: t1ptm.fd 2001/06/04 font definitions for T1/ptm.
)
(/usr/local/texlive/2022/texmf-dist/tex/latex/l3backend/l3backend-pdftex.def
File: l3backend-pdftex.def 2022-10-26 L3 backend support: PDF output (pdfTeX)
\l__color_backend_stack_int=\count290
\l__pdf_internal_box=\box58
)
(/private/var/folders/yz/3s5p1pss4352wtlzt9_bzbp00000gp/T/RtmpqCWvEK/Rd2pdf8342
602963a8/Rd2.aux)
\openout1 = `Rd2.aux'.

LaTeX Font Info:    Checking defaults for OML/cmm/m/it on input line 8.
LaTeX Font Info:    ... okay on input line 8.
LaTeX Font Info:    Checking defaults for OMS/cmsy/m/n on input line 8.
LaTeX Font Info:    ... okay on input line 8.
LaTeX Font Info:    Checking defaults for OT1/cmr/m/n on input line 8.
LaTeX Font Info:    ... okay on input line 8.
LaTeX Font Info:    Checking defaults for T1/cmr/m/n on input line 8.
LaTeX Font Info:    ... okay on input line 8.
LaTeX Font Info:    Checking defaults for TS1/cmr/m/n on input line 8.
LaTeX Font Info:    ... okay on input line 8.
LaTeX Font Info:    Checking defaults for OMX/cmex/m/n on input line 8.
LaTeX Font Info:    ... okay on input line 8.
LaTeX Font Info:    Checking defaults for U/cmr/m/n on input line 8.
LaTeX Font Info:    ... okay on input line 8.
LaTeX Font Info:    Checking defaults for PD1/pdf/m/n on input line 8.
LaTeX Font Info:    ... okay on input line 8.
LaTeX Font Info:    Checking defaults for PU/pdf/m/n on input line 8.
LaTeX Font Info:    ... okay on input line 8.

(/usr/local/texlive/2022/texmf-dist/tex/context/base/mkii/supp-pdf.mkii
[Loading MPS to PDF converter (version 2006.09.02).]
\scratchcounter=\count291
\scratchdimen=\dimen155
\scratchbox=\box59
\nofMPsegments=\count292
\nofMParguments=\count293
\everyMPshowfont=\toks28
\MPscratchCnt=\count294
\MPscratchDim=\dimen156
\MPnumerator=\count295
\makeMPintoPDFobject=\count296
\everyMPtoPDFconversion=\toks29
)
Package hyperref Info: Link coloring ON on input line 8.

(/private/var/folders/yz/3s5p1pss4352wtlzt9_bzbp00000gp/T/RtmpqCWvEK/Rd2pdf8342
602963a8/Rd2.out)
(/private/var/folders/yz/3s5p1pss4352wtlzt9_bzbp00000gp/T/RtmpqCWvEK/Rd2pdf8342
602963a8/Rd2.out)
\@outlinefile=\write4
\openout4 = `Rd2.out'.

LaTeX Font Info:    Trying to load font information for T1+zi4 on input line 29
.

(/usr/local/texlive/2022/texmf-dist/tex/latex/inconsolata/t1zi4.fd
File: t1zi4.fd 2018/01/14 T1/zi4 (Inconsolata)
)
LaTeX Font Info:    Font shape `T1/zi4/m/n' will be
(Font)              scaled to size 10.0pt on input line 29.
LaTeX Font Info:    Trying to load font information for U+msa on input line 29.


(/usr/local/texlive/2022/texmf-dist/tex/latex/amsfonts/umsa.fd
File: umsa.fd 2013/01/14 v3.01 AMS symbols A
)
LaTeX Font Info:    Trying to load font information for U+msb on input line 29.


(/usr/local/texlive/2022/texmf-dist/tex/latex/amsfonts/umsb.fd
File: umsb.fd 2013/01/14 v3.01 AMS symbols B
)
LaTeX Font Info:    Trying to load font information for U+rsfs on input line 29
.

(/usr/local/texlive/2022/texmf-dist/tex/latex/jknapltx/ursfs.fd
File: ursfs.fd 1998/03/24 rsfs font definition file (jk)
)
LaTeX Font Info:    Trying to load font information for TS1+ptm on input line 5
0.

(/usr/local/texlive/2022/texmf-dist/tex/latex/psnfss/ts1ptm.fd
File: ts1ptm.fd 2001/06/04 font definitions for TS1/ptm.
) [1


{/usr/local/texlive/2022/texmf-var/fonts/map/pdftex/updmap/pdftex.map}]
LaTeX Font Info:    Trying to load font information for T1+phv on input line 66
.

(/usr/local/texlive/2022/texmf-dist/tex/latex/psnfss/t1phv.fd
File: t1phv.fd 2020/03/25 scalable font definitions for T1/phv.
)
(/private/var/folders/yz/3s5p1pss4352wtlzt9_bzbp00000gp/T/RtmpqCWvEK/Rd2pdf8342
602963a8/Rd2.toc)
\tf@toc=\write5
\openout5 = `Rd2.toc'.

 [2] [3]
LaTeX Font Info:    Font shape `T1/zi4/m/n' will be
(Font)              scaled to size 9.0pt on input line 166.
 [4]
LaTeX Font Info:    Trying to load font information for TS1+zi4 on input line 2
12.

(/usr/local/texlive/2022/texmf-dist/tex/latex/inconsolata/ts1zi4.fd
File: ts1zi4.fd 2018/01/14 TS1/zi4 (Inconsolata)
)
LaTeX Font Info:    Font shape `TS1/zi4/m/n' will be
(Font)              scaled to size 10.0pt on input line 212.
 [5]
[6]
Overfull \hbox (9.64977pt too wide) in paragraph at lines 338--346
[]\T1/ptm/m/n/10 Other sig-nal pro-cess-ing: [][][]\T1/zi4/m/n/10 peaks_find[][
][]()[]\T1/ptm/m/n/10 , [][][]\T1/zi4/m/n/10 peaks_search[][][]()[]\T1/ptm/m/n/
10 , [][][]\T1/zi4/m/n/10 signal_integrate[][][]()[]\T1/ptm/m/n/10 , [][][]\T1/
zi4/m/n/10 signal_slice[][][]()[]\T1/ptm/m/n/10 ,
 []


Overfull \hbox (55.53017pt too wide) in paragraph at lines 396--402
[]\T1/ptm/m/n/10 Other class: [][][]\T1/zi4/m/n/10 CalibrationCurve-class[][][]
[]\T1/ptm/m/n/10 , [][][]\T1/zi4/m/n/10 GammaSpectra-class[][][][]\T1/ptm/m/n/1
0 , [][][]\T1/zi4/m/n/10 GammaSpectrum-class[][][][]\T1/ptm/m/n/10 , [][][]\T1/
zi4/m/n/10 PeakPosition-class[][][][]\T1/ptm/m/n/10 ,
 []

[7] [8]
Overfull \hbox (15.53017pt too wide) in paragraph at lines 531--537
[]\T1/ptm/m/n/10 Other class: [][][]\T1/zi4/m/n/10 Baseline-class[][][][]\T1/pt
m/m/n/10 , [][][]\T1/zi4/m/n/10 GammaSpectra-class[][][][]\T1/ptm/m/n/10 , [][]
[]\T1/zi4/m/n/10 GammaSpectrum-class[][][][]\T1/ptm/m/n/10 , [][][]\T1/zi4/m/n/
10 PeakPosition-class[][][][]\T1/ptm/m/n/10 ,
 []

[9]
Overfull \hbox (35.53017pt too wide) in paragraph at lines 604--610
[]\T1/ptm/m/n/10 Other class: [][][]\T1/zi4/m/n/10 Baseline-class[][][][]\T1/pt
m/m/n/10 , [][][]\T1/zi4/m/n/10 CalibrationCurve-class[][][][]\T1/ptm/m/n/10 , 
[][][]\T1/zi4/m/n/10 GammaSpectra-class[][][][]\T1/ptm/m/n/10 , [][][]\T1/zi4/m
/n/10 GammaSpectrum-class[][][][]\T1/ptm/m/n/10 ,
 []

[10] [11] [12] [13] [14] [15] [16]
Overfull \hbox (8.11859pt too wide) in paragraph at lines 1012--1015
[]\T1/ptm/m/n/10 Extracts the el-e-ments se-lected by sub-script []\T1/zi4/m/n/
10 i[]\T1/ptm/m/n/10 . []\T1/zi4/m/n/10 i []\T1/ptm/m/n/10 can be []\T1/zi4/m/n
/10 missing []\T1/ptm/m/n/10 or []\T1/zi4/m/n/10 NULL[]\T1/ptm/m/n/10 , []\T1/z
i4/m/n/10 numeric []\T1/ptm/m/n/10 or []\T1/zi4/m/n/10 character
 []


Overfull \hbox (35.53017pt too wide) in paragraph at lines 1030--1036
[]\T1/ptm/m/n/10 Other class: [][][]\T1/zi4/m/n/10 Baseline-class[][][][]\T1/pt
m/m/n/10 , [][][]\T1/zi4/m/n/10 CalibrationCurve-class[][][][]\T1/ptm/m/n/10 , 
[][][]\T1/zi4/m/n/10 GammaSpectrum-class[][][][]\T1/ptm/m/n/10 , [][][]\T1/zi4/
m/n/10 PeakPosition-class[][][][]\T1/ptm/m/n/10 ,
 []

LaTeX Font Info:    Font shape `TS1/zi4/m/n' will be
(Font)              scaled to size 9.0pt on input line 1060.
[17] [18]
Overfull \hbox (30.53017pt too wide) in paragraph at lines 1166--1172
[]\T1/ptm/m/n/10 Other class: [][][]\T1/zi4/m/n/10 Baseline-class[][][][]\T1/pt
m/m/n/10 , [][][]\T1/zi4/m/n/10 CalibrationCurve-class[][][][]\T1/ptm/m/n/10 , 
[][][]\T1/zi4/m/n/10 GammaSpectra-class[][][][]\T1/ptm/m/n/10 , [][][]\T1/zi4/m
/n/10 PeakPosition-class[][][][]\T1/ptm/m/n/10 ,
 []

[19] [20]
Underfull \vbox (badness 10000) has occurred while \output is active []

 [21]
[22] [23]
Overfull \hbox (19.56018pt too wide) in paragraph at lines 1494--1500
[]\T1/ptm/m/n/10 "[]\T1/zi4/m/n/10 abs[]\T1/ptm/m/n/10 ", "[]\T1/zi4/m/n/10 sig
n[]\T1/ptm/m/n/10 ", "[]\T1/zi4/m/n/10 sqrt[]\T1/ptm/m/n/10 ", "[]\T1/zi4/m/n/1
0 ceiling[]\T1/ptm/m/n/10 ", "[]\T1/zi4/m/n/10 floor[]\T1/ptm/m/n/10 ", "[]\T1/
zi4/m/n/10 trunc[]\T1/ptm/m/n/10 ", "[]\T1/zi4/m/n/10 cummax[]\T1/ptm/m/n/10 ",
 "[]\T1/zi4/m/n/10 cummin[]\T1/ptm/m/n/10 ", "[]\T1/zi4/m/n/10 cumprod[]\T1/ptm
/m/n/10 ", "[]\T1/zi4/m/n/10 cumsum[]\T1/ptm/m/n/10 ",
 []

[24]
Overfull \hbox (35.53017pt too wide) in paragraph at lines 1603--1609
[]\T1/ptm/m/n/10 Other class: [][][]\T1/zi4/m/n/10 Baseline-class[][][][]\T1/pt
m/m/n/10 , [][][]\T1/zi4/m/n/10 CalibrationCurve-class[][][][]\T1/ptm/m/n/10 , 
[][][]\T1/zi4/m/n/10 GammaSpectra-class[][][][]\T1/ptm/m/n/10 , [][][]\T1/zi4/m
/n/10 GammaSpectrum-class[][][][]\T1/ptm/m/n/10 ,
 []

[25] [26]
Overfull \hbox (54.16978pt too wide) in paragraph at lines 1754--1762
[]\T1/ptm/m/n/10 Other sig-nal pro-cess-ing: [][][]\T1/zi4/m/n/10 baseline[][][
][]\T1/ptm/m/n/10 , [][][]\T1/zi4/m/n/10 peaks_find[][][]()[]\T1/ptm/m/n/10 , [
][][]\T1/zi4/m/n/10 signal_integrate[][][]()[]\T1/ptm/m/n/10 , [][][]\T1/zi4/m/
n/10 signal_slice[][][]()[]\T1/ptm/m/n/10 , [][][]\T1/zi4/m/n/10 signal_split[]
[][]()[]\T1/ptm/m/n/10 ,
 []

[27] [28] [29] [30] [31]
Overfull \hbox (34.16978pt too wide) in paragraph at lines 2064--2072
[]\T1/ptm/m/n/10 Other sig-nal pro-cess-ing: [][][]\T1/zi4/m/n/10 baseline[][][
][]\T1/ptm/m/n/10 , [][][]\T1/zi4/m/n/10 peaks_find[][][]()[]\T1/ptm/m/n/10 , [
][][]\T1/zi4/m/n/10 peaks_search[][][]()[]\T1/ptm/m/n/10 , [][][]\T1/zi4/m/n/10
 signal_slice[][][]()[]\T1/ptm/m/n/10 , [][][]\T1/zi4/m/n/10 signal_split[][][]
()[]\T1/ptm/m/n/10 ,
 []

[32]
Overfull \hbox (54.16978pt too wide) in paragraph at lines 2127--2135
[]\T1/ptm/m/n/10 Other sig-nal pro-cess-ing: [][][]\T1/zi4/m/n/10 baseline[][][
][]\T1/ptm/m/n/10 , [][][]\T1/zi4/m/n/10 peaks_find[][][]()[]\T1/ptm/m/n/10 , [
][][]\T1/zi4/m/n/10 peaks_search[][][]()[]\T1/ptm/m/n/10 , [][][]\T1/zi4/m/n/10
 signal_integrate[][][]()[]\T1/ptm/m/n/10 , [][][]\T1/zi4/m/n/10 signal_split[]
[][]()[]\T1/ptm/m/n/10 ,
 []

[33]
Overfull \hbox (54.16978pt too wide) in paragraph at lines 2201--2209
[]\T1/ptm/m/n/10 Other sig-nal pro-cess-ing: [][][]\T1/zi4/m/n/10 baseline[][][
][]\T1/ptm/m/n/10 , [][][]\T1/zi4/m/n/10 peaks_find[][][]()[]\T1/ptm/m/n/10 , [
][][]\T1/zi4/m/n/10 peaks_search[][][]()[]\T1/ptm/m/n/10 , [][][]\T1/zi4/m/n/10
 signal_integrate[][][]()[]\T1/ptm/m/n/10 , [][][]\T1/zi4/m/n/10 signal_slice[]
[][]()[]\T1/ptm/m/n/10 ,
 []

[34]
Overfull \hbox (54.16978pt too wide) in paragraph at lines 2285--2293
[]\T1/ptm/m/n/10 Other sig-nal pro-cess-ing: [][][]\T1/zi4/m/n/10 baseline[][][
][]\T1/ptm/m/n/10 , [][][]\T1/zi4/m/n/10 peaks_find[][][]()[]\T1/ptm/m/n/10 , [
][][]\T1/zi4/m/n/10 peaks_search[][][]()[]\T1/ptm/m/n/10 , [][][]\T1/zi4/m/n/10
 signal_integrate[][][]()[]\T1/ptm/m/n/10 , [][][]\T1/zi4/m/n/10 signal_slice[]
[][]()[]\T1/ptm/m/n/10 ,
 []

[35] [36]
Overfull \hbox (54.16978pt too wide) in paragraph at lines 2415--2423
[]\T1/ptm/m/n/10 Other sig-nal pro-cess-ing: [][][]\T1/zi4/m/n/10 baseline[][][
][]\T1/ptm/m/n/10 , [][][]\T1/zi4/m/n/10 peaks_find[][][]()[]\T1/ptm/m/n/10 , [
][][]\T1/zi4/m/n/10 peaks_search[][][]()[]\T1/ptm/m/n/10 , [][][]\T1/zi4/m/n/10
 signal_integrate[][][]()[]\T1/ptm/m/n/10 , [][][]\T1/zi4/m/n/10 signal_slice[]
[][]()[]\T1/ptm/m/n/10 ,
 []

[37] [38]
(/private/var/folders/yz/3s5p1pss4352wtlzt9_bzbp00000gp/T/RtmpqCWvEK/Rd2pdf8342
602963a8/Rd2.ind [39]

LaTeX Font Warning: Font shape `T1/zi4/m/it' undefined
(Font)              using `T1/zi4/m/n' instead on input line 43.

LaTeX Font Info:    Font shape `T1/zi4/m/it' will be
(Font)              scaled to size 10.0pt on input line 45.

Overfull \hbox (10.8567pt too wide) in paragraph at lines 72--74
[]\T1/zi4/m/it/10 Arith,GammaSpectrum,GammaSpectrum-method 
 []


Overfull \hbox (5.8567pt too wide) in paragraph at lines 105--107
[]\T1/zi4/m/it/10 baseline_rubberband,GammaSpectra-method 
 []


Overfull \hbox (10.8567pt too wide) in paragraph at lines 107--109
[]\T1/zi4/m/it/10 baseline_rubberband,GammaSpectrum-method 
 []

[40

]
Overfull \hbox (20.8567pt too wide) in paragraph at lines 141--143
[]\T1/zi4/m/it/10 Compare,GammaSpectrum,GammaSpectrum-method 
 []


Overfull \hbox (5.8567pt too wide) in paragraph at lines 157--159
[]\T1/zi4/m/it/10 dose_fit,GammaSpectra,data.frame-method 
 []


Overfull \hbox (75.8567pt too wide) in paragraph at lines 159--161
[]\T1/zi4/m/it/10 dose_fit,GammaSpectra,GammaSpectrum,data.frame-method 
 []


Overfull \hbox (55.8567pt too wide) in paragraph at lines 161--163
[]\T1/zi4/m/it/10 dose_fit,GammaSpectra,GammaSpectrum,matrix-method 
 []


Overfull \hbox (55.8567pt too wide) in paragraph at lines 167--169
[]\T1/zi4/m/it/10 dose_predict,CalibrationCurve,GammaSpectra-method 
 []


Overfull \hbox (60.8567pt too wide) in paragraph at lines 169--171
[]\T1/zi4/m/it/10 dose_predict,CalibrationCurve,GammaSpectrum-method 
 []


Overfull \hbox (30.8567pt too wide) in paragraph at lines 171--173
[]\T1/zi4/m/it/10 dose_predict,CalibrationCurve,missing-method 
 []


Overfull \hbox (20.8567pt too wide) in paragraph at lines 186--188
[]\T1/zi4/m/it/10 energy_calibrate,GammaSpectrum,list-method 
 []


Overfull \hbox (60.8567pt too wide) in paragraph at lines 188--190
[]\T1/zi4/m/it/10 energy_calibrate,GammaSpectrum,PeakPosition-method 
 []

[41]
Overfull \hbox (10.8567pt too wide) in paragraph at lines 341--343
[]\T1/zi4/m/it/10 Logic,GammaSpectrum,GammaSpectrum-method 
 []


Overfull \hbox (15.8567pt too wide) in paragraph at lines 399--401
[]\T1/zi4/m/it/10 peaks_search,GammaSpectrum,integer-method 
 []


Overfull \hbox (15.8567pt too wide) in paragraph at lines 401--403
[]\T1/zi4/m/it/10 peaks_search,GammaSpectrum,numeric-method 
 []


Overfull \hbox (0.8567pt too wide) in paragraph at lines 414--416
[]\T1/zi4/m/it/10 plot,GammaSpectrum,PeakPosition-method 
 []


Overfull \hbox (0.8567pt too wide) in paragraph at lines 450--452
[]\T1/zi4/m/it/10 set_energy,PeakPosition,numeric-method 
 []


Overfull \hbox (10.8567pt too wide) in paragraph at lines 456--458
[]\T1/zi4/m/it/10 set_energy<-,PeakPosition,numeric-method 
 []

[42]
Overfull \hbox (60.8567pt too wide) in paragraph at lines 497--499
[]\T1/zi4/m/it/10 signal_integrate,GammaSpectra,GammaSpectrum-method 
 []


Overfull \hbox (30.8567pt too wide) in paragraph at lines 499--501
[]\T1/zi4/m/it/10 signal_integrate,GammaSpectra,missing-method 
 []


Overfull \hbox (30.8567pt too wide) in paragraph at lines 501--503
[]\T1/zi4/m/it/10 signal_integrate,GammaSpectra,numeric-method 
 []


Overfull \hbox (65.8567pt too wide) in paragraph at lines 503--505
[]\T1/zi4/m/it/10 signal_integrate,GammaSpectrum,GammaSpectrum-method 
 []


Overfull \hbox (35.8567pt too wide) in paragraph at lines 505--507
[]\T1/zi4/m/it/10 signal_integrate,GammaSpectrum,missing-method 
 []


Overfull \hbox (35.8567pt too wide) in paragraph at lines 507--509
[]\T1/zi4/m/it/10 signal_integrate,GammaSpectrum,numeric-method 
 []


Overfull \hbox (0.8567pt too wide) in paragraph at lines 555--557
[]\T1/zi4/m/it/10 smooth_rectangular,GammaSpectra-method 
 []


Overfull \hbox (5.8567pt too wide) in paragraph at lines 557--559
[]\T1/zi4/m/it/10 smooth_rectangular,GammaSpectrum-method 
 []


Overfull \hbox (0.8567pt too wide) in paragraph at lines 573--575
[]\T1/zi4/m/it/10 smooth_triangular,GammaSpectrum-method 
 []

[43])
(/private/var/folders/yz/3s5p1pss4352wtlzt9_bzbp00000gp/T/RtmpqCWvEK/Rd2pdf8342
602963a8/Rd2.aux)

LaTeX Font Warning: Some font shapes were not available, defaults substituted.

Package rerunfilecheck Info: File `Rd2.out' has not changed.
(rerunfilecheck)             Checksum: 643669DCDE4C0691881A4CAAD2974CA2;3083.
 ) 
Here is how much of TeX's memory you used:
 10927 strings out of 476093
 173054 string characters out of 5791584
 1865793 words of memory out of 5000000
 30618 multiletter control sequences out of 15000+600000
 552512 words of font info for 81 fonts, out of 8000000 for 9000
 1141 hyphenation exceptions out of 8191
 89i,6n,93p,446b,728s stack positions out of 10000i,1000n,20000p,200000b,200000s

pdfTeX warning (dest): name{Rfn.function} has been referenced but does not exis
t, replaced by a fixed one


pdfTeX warning (dest): name{Rfn.split} has been referenced but does not exist, 
replaced by a fixed one


pdfTeX warning (dest): name{Rfn.factor} has been referenced but does not exist,
 replaced by a fixed one


pdfTeX warning (dest): name{Rfn.rxylib::read.Rul.xyData\(\)} has been reference
d but does not exist, replaced by a fixed one


pdfTeX warning (dest): name{Rfn.IsoplotR::isochron\(\)} has been referenced but
 does not exist, replaced by a fixed one


pdfTeX warning (dest): name{Rfn.IsoplotR::ellipse\(\)} has been referenced but 
does not exist, replaced by a fixed one


pdfTeX warning (dest): name{Rfn.ggplot2::ggplot} has been referenced but does n
ot exist, replaced by a fixed one


pdfTeX warning (dest): name{Rfn.signif} has been referenced but does not exist,
 replaced by a fixed one


pdfTeX warning (dest): name{Rfn.round} has been referenced but does not exist, 
replaced by a fixed one


pdfTeX warning (dest): name{Rfn.NA} has been referenced but does not exist, rep
laced by a fixed one


pdfTeX warning (dest): name{Rfn.linear\040model} has been referenced but does n
ot exist, replaced by a fixed one


pdfTeX warning (dest): name{Rfn.as.integer} has been referenced but does not ex
ist, replaced by a fixed one


pdfTeX warning (dest): name{Rfn.POSIXct} has been referenced but does not exist
, replaced by a fixed one


pdfTeX warning (dest): name{Rfn.matrix} has been referenced but does not exist,
 replaced by a fixed one


pdfTeX warning (dest): name{Rfn.data.frame} has been referenced but does not ex
ist, replaced by a fixed one


pdfTeX warning (dest): name{Rfn.list} has been referenced but does not exist, r
eplaced by a fixed one


pdfTeX warning (dest): name{Rfn.hyperSpec::spc.rubberband\(\)} has been referen
ced but does not exist, replaced by a fixed one


pdfTeX warning (dest): name{Rfn.logical} has been referenced but does not exist
, replaced by a fixed one


pdfTeX warning (dest): name{Rfn.numeric} has been referenced but does not exist
, replaced by a fixed one


pdfTeX warning (dest): name{Rfn.integer} has been referenced but does not exist
, replaced by a fixed one


pdfTeX warning (dest): name{Rfn.character} has been referenced but does not exi
st, replaced by a fixed one

{/usr/local/texlive/2022/texmf-dist/fonts/enc/dvips/inconsolata/i4-ts1.enc}{/us
r/local/texlive/2022/texmf-dist/fonts/enc/dvips/base/8r.enc}{/usr/local/texlive
/2022/texmf-dist/fonts/enc/dvips/inconsolata/i4-t1-0.enc}</usr/local/texlive/20
22/texmf-dist/fonts/type1/public/inconsolata/Inconsolata-zi4r.pfb></usr/local/t
exlive/2022/texmf-dist/fonts/type1/public/amsfonts/cm/cmmi10.pfb></usr/local/te
xlive/2022/texmf-dist/fonts/type1/public/amsfonts/cm/cmr10.pfb></usr/local/texl
ive/2022/texmf-dist/fonts/type1/public/amsfonts/cm/cmsy10.pfb></usr/local/texli
ve/2022/texmf-dist/fonts/type1/urw/helvetic/uhvr8a.pfb></usr/local/texlive/2022
/texmf-dist/fonts/type1/urw/times/utmb8a.pfb></usr/local/texlive/2022/texmf-dis
t/fonts/type1/urw/times/utmr8a.pfb></usr/local/texlive/2022/texmf-dist/fonts/ty
pe1/urw/times/utmr8a.pfb></usr/local/texlive/2022/texmf-dist/fonts/type1/urw/ti
mes/utmri8a.pfb>
Output written on Rd2.pdf (43 pages, 223020 bytes).
PDF statistics:
 1613 PDF objects out of 1728 (max. 8388607)
 1533 compressed objects within 16 object streams
 496 named destinations out of 1000 (max. 500000)
 233 words of extra memory for PDF output out of 10000 (max. 10000000)

