Hmm ... looks like a package
Converting parsed Rd's to LaTeX ..
Creating pdf output from LaTeX ...

This is pdfTeX, Version 3.141592653-2.6-1.40.24 (TeX Live 2022) (preloaded format=pdflatex)
 restricted \write18 enabled.
entering extended mode
LaTeX2e <2022-11-01> patch level 1
L3 programming layer <2022-12-17>
(./Rd2.tex
(/usr/local/texlive/2022/texmf-dist/tex/latex/base/book.cls
Document Class: book 2022/07/02 v1.4n Standard LaTeX document class
(/usr/local/texlive/2022/texmf-dist/tex/latex/base/bk10.clo))
(/Library/Frameworks/R.framework/Resources/share/texmf/tex/latex/Rd.sty
(/usr/local/texlive/2022/texmf-dist/tex/latex/base/ifthen.sty)
(/usr/local/texlive/2022/texmf-dist/tex/latex/tools/longtable.sty)
(/usr/local/texlive/2022/texmf-dist/tex/latex/tools/bm.sty)
(/usr/local/texlive/2022/texmf-dist/tex/latex/base/alltt.sty)
(/usr/local/texlive/2022/texmf-dist/tex/latex/tools/verbatim.sty)
(/usr/local/texlive/2022/texmf-dist/tex/latex/url/url.sty)
(/usr/local/texlive/2022/texmf-dist/tex/latex/base/textcomp.sty)
(/usr/local/texlive/2022/texmf-dist/tex/latex/amsmath/amsmath.sty
For additional information on amsmath, use the `?' option.
(/usr/local/texlive/2022/texmf-dist/tex/latex/amsmath/amstext.sty
(/usr/local/texlive/2022/texmf-dist/tex/latex/amsmath/amsgen.sty))
(/usr/local/texlive/2022/texmf-dist/tex/latex/amsmath/amsbsy.sty)
(/usr/local/texlive/2022/texmf-dist/tex/latex/amsmath/amsopn.sty))
(/usr/local/texlive/2022/texmf-dist/tex/latex/amsfonts/amsfonts.sty)
(/usr/local/texlive/2022/texmf-dist/tex/latex/amsfonts/amssymb.sty)
(/usr/local/texlive/2022/texmf-dist/tex/latex/jknapltx/mathrsfs.sty)
(/usr/local/texlive/2022/texmf-dist/tex/generic/iftex/iftex.sty)
(/usr/local/texlive/2022/texmf-dist/tex/latex/base/fontenc.sty)
(/usr/local/texlive/2022/texmf-dist/tex/latex/psnfss/times.sty)
(/usr/local/texlive/2022/texmf-dist/tex/latex/inconsolata/zi4.sty
`inconsolata-zi4' v1.12, 2019/05/17 Text macros for Inconsolata (msharpe)
(/usr/local/texlive/2022/texmf-dist/tex/latex/xkeyval/xkeyval.sty
(/usr/local/texlive/2022/texmf-dist/tex/generic/xkeyval/xkeyval.tex
(/usr/local/texlive/2022/texmf-dist/tex/generic/xkeyval/xkvutils.tex
(/usr/local/texlive/2022/texmf-dist/tex/generic/xkeyval/keyval.tex)))))
(/usr/local/texlive/2022/texmf-dist/tex/latex/graphics/color.sty
(/usr/local/texlive/2022/texmf-dist/tex/latex/graphics-cfg/color.cfg)
(/usr/local/texlive/2022/texmf-dist/tex/latex/graphics-def/pdftex.def)
(/usr/local/texlive/2022/texmf-dist/tex/latex/graphics/mathcolor.ltx))
(/usr/local/texlive/2022/texmf-dist/tex/latex/hyperref/hyperref.sty
(/usr/local/texlive/2022/texmf-dist/tex/generic/ltxcmds/ltxcmds.sty)
(/usr/local/texlive/2022/texmf-dist/tex/generic/pdftexcmds/pdftexcmds.sty
(/usr/local/texlive/2022/texmf-dist/tex/generic/infwarerr/infwarerr.sty))
(/usr/local/texlive/2022/texmf-dist/tex/latex/kvsetkeys/kvsetkeys.sty)
(/usr/local/texlive/2022/texmf-dist/tex/generic/kvdefinekeys/kvdefinekeys.sty)
(/usr/local/texlive/2022/texmf-dist/tex/generic/pdfescape/pdfescape.sty)
(/usr/local/texlive/2022/texmf-dist/tex/latex/hycolor/hycolor.sty)
(/usr/local/texlive/2022/texmf-dist/tex/latex/letltxmacro/letltxmacro.sty)
(/usr/local/texlive/2022/texmf-dist/tex/latex/auxhook/auxhook.sty)
(/usr/local/texlive/2022/texmf-dist/tex/latex/hyperref/nameref.sty
(/usr/local/texlive/2022/texmf-dist/tex/latex/refcount/refcount.sty)
(/usr/local/texlive/2022/texmf-dist/tex/generic/gettitlestring/gettitlestring.s
ty (/usr/local/texlive/2022/texmf-dist/tex/latex/kvoptions/kvoptions.sty)))
(/usr/local/texlive/2022/texmf-dist/tex/latex/hyperref/pd1enc.def)
(/usr/local/texlive/2022/texmf-dist/tex/generic/intcalc/intcalc.sty)
(/usr/local/texlive/2022/texmf-dist/tex/generic/etexcmds/etexcmds.sty)
(/usr/local/texlive/2022/texmf-dist/tex/latex/hyperref/puenc.def)
(/usr/local/texlive/2022/texmf-dist/tex/generic/bitset/bitset.sty
(/usr/local/texlive/2022/texmf-dist/tex/generic/bigintcalc/bigintcalc.sty))
(/usr/local/texlive/2022/texmf-dist/tex/latex/base/atbegshi-ltx.sty))
(/usr/local/texlive/2022/texmf-dist/tex/latex/hyperref/hpdftex.def
(/usr/local/texlive/2022/texmf-dist/tex/latex/base/atveryend-ltx.sty)
(/usr/local/texlive/2022/texmf-dist/tex/latex/rerunfilecheck/rerunfilecheck.sty

(/usr/local/texlive/2022/texmf-dist/tex/generic/uniquecounter/uniquecounter.sty
)))

Package hyperref Warning: Option `hyperindex' has already been used,
(hyperref)                setting the option has no effect on input line 391.


Package hyperref Warning: Option `pagebackref' has already been used,
(hyperref)                setting the option has no effect on input line 391.

) (/usr/local/texlive/2022/texmf-dist/tex/latex/base/makeidx.sty)
(/usr/local/texlive/2022/texmf-dist/tex/latex/base/inputenc.sty)
Writing index file Rd2.idx
(/usr/local/texlive/2022/texmf-dist/tex/latex/psnfss/t1ptm.fd)
(/usr/local/texlive/2022/texmf-dist/tex/latex/l3backend/l3backend-pdftex.def)
No file Rd2.aux.
(/usr/local/texlive/2022/texmf-dist/tex/context/base/mkii/supp-pdf.mkii
[Loading MPS to PDF converter (version 2006.09.02).]
) (/usr/local/texlive/2022/texmf-dist/tex/latex/inconsolata/t1zi4.fd)
(/usr/local/texlive/2022/texmf-dist/tex/latex/amsfonts/umsa.fd)
(/usr/local/texlive/2022/texmf-dist/tex/latex/amsfonts/umsb.fd)
(/usr/local/texlive/2022/texmf-dist/tex/latex/jknapltx/ursfs.fd)
(/usr/local/texlive/2022/texmf-dist/tex/latex/psnfss/ts1ptm.fd) [1{/usr/local/t
exlive/2022/texmf-var/fonts/map/pdftex/updmap/pdftex.map}]
(/usr/local/texlive/2022/texmf-dist/tex/latex/psnfss/t1phv.fd)
No file Rd2.toc.
[2] [3] (/usr/local/texlive/2022/texmf-dist/tex/latex/inconsolata/ts1zi4.fd)
[4] [5]
Overfull \hbox (9.64977pt too wide) in paragraph at lines 338--346
[]\T1/ptm/m/n/10 Other sig-nal pro-cess-ing: [][][]\T1/zi4/m/n/10 peaks_find[][
][]()[]\T1/ptm/m/n/10 , [][][]\T1/zi4/m/n/10 peaks_search[][][]()[]\T1/ptm/m/n/
10 , [][][]\T1/zi4/m/n/10 signal_integrate[][][]()[]\T1/ptm/m/n/10 , [][][]\T1/
zi4/m/n/10 signal_slice[][][]()[]\T1/ptm/m/n/10 ,
[6]
Overfull \hbox (55.53017pt too wide) in paragraph at lines 396--402
[]\T1/ptm/m/n/10 Other class: [][][]\T1/zi4/m/n/10 CalibrationCurve-class[][][]
[]\T1/ptm/m/n/10 , [][][]\T1/zi4/m/n/10 GammaSpectra-class[][][][]\T1/ptm/m/n/1
0 , [][][]\T1/zi4/m/n/10 GammaSpectrum-class[][][][]\T1/ptm/m/n/10 , [][][]\T1/
zi4/m/n/10 PeakPosition-class[][][][]\T1/ptm/m/n/10 ,
[7]
Overfull \hbox (15.53017pt too wide) in paragraph at lines 531--537
[]\T1/ptm/m/n/10 Other class: [][][]\T1/zi4/m/n/10 Baseline-class[][][][]\T1/pt
m/m/n/10 , [][][]\T1/zi4/m/n/10 GammaSpectra-class[][][][]\T1/ptm/m/n/10 , [][]
[]\T1/zi4/m/n/10 GammaSpectrum-class[][][][]\T1/ptm/m/n/10 , [][][]\T1/zi4/m/n/
10 PeakPosition-class[][][][]\T1/ptm/m/n/10 ,
[8] [9]
Overfull \hbox (35.53017pt too wide) in paragraph at lines 604--610
[]\T1/ptm/m/n/10 Other class: [][][]\T1/zi4/m/n/10 Baseline-class[][][][]\T1/pt
m/m/n/10 , [][][]\T1/zi4/m/n/10 CalibrationCurve-class[][][][]\T1/ptm/m/n/10 , 
[][][]\T1/zi4/m/n/10 GammaSpectra-class[][][][]\T1/ptm/m/n/10 , [][][]\T1/zi4/m
/n/10 GammaSpectrum-class[][][][]\T1/ptm/m/n/10 ,
[10] [11] [12] [13] [14] [15]
Overfull \hbox (8.11859pt too wide) in paragraph at lines 1012--1015
[]\T1/ptm/m/n/10 Extracts the el-e-ments se-lected by sub-script []\T1/zi4/m/n/
10 i[]\T1/ptm/m/n/10 . []\T1/zi4/m/n/10 i []\T1/ptm/m/n/10 can be []\T1/zi4/m/n
/10 missing []\T1/ptm/m/n/10 or []\T1/zi4/m/n/10 NULL[]\T1/ptm/m/n/10 , []\T1/z
i4/m/n/10 numeric []\T1/ptm/m/n/10 or []\T1/zi4/m/n/10 character

Overfull \hbox (35.53017pt too wide) in paragraph at lines 1030--1036
[]\T1/ptm/m/n/10 Other class: [][][]\T1/zi4/m/n/10 Baseline-class[][][][]\T1/pt
m/m/n/10 , [][][]\T1/zi4/m/n/10 CalibrationCurve-class[][][][]\T1/ptm/m/n/10 , 
[][][]\T1/zi4/m/n/10 GammaSpectrum-class[][][][]\T1/ptm/m/n/10 , [][][]\T1/zi4/
m/n/10 PeakPosition-class[][][][]\T1/ptm/m/n/10 ,
[16] [17]
Overfull \hbox (30.53017pt too wide) in paragraph at lines 1166--1172
[]\T1/ptm/m/n/10 Other class: [][][]\T1/zi4/m/n/10 Baseline-class[][][][]\T1/pt
m/m/n/10 , [][][]\T1/zi4/m/n/10 CalibrationCurve-class[][][][]\T1/ptm/m/n/10 , 
[][][]\T1/zi4/m/n/10 GammaSpectra-class[][][][]\T1/ptm/m/n/10 , [][][]\T1/zi4/m
/n/10 PeakPosition-class[][][][]\T1/ptm/m/n/10 ,
[18] [19]
Underfull \vbox (badness 10000) has occurred while \output is active [20]
[21] [22]
Overfull \hbox (19.56018pt too wide) in paragraph at lines 1494--1500
[]\T1/ptm/m/n/10 "[]\T1/zi4/m/n/10 abs[]\T1/ptm/m/n/10 ", "[]\T1/zi4/m/n/10 sig
n[]\T1/ptm/m/n/10 ", "[]\T1/zi4/m/n/10 sqrt[]\T1/ptm/m/n/10 ", "[]\T1/zi4/m/n/1
0 ceiling[]\T1/ptm/m/n/10 ", "[]\T1/zi4/m/n/10 floor[]\T1/ptm/m/n/10 ", "[]\T1/
zi4/m/n/10 trunc[]\T1/ptm/m/n/10 ", "[]\T1/zi4/m/n/10 cummax[]\T1/ptm/m/n/10 ",
 "[]\T1/zi4/m/n/10 cummin[]\T1/ptm/m/n/10 ", "[]\T1/zi4/m/n/10 cumprod[]\T1/ptm
/m/n/10 ", "[]\T1/zi4/m/n/10 cumsum[]\T1/ptm/m/n/10 ",
[23]
Overfull \hbox (35.53017pt too wide) in paragraph at lines 1603--1609
[]\T1/ptm/m/n/10 Other class: [][][]\T1/zi4/m/n/10 Baseline-class[][][][]\T1/pt
m/m/n/10 , [][][]\T1/zi4/m/n/10 CalibrationCurve-class[][][][]\T1/ptm/m/n/10 , 
[][][]\T1/zi4/m/n/10 GammaSpectra-class[][][][]\T1/ptm/m/n/10 , [][][]\T1/zi4/m
/n/10 GammaSpectrum-class[][][][]\T1/ptm/m/n/10 ,
[24] [25]
Overfull \hbox (54.16978pt too wide) in paragraph at lines 1754--1762
[]\T1/ptm/m/n/10 Other sig-nal pro-cess-ing: [][][]\T1/zi4/m/n/10 baseline[][][
][]\T1/ptm/m/n/10 , [][][]\T1/zi4/m/n/10 peaks_find[][][]()[]\T1/ptm/m/n/10 , [
][][]\T1/zi4/m/n/10 signal_integrate[][][]()[]\T1/ptm/m/n/10 , [][][]\T1/zi4/m/
n/10 signal_slice[][][]()[]\T1/ptm/m/n/10 , [][][]\T1/zi4/m/n/10 signal_split[]
[][]()[]\T1/ptm/m/n/10 ,
[26] [27] [28] [29] [30]
Overfull \hbox (34.16978pt too wide) in paragraph at lines 2064--2072
[]\T1/ptm/m/n/10 Other sig-nal pro-cess-ing: [][][]\T1/zi4/m/n/10 baseline[][][
][]\T1/ptm/m/n/10 , [][][]\T1/zi4/m/n/10 peaks_find[][][]()[]\T1/ptm/m/n/10 , [
][][]\T1/zi4/m/n/10 peaks_search[][][]()[]\T1/ptm/m/n/10 , [][][]\T1/zi4/m/n/10
 signal_slice[][][]()[]\T1/ptm/m/n/10 , [][][]\T1/zi4/m/n/10 signal_split[][][]
()[]\T1/ptm/m/n/10 ,
[31]
Overfull \hbox (54.16978pt too wide) in paragraph at lines 2127--2135
[]\T1/ptm/m/n/10 Other sig-nal pro-cess-ing: [][][]\T1/zi4/m/n/10 baseline[][][
][]\T1/ptm/m/n/10 , [][][]\T1/zi4/m/n/10 peaks_find[][][]()[]\T1/ptm/m/n/10 , [
][][]\T1/zi4/m/n/10 peaks_search[][][]()[]\T1/ptm/m/n/10 , [][][]\T1/zi4/m/n/10
 signal_integrate[][][]()[]\T1/ptm/m/n/10 , [][][]\T1/zi4/m/n/10 signal_split[]
[][]()[]\T1/ptm/m/n/10 ,
[32]
Overfull \hbox (54.16978pt too wide) in paragraph at lines 2201--2209
[]\T1/ptm/m/n/10 Other sig-nal pro-cess-ing: [][][]\T1/zi4/m/n/10 baseline[][][
][]\T1/ptm/m/n/10 , [][][]\T1/zi4/m/n/10 peaks_find[][][]()[]\T1/ptm/m/n/10 , [
][][]\T1/zi4/m/n/10 peaks_search[][][]()[]\T1/ptm/m/n/10 , [][][]\T1/zi4/m/n/10
 signal_integrate[][][]()[]\T1/ptm/m/n/10 , [][][]\T1/zi4/m/n/10 signal_slice[]
[][]()[]\T1/ptm/m/n/10 ,
[33]
Overfull \hbox (54.16978pt too wide) in paragraph at lines 2285--2293
[]\T1/ptm/m/n/10 Other sig-nal pro-cess-ing: [][][]\T1/zi4/m/n/10 baseline[][][
][]\T1/ptm/m/n/10 , [][][]\T1/zi4/m/n/10 peaks_find[][][]()[]\T1/ptm/m/n/10 , [
][][]\T1/zi4/m/n/10 peaks_search[][][]()[]\T1/ptm/m/n/10 , [][][]\T1/zi4/m/n/10
 signal_integrate[][][]()[]\T1/ptm/m/n/10 , [][][]\T1/zi4/m/n/10 signal_slice[]
[][]()[]\T1/ptm/m/n/10 ,
[34] [35]
Overfull \hbox (54.16978pt too wide) in paragraph at lines 2415--2423
[]\T1/ptm/m/n/10 Other sig-nal pro-cess-ing: [][][]\T1/zi4/m/n/10 baseline[][][
][]\T1/ptm/m/n/10 , [][][]\T1/zi4/m/n/10 peaks_find[][][]()[]\T1/ptm/m/n/10 , [
][][]\T1/zi4/m/n/10 peaks_search[][][]()[]\T1/ptm/m/n/10 , [][][]\T1/zi4/m/n/10
 signal_integrate[][][]()[]\T1/ptm/m/n/10 , [][][]\T1/zi4/m/n/10 signal_slice[]
[][]()[]\T1/ptm/m/n/10 ,
[36] [37]
No file Rd2.ind.
[38]
(/private/var/folders/yz/3s5p1pss4352wtlzt9_bzbp00000gp/T/RtmpqCWvEK/Rd2pdf8342
602963a8/Rd2.aux)

Package rerunfilecheck Warning: File `Rd2.out' has changed.
(rerunfilecheck)                Rerun to get outlines right
(rerunfilecheck)                or use package `bookmark'.

 )
(see the transcript file for additional information)
pdfTeX warning (dest): name{Rfn.function} has been referenced but does not exis
t, replaced by a fixed one


pdfTeX warning (dest): name{Rfn.split} has been referenced but does not exist, 
replaced by a fixed one


pdfTeX warning (dest): name{Rfn.factor} has been referenced but does not exist,
 replaced by a fixed one


pdfTeX warning (dest): name{Rfn.rxylib::read.Rul.xyData\(\)} has been reference
d but does not exist, replaced by a fixed one


pdfTeX warning (dest): name{Rfn.IsoplotR::isochron\(\)} has been referenced but
 does not exist, replaced by a fixed one


pdfTeX warning (dest): name{Rfn.IsoplotR::ellipse\(\)} has been referenced but 
does not exist, replaced by a fixed one


pdfTeX warning (dest): name{Rfn.ggplot2::ggplot} has been referenced but does n
ot exist, replaced by a fixed one


pdfTeX warning (dest): name{Rfn.signif} has been referenced but does not exist,
 replaced by a fixed one


pdfTeX warning (dest): name{Rfn.round} has been referenced but does not exist, 
replaced by a fixed one


pdfTeX warning (dest): name{Rfn.NA} has been referenced but does not exist, rep
laced by a fixed one


pdfTeX warning (dest): name{Rfn.linear\040model} has been referenced but does n
ot exist, replaced by a fixed one


pdfTeX warning (dest): name{Rfn.as.integer} has been referenced but does not ex
ist, replaced by a fixed one


pdfTeX warning (dest): name{Rfn.POSIXct} has been referenced but does not exist
, replaced by a fixed one


pdfTeX warning (dest): name{Rfn.matrix} has been referenced but does not exist,
 replaced by a fixed one


pdfTeX warning (dest): name{Rfn.data.frame} has been referenced but does not ex
ist, replaced by a fixed one


pdfTeX warning (dest): name{Rfn.list} has been referenced but does not exist, r
eplaced by a fixed one


pdfTeX warning (dest): name{Rfn.hyperSpec::spc.rubberband\(\)} has been referen
ced but does not exist, replaced by a fixed one


pdfTeX warning (dest): name{Rfn.logical} has been referenced but does not exist
, replaced by a fixed one


pdfTeX warning (dest): name{Rfn.numeric} has been referenced but does not exist
, replaced by a fixed one


pdfTeX warning (dest): name{Rfn.integer} has been referenced but does not exist
, replaced by a fixed one


pdfTeX warning (dest): name{Rfn.character} has been referenced but does not exi
st, replaced by a fixed one

{/usr/local/texlive/2022/texmf-dist/fonts/enc/dvips/inconsolata/i4-ts1.enc}{/us
r/local/texlive/2022/texmf-dist/fonts/enc/dvips/base/8r.enc}{/usr/local/texlive
/2022/texmf-dist/fonts/enc/dvips/inconsolata/i4-t1-0.enc}</usr/local/texlive/20
22/texmf-dist/fonts/type1/public/inconsolata/Inconsolata-zi4r.pfb></usr/local/t
exlive/2022/texmf-dist/fonts/type1/public/amsfonts/cm/cmmi10.pfb></usr/local/te
xlive/2022/texmf-dist/fonts/type1/public/amsfonts/cm/cmr10.pfb></usr/local/texl
ive/2022/texmf-dist/fonts/type1/public/amsfonts/cm/cmsy10.pfb></usr/local/texli
ve/2022/texmf-dist/fonts/type1/urw/helvetic/uhvr8a.pfb></usr/local/texlive/2022
/texmf-dist/fonts/type1/urw/times/utmb8a.pfb></usr/local/texlive/2022/texmf-dis
t/fonts/type1/urw/times/utmr8a.pfb></usr/local/texlive/2022/texmf-dist/fonts/ty
pe1/urw/times/utmr8a.pfb></usr/local/texlive/2022/texmf-dist/fonts/type1/urw/ti
mes/utmri8a.pfb>
Output written on Rd2.pdf (38 pages, 198284 bytes).
Transcript written on Rd2.log.
This is pdfTeX, Version 3.141592653-2.6-1.40.24 (TeX Live 2022) (preloaded format=pdflatex)
 restricted \write18 enabled.
entering extended mode
LaTeX2e <2022-11-01> patch level 1
L3 programming layer <2022-12-17>
(./Rd2.tex
(/usr/local/texlive/2022/texmf-dist/tex/latex/base/book.cls
Document Class: book 2022/07/02 v1.4n Standard LaTeX document class
(/usr/local/texlive/2022/texmf-dist/tex/latex/base/bk10.clo))
(/Library/Frameworks/R.framework/Resources/share/texmf/tex/latex/Rd.sty
(/usr/local/texlive/2022/texmf-dist/tex/latex/base/ifthen.sty)
(/usr/local/texlive/2022/texmf-dist/tex/latex/tools/longtable.sty)
(/usr/local/texlive/2022/texmf-dist/tex/latex/tools/bm.sty)
(/usr/local/texlive/2022/texmf-dist/tex/latex/base/alltt.sty)
(/usr/local/texlive/2022/texmf-dist/tex/latex/tools/verbatim.sty)
(/usr/local/texlive/2022/texmf-dist/tex/latex/url/url.sty)
(/usr/local/texlive/2022/texmf-dist/tex/latex/base/textcomp.sty)
(/usr/local/texlive/2022/texmf-dist/tex/latex/amsmath/amsmath.sty
For additional information on amsmath, use the `?' option.
(/usr/local/texlive/2022/texmf-dist/tex/latex/amsmath/amstext.sty
(/usr/local/texlive/2022/texmf-dist/tex/latex/amsmath/amsgen.sty))
(/usr/local/texlive/2022/texmf-dist/tex/latex/amsmath/amsbsy.sty)
(/usr/local/texlive/2022/texmf-dist/tex/latex/amsmath/amsopn.sty))
(/usr/local/texlive/2022/texmf-dist/tex/latex/amsfonts/amsfonts.sty)
(/usr/local/texlive/2022/texmf-dist/tex/latex/amsfonts/amssymb.sty)
(/usr/local/texlive/2022/texmf-dist/tex/latex/jknapltx/mathrsfs.sty)
(/usr/local/texlive/2022/texmf-dist/tex/generic/iftex/iftex.sty)
(/usr/local/texlive/2022/texmf-dist/tex/latex/base/fontenc.sty)
(/usr/local/texlive/2022/texmf-dist/tex/latex/psnfss/times.sty)
(/usr/local/texlive/2022/texmf-dist/tex/latex/inconsolata/zi4.sty
`inconsolata-zi4' v1.12, 2019/05/17 Text macros for Inconsolata (msharpe)
(/usr/local/texlive/2022/texmf-dist/tex/latex/xkeyval/xkeyval.sty
(/usr/local/texlive/2022/texmf-dist/tex/generic/xkeyval/xkeyval.tex
(/usr/local/texlive/2022/texmf-dist/tex/generic/xkeyval/xkvutils.tex
(/usr/local/texlive/2022/texmf-dist/tex/generic/xkeyval/keyval.tex)))))
(/usr/local/texlive/2022/texmf-dist/tex/latex/graphics/color.sty
(/usr/local/texlive/2022/texmf-dist/tex/latex/graphics-cfg/color.cfg)
(/usr/local/texlive/2022/texmf-dist/tex/latex/graphics-def/pdftex.def)
(/usr/local/texlive/2022/texmf-dist/tex/latex/graphics/mathcolor.ltx))
(/usr/local/texlive/2022/texmf-dist/tex/latex/hyperref/hyperref.sty
(/usr/local/texlive/2022/texmf-dist/tex/generic/ltxcmds/ltxcmds.sty)
(/usr/local/texlive/2022/texmf-dist/tex/generic/pdftexcmds/pdftexcmds.sty
(/usr/local/texlive/2022/texmf-dist/tex/generic/infwarerr/infwarerr.sty))
(/usr/local/texlive/2022/texmf-dist/tex/latex/kvsetkeys/kvsetkeys.sty)
(/usr/local/texlive/2022/texmf-dist/tex/generic/kvdefinekeys/kvdefinekeys.sty)
(/usr/local/texlive/2022/texmf-dist/tex/generic/pdfescape/pdfescape.sty)
(/usr/local/texlive/2022/texmf-dist/tex/latex/hycolor/hycolor.sty)
(/usr/local/texlive/2022/texmf-dist/tex/latex/letltxmacro/letltxmacro.sty)
(/usr/local/texlive/2022/texmf-dist/tex/latex/auxhook/auxhook.sty)
(/usr/local/texlive/2022/texmf-dist/tex/latex/hyperref/nameref.sty
(/usr/local/texlive/2022/texmf-dist/tex/latex/refcount/refcount.sty)
(/usr/local/texlive/2022/texmf-dist/tex/generic/gettitlestring/gettitlestring.s
ty (/usr/local/texlive/2022/texmf-dist/tex/latex/kvoptions/kvoptions.sty)))
(/usr/local/texlive/2022/texmf-dist/tex/latex/hyperref/pd1enc.def)
(/usr/local/texlive/2022/texmf-dist/tex/generic/intcalc/intcalc.sty)
(/usr/local/texlive/2022/texmf-dist/tex/generic/etexcmds/etexcmds.sty)
(/usr/local/texlive/2022/texmf-dist/tex/latex/hyperref/puenc.def)
(/usr/local/texlive/2022/texmf-dist/tex/generic/bitset/bitset.sty
(/usr/local/texlive/2022/texmf-dist/tex/generic/bigintcalc/bigintcalc.sty))
(/usr/local/texlive/2022/texmf-dist/tex/latex/base/atbegshi-ltx.sty))
(/usr/local/texlive/2022/texmf-dist/tex/latex/hyperref/hpdftex.def
(/usr/local/texlive/2022/texmf-dist/tex/latex/base/atveryend-ltx.sty)
(/usr/local/texlive/2022/texmf-dist/tex/latex/rerunfilecheck/rerunfilecheck.sty

(/usr/local/texlive/2022/texmf-dist/tex/generic/uniquecounter/uniquecounter.sty
)))

Package hyperref Warning: Option `hyperindex' has already been used,
(hyperref)                setting the option has no effect on input line 391.


Package hyperref Warning: Option `pagebackref' has already been used,
(hyperref)                setting the option has no effect on input line 391.

) (/usr/local/texlive/2022/texmf-dist/tex/latex/base/makeidx.sty)
(/usr/local/texlive/2022/texmf-dist/tex/latex/base/inputenc.sty)
Writing index file Rd2.idx
(/usr/local/texlive/2022/texmf-dist/tex/latex/psnfss/t1ptm.fd)
(/usr/local/texlive/2022/texmf-dist/tex/latex/l3backend/l3backend-pdftex.def)
(/private/var/folders/yz/3s5p1pss4352wtlzt9_bzbp00000gp/T/RtmpqCWvEK/Rd2pdf8342
602963a8/Rd2.aux)
(/usr/local/texlive/2022/texmf-dist/tex/context/base/mkii/supp-pdf.mkii
[Loading MPS to PDF converter (version 2006.09.02).]
)
(/private/var/folders/yz/3s5p1pss4352wtlzt9_bzbp00000gp/T/RtmpqCWvEK/Rd2pdf8342
602963a8/Rd2.out)
(/private/var/folders/yz/3s5p1pss4352wtlzt9_bzbp00000gp/T/RtmpqCWvEK/Rd2pdf8342
602963a8/Rd2.out)
(/usr/local/texlive/2022/texmf-dist/tex/latex/inconsolata/t1zi4.fd)
(/usr/local/texlive/2022/texmf-dist/tex/latex/amsfonts/umsa.fd)
(/usr/local/texlive/2022/texmf-dist/tex/latex/amsfonts/umsb.fd)
(/usr/local/texlive/2022/texmf-dist/tex/latex/jknapltx/ursfs.fd)
(/usr/local/texlive/2022/texmf-dist/tex/latex/psnfss/ts1ptm.fd) [1{/usr/local/t
exlive/2022/texmf-var/fonts/map/pdftex/updmap/pdftex.map}]
(/usr/local/texlive/2022/texmf-dist/tex/latex/psnfss/t1phv.fd)
(/private/var/folders/yz/3s5p1pss4352wtlzt9_bzbp00000gp/T/RtmpqCWvEK/Rd2pdf8342
602963a8/Rd2.toc) [2] [3] [4]
(/usr/local/texlive/2022/texmf-dist/tex/latex/inconsolata/ts1zi4.fd) [5]
[6]
Overfull \hbox (9.64977pt too wide) in paragraph at lines 338--346
[]\T1/ptm/m/n/10 Other sig-nal pro-cess-ing: [][][]\T1/zi4/m/n/10 peaks_find[][
][]()[]\T1/ptm/m/n/10 , [][][]\T1/zi4/m/n/10 peaks_search[][][]()[]\T1/ptm/m/n/
10 , [][][]\T1/zi4/m/n/10 signal_integrate[][][]()[]\T1/ptm/m/n/10 , [][][]\T1/
zi4/m/n/10 signal_slice[][][]()[]\T1/ptm/m/n/10 ,

Overfull \hbox (55.53017pt too wide) in paragraph at lines 396--402
[]\T1/ptm/m/n/10 Other class: [][][]\T1/zi4/m/n/10 CalibrationCurve-class[][][]
[]\T1/ptm/m/n/10 , [][][]\T1/zi4/m/n/10 GammaSpectra-class[][][][]\T1/ptm/m/n/1
0 , [][][]\T1/zi4/m/n/10 GammaSpectrum-class[][][][]\T1/ptm/m/n/10 , [][][]\T1/
zi4/m/n/10 PeakPosition-class[][][][]\T1/ptm/m/n/10 ,
[7] [8]
Overfull \hbox (15.53017pt too wide) in paragraph at lines 531--537
[]\T1/ptm/m/n/10 Other class: [][][]\T1/zi4/m/n/10 Baseline-class[][][][]\T1/pt
m/m/n/10 , [][][]\T1/zi4/m/n/10 GammaSpectra-class[][][][]\T1/ptm/m/n/10 , [][]
[]\T1/zi4/m/n/10 GammaSpectrum-class[][][][]\T1/ptm/m/n/10 , [][][]\T1/zi4/m/n/
10 PeakPosition-class[][][][]\T1/ptm/m/n/10 ,
[9]
Overfull \hbox (35.53017pt too wide) in paragraph at lines 604--610
[]\T1/ptm/m/n/10 Other class: [][][]\T1/zi4/m/n/10 Baseline-class[][][][]\T1/pt
m/m/n/10 , [][][]\T1/zi4/m/n/10 CalibrationCurve-class[][][][]\T1/ptm/m/n/10 , 
[][][]\T1/zi4/m/n/10 GammaSpectra-class[][][][]\T1/ptm/m/n/10 , [][][]\T1/zi4/m
/n/10 GammaSpectrum-class[][][][]\T1/ptm/m/n/10 ,
[10] [11] [12] [13] [14] [15] [16]
Overfull \hbox (8.11859pt too wide) in paragraph at lines 1012--1015
[]\T1/ptm/m/n/10 Extracts the el-e-ments se-lected by sub-script []\T1/zi4/m/n/
10 i[]\T1/ptm/m/n/10 . []\T1/zi4/m/n/10 i []\T1/ptm/m/n/10 can be []\T1/zi4/m/n
/10 missing []\T1/ptm/m/n/10 or []\T1/zi4/m/n/10 NULL[]\T1/ptm/m/n/10 , []\T1/z
i4/m/n/10 numeric []\T1/ptm/m/n/10 or []\T1/zi4/m/n/10 character

Overfull \hbox (35.53017pt too wide) in paragraph at lines 1030--1036
[]\T1/ptm/m/n/10 Other class: [][][]\T1/zi4/m/n/10 Baseline-class[][][][]\T1/pt
m/m/n/10 , [][][]\T1/zi4/m/n/10 CalibrationCurve-class[][][][]\T1/ptm/m/n/10 , 
[][][]\T1/zi4/m/n/10 GammaSpectrum-class[][][][]\T1/ptm/m/n/10 , [][][]\T1/zi4/
m/n/10 PeakPosition-class[][][][]\T1/ptm/m/n/10 ,
[17] [18]
Overfull \hbox (30.53017pt too wide) in paragraph at lines 1166--1172
[]\T1/ptm/m/n/10 Other class: [][][]\T1/zi4/m/n/10 Baseline-class[][][][]\T1/pt
m/m/n/10 , [][][]\T1/zi4/m/n/10 CalibrationCurve-class[][][][]\T1/ptm/m/n/10 , 
[][][]\T1/zi4/m/n/10 GammaSpectra-class[][][][]\T1/ptm/m/n/10 , [][][]\T1/zi4/m
/n/10 PeakPosition-class[][][][]\T1/ptm/m/n/10 ,
[19] [20]
Underfull \vbox (badness 10000) has occurred while \output is active [21]
[22] [23]
Overfull \hbox (19.56018pt too wide) in paragraph at lines 1494--1500
[]\T1/ptm/m/n/10 "[]\T1/zi4/m/n/10 abs[]\T1/ptm/m/n/10 ", "[]\T1/zi4/m/n/10 sig
n[]\T1/ptm/m/n/10 ", "[]\T1/zi4/m/n/10 sqrt[]\T1/ptm/m/n/10 ", "[]\T1/zi4/m/n/1
0 ceiling[]\T1/ptm/m/n/10 ", "[]\T1/zi4/m/n/10 floor[]\T1/ptm/m/n/10 ", "[]\T1/
zi4/m/n/10 trunc[]\T1/ptm/m/n/10 ", "[]\T1/zi4/m/n/10 cummax[]\T1/ptm/m/n/10 ",
 "[]\T1/zi4/m/n/10 cummin[]\T1/ptm/m/n/10 ", "[]\T1/zi4/m/n/10 cumprod[]\T1/ptm
/m/n/10 ", "[]\T1/zi4/m/n/10 cumsum[]\T1/ptm/m/n/10 ",
[24]
Overfull \hbox (35.53017pt too wide) in paragraph at lines 1603--1609
[]\T1/ptm/m/n/10 Other class: [][][]\T1/zi4/m/n/10 Baseline-class[][][][]\T1/pt
m/m/n/10 , [][][]\T1/zi4/m/n/10 CalibrationCurve-class[][][][]\T1/ptm/m/n/10 , 
[][][]\T1/zi4/m/n/10 GammaSpectra-class[][][][]\T1/ptm/m/n/10 , [][][]\T1/zi4/m
/n/10 GammaSpectrum-class[][][][]\T1/ptm/m/n/10 ,
[25] [26]
Overfull \hbox (54.16978pt too wide) in paragraph at lines 1754--1762
[]\T1/ptm/m/n/10 Other sig-nal pro-cess-ing: [][][]\T1/zi4/m/n/10 baseline[][][
][]\T1/ptm/m/n/10 , [][][]\T1/zi4/m/n/10 peaks_find[][][]()[]\T1/ptm/m/n/10 , [
][][]\T1/zi4/m/n/10 signal_integrate[][][]()[]\T1/ptm/m/n/10 , [][][]\T1/zi4/m/
n/10 signal_slice[][][]()[]\T1/ptm/m/n/10 , [][][]\T1/zi4/m/n/10 signal_split[]
[][]()[]\T1/ptm/m/n/10 ,
[27] [28] [29] [30] [31]
Overfull \hbox (34.16978pt too wide) in paragraph at lines 2064--2072
[]\T1/ptm/m/n/10 Other sig-nal pro-cess-ing: [][][]\T1/zi4/m/n/10 baseline[][][
][]\T1/ptm/m/n/10 , [][][]\T1/zi4/m/n/10 peaks_find[][][]()[]\T1/ptm/m/n/10 , [
][][]\T1/zi4/m/n/10 peaks_search[][][]()[]\T1/ptm/m/n/10 , [][][]\T1/zi4/m/n/10
 signal_slice[][][]()[]\T1/ptm/m/n/10 , [][][]\T1/zi4/m/n/10 signal_split[][][]
()[]\T1/ptm/m/n/10 ,
[32]
Overfull \hbox (54.16978pt too wide) in paragraph at lines 2127--2135
[]\T1/ptm/m/n/10 Other sig-nal pro-cess-ing: [][][]\T1/zi4/m/n/10 baseline[][][
][]\T1/ptm/m/n/10 , [][][]\T1/zi4/m/n/10 peaks_find[][][]()[]\T1/ptm/m/n/10 , [
][][]\T1/zi4/m/n/10 peaks_search[][][]()[]\T1/ptm/m/n/10 , [][][]\T1/zi4/m/n/10
 signal_integrate[][][]()[]\T1/ptm/m/n/10 , [][][]\T1/zi4/m/n/10 signal_split[]
[][]()[]\T1/ptm/m/n/10 ,
[33]
Overfull \hbox (54.16978pt too wide) in paragraph at lines 2201--2209
[]\T1/ptm/m/n/10 Other sig-nal pro-cess-ing: [][][]\T1/zi4/m/n/10 baseline[][][
][]\T1/ptm/m/n/10 , [][][]\T1/zi4/m/n/10 peaks_find[][][]()[]\T1/ptm/m/n/10 , [
][][]\T1/zi4/m/n/10 peaks_search[][][]()[]\T1/ptm/m/n/10 , [][][]\T1/zi4/m/n/10
 signal_integrate[][][]()[]\T1/ptm/m/n/10 , [][][]\T1/zi4/m/n/10 signal_slice[]
[][]()[]\T1/ptm/m/n/10 ,
[34]
Overfull \hbox (54.16978pt too wide) in paragraph at lines 2285--2293
[]\T1/ptm/m/n/10 Other sig-nal pro-cess-ing: [][][]\T1/zi4/m/n/10 baseline[][][
][]\T1/ptm/m/n/10 , [][][]\T1/zi4/m/n/10 peaks_find[][][]()[]\T1/ptm/m/n/10 , [
][][]\T1/zi4/m/n/10 peaks_search[][][]()[]\T1/ptm/m/n/10 , [][][]\T1/zi4/m/n/10
 signal_integrate[][][]()[]\T1/ptm/m/n/10 , [][][]\T1/zi4/m/n/10 signal_slice[]
[][]()[]\T1/ptm/m/n/10 ,
[35] [36]
Overfull \hbox (54.16978pt too wide) in paragraph at lines 2415--2423
[]\T1/ptm/m/n/10 Other sig-nal pro-cess-ing: [][][]\T1/zi4/m/n/10 baseline[][][
][]\T1/ptm/m/n/10 , [][][]\T1/zi4/m/n/10 peaks_find[][][]()[]\T1/ptm/m/n/10 , [
][][]\T1/zi4/m/n/10 peaks_search[][][]()[]\T1/ptm/m/n/10 , [][][]\T1/zi4/m/n/10
 signal_integrate[][][]()[]\T1/ptm/m/n/10 , [][][]\T1/zi4/m/n/10 signal_slice[]
[][]()[]\T1/ptm/m/n/10 ,
[37] [38]
No file Rd2.ind.
[39]
(/private/var/folders/yz/3s5p1pss4352wtlzt9_bzbp00000gp/T/RtmpqCWvEK/Rd2pdf8342
602963a8/Rd2.aux) )
(see the transcript file for additional information)
pdfTeX warning (dest): name{Rfn.function} has been referenced but does not exis
t, replaced by a fixed one


pdfTeX warning (dest): name{Rfn.split} has been referenced but does not exist, 
replaced by a fixed one


pdfTeX warning (dest): name{Rfn.factor} has been referenced but does not exist,
 replaced by a fixed one


pdfTeX warning (dest): name{Rfn.rxylib::read.Rul.xyData\(\)} has been reference
d but does not exist, replaced by a fixed one


pdfTeX warning (dest): name{Rfn.IsoplotR::isochron\(\)} has been referenced but
 does not exist, replaced by a fixed one


pdfTeX warning (dest): name{Rfn.IsoplotR::ellipse\(\)} has been referenced but 
does not exist, replaced by a fixed one


pdfTeX warning (dest): name{Rfn.ggplot2::ggplot} has been referenced but does n
ot exist, replaced by a fixed one


pdfTeX warning (dest): name{Rfn.signif} has been referenced but does not exist,
 replaced by a fixed one


pdfTeX warning (dest): name{Rfn.round} has been referenced but does not exist, 
replaced by a fixed one


pdfTeX warning (dest): name{Rfn.NA} has been referenced but does not exist, rep
laced by a fixed one


pdfTeX warning (dest): name{Rfn.linear\040model} has been referenced but does n
ot exist, replaced by a fixed one


pdfTeX warning (dest): name{Rfn.as.integer} has been referenced but does not ex
ist, replaced by a fixed one


pdfTeX warning (dest): name{Rfn.POSIXct} has been referenced but does not exist
, replaced by a fixed one


pdfTeX warning (dest): name{Rfn.matrix} has been referenced but does not exist,
 replaced by a fixed one


pdfTeX warning (dest): name{Rfn.data.frame} has been referenced but does not ex
ist, replaced by a fixed one


pdfTeX warning (dest): name{Rfn.list} has been referenced but does not exist, r
eplaced by a fixed one


pdfTeX warning (dest): name{Rfn.hyperSpec::spc.rubberband\(\)} has been referen
ced but does not exist, replaced by a fixed one


pdfTeX warning (dest): name{Rfn.logical} has been referenced but does not exist
, replaced by a fixed one


pdfTeX warning (dest): name{Rfn.numeric} has been referenced but does not exist
, replaced by a fixed one


pdfTeX warning (dest): name{Rfn.integer} has been referenced but does not exist
, replaced by a fixed one


pdfTeX warning (dest): name{Rfn.character} has been referenced but does not exi
st, replaced by a fixed one

{/usr/local/texlive/2022/texmf-dist/fonts/enc/dvips/inconsolata/i4-ts1.enc}{/us
r/local/texlive/2022/texmf-dist/fonts/enc/dvips/base/8r.enc}{/usr/local/texlive
/2022/texmf-dist/fonts/enc/dvips/inconsolata/i4-t1-0.enc}</usr/local/texlive/20
22/texmf-dist/fonts/type1/public/inconsolata/Inconsolata-zi4r.pfb></usr/local/t
exlive/2022/texmf-dist/fonts/type1/public/amsfonts/cm/cmmi10.pfb></usr/local/te
xlive/2022/texmf-dist/fonts/type1/public/amsfonts/cm/cmr10.pfb></usr/local/texl
ive/2022/texmf-dist/fonts/type1/public/amsfonts/cm/cmsy10.pfb></usr/local/texli
ve/2022/texmf-dist/fonts/type1/urw/helvetic/uhvr8a.pfb></usr/local/texlive/2022
/texmf-dist/fonts/type1/urw/times/utmb8a.pfb></usr/local/texlive/2022/texmf-dis
t/fonts/type1/urw/times/utmr8a.pfb></usr/local/texlive/2022/texmf-dist/fonts/ty
pe1/urw/times/utmr8a.pfb></usr/local/texlive/2022/texmf-dist/fonts/type1/urw/ti
mes/utmri8a.pfb>
Output written on Rd2.pdf (39 pages, 202391 bytes).
Transcript written on Rd2.log.
This is makeindex, version 2.16 [TeX Live 2022] (kpathsea + Thai support).
Scanning input file Rd2.idx....done (483 entries accepted, 25 rejected).
Sorting entries.......done (4669 comparisons).
Generating output file Rd2.ind....done (595 lines written, 3 warnings).
Output written in Rd2.ind.
Transcript written in Rd2.ilg.
This is pdfTeX, Version 3.141592653-2.6-1.40.24 (TeX Live 2022) (preloaded format=pdflatex)
 restricted \write18 enabled.
entering extended mode
LaTeX2e <2022-11-01> patch level 1
L3 programming layer <2022-12-17>
(./Rd2.tex
(/usr/local/texlive/2022/texmf-dist/tex/latex/base/book.cls
Document Class: book 2022/07/02 v1.4n Standard LaTeX document class
(/usr/local/texlive/2022/texmf-dist/tex/latex/base/bk10.clo))
(/Library/Frameworks/R.framework/Resources/share/texmf/tex/latex/Rd.sty
(/usr/local/texlive/2022/texmf-dist/tex/latex/base/ifthen.sty)
(/usr/local/texlive/2022/texmf-dist/tex/latex/tools/longtable.sty)
(/usr/local/texlive/2022/texmf-dist/tex/latex/tools/bm.sty)
(/usr/local/texlive/2022/texmf-dist/tex/latex/base/alltt.sty)
(/usr/local/texlive/2022/texmf-dist/tex/latex/tools/verbatim.sty)
(/usr/local/texlive/2022/texmf-dist/tex/latex/url/url.sty)
(/usr/local/texlive/2022/texmf-dist/tex/latex/base/textcomp.sty)
(/usr/local/texlive/2022/texmf-dist/tex/latex/amsmath/amsmath.sty
For additional information on amsmath, use the `?' option.
(/usr/local/texlive/2022/texmf-dist/tex/latex/amsmath/amstext.sty
(/usr/local/texlive/2022/texmf-dist/tex/latex/amsmath/amsgen.sty))
(/usr/local/texlive/2022/texmf-dist/tex/latex/amsmath/amsbsy.sty)
(/usr/local/texlive/2022/texmf-dist/tex/latex/amsmath/amsopn.sty))
(/usr/local/texlive/2022/texmf-dist/tex/latex/amsfonts/amsfonts.sty)
(/usr/local/texlive/2022/texmf-dist/tex/latex/amsfonts/amssymb.sty)
(/usr/local/texlive/2022/texmf-dist/tex/latex/jknapltx/mathrsfs.sty)
(/usr/local/texlive/2022/texmf-dist/tex/generic/iftex/iftex.sty)
(/usr/local/texlive/2022/texmf-dist/tex/latex/base/fontenc.sty)
(/usr/local/texlive/2022/texmf-dist/tex/latex/psnfss/times.sty)
(/usr/local/texlive/2022/texmf-dist/tex/latex/inconsolata/zi4.sty
`inconsolata-zi4' v1.12, 2019/05/17 Text macros for Inconsolata (msharpe)
(/usr/local/texlive/2022/texmf-dist/tex/latex/xkeyval/xkeyval.sty
(/usr/local/texlive/2022/texmf-dist/tex/generic/xkeyval/xkeyval.tex
(/usr/local/texlive/2022/texmf-dist/tex/generic/xkeyval/xkvutils.tex
(/usr/local/texlive/2022/texmf-dist/tex/generic/xkeyval/keyval.tex)))))
(/usr/local/texlive/2022/texmf-dist/tex/latex/graphics/color.sty
(/usr/local/texlive/2022/texmf-dist/tex/latex/graphics-cfg/color.cfg)
(/usr/local/texlive/2022/texmf-dist/tex/latex/graphics-def/pdftex.def)
(/usr/local/texlive/2022/texmf-dist/tex/latex/graphics/mathcolor.ltx))
(/usr/local/texlive/2022/texmf-dist/tex/latex/hyperref/hyperref.sty
(/usr/local/texlive/2022/texmf-dist/tex/generic/ltxcmds/ltxcmds.sty)
(/usr/local/texlive/2022/texmf-dist/tex/generic/pdftexcmds/pdftexcmds.sty
(/usr/local/texlive/2022/texmf-dist/tex/generic/infwarerr/infwarerr.sty))
(/usr/local/texlive/2022/texmf-dist/tex/latex/kvsetkeys/kvsetkeys.sty)
(/usr/local/texlive/2022/texmf-dist/tex/generic/kvdefinekeys/kvdefinekeys.sty)
(/usr/local/texlive/2022/texmf-dist/tex/generic/pdfescape/pdfescape.sty)
(/usr/local/texlive/2022/texmf-dist/tex/latex/hycolor/hycolor.sty)
(/usr/local/texlive/2022/texmf-dist/tex/latex/letltxmacro/letltxmacro.sty)
(/usr/local/texlive/2022/texmf-dist/tex/latex/auxhook/auxhook.sty)
(/usr/local/texlive/2022/texmf-dist/tex/latex/hyperref/nameref.sty
(/usr/local/texlive/2022/texmf-dist/tex/latex/refcount/refcount.sty)
(/usr/local/texlive/2022/texmf-dist/tex/generic/gettitlestring/gettitlestring.s
ty (/usr/local/texlive/2022/texmf-dist/tex/latex/kvoptions/kvoptions.sty)))
(/usr/local/texlive/2022/texmf-dist/tex/latex/hyperref/pd1enc.def)
(/usr/local/texlive/2022/texmf-dist/tex/generic/intcalc/intcalc.sty)
(/usr/local/texlive/2022/texmf-dist/tex/generic/etexcmds/etexcmds.sty)
(/usr/local/texlive/2022/texmf-dist/tex/latex/hyperref/puenc.def)
(/usr/local/texlive/2022/texmf-dist/tex/generic/bitset/bitset.sty
(/usr/local/texlive/2022/texmf-dist/tex/generic/bigintcalc/bigintcalc.sty))
(/usr/local/texlive/2022/texmf-dist/tex/latex/base/atbegshi-ltx.sty))
(/usr/local/texlive/2022/texmf-dist/tex/latex/hyperref/hpdftex.def
(/usr/local/texlive/2022/texmf-dist/tex/latex/base/atveryend-ltx.sty)
(/usr/local/texlive/2022/texmf-dist/tex/latex/rerunfilecheck/rerunfilecheck.sty

(/usr/local/texlive/2022/texmf-dist/tex/generic/uniquecounter/uniquecounter.sty
)))

Package hyperref Warning: Option `hyperindex' has already been used,
(hyperref)                setting the option has no effect on input line 391.


Package hyperref Warning: Option `pagebackref' has already been used,
(hyperref)                setting the option has no effect on input line 391.

) (/usr/local/texlive/2022/texmf-dist/tex/latex/base/makeidx.sty)
(/usr/local/texlive/2022/texmf-dist/tex/latex/base/inputenc.sty)
Writing index file Rd2.idx
(/usr/local/texlive/2022/texmf-dist/tex/latex/psnfss/t1ptm.fd)
(/usr/local/texlive/2022/texmf-dist/tex/latex/l3backend/l3backend-pdftex.def)
(/private/var/folders/yz/3s5p1pss4352wtlzt9_bzbp00000gp/T/RtmpqCWvEK/Rd2pdf8342
602963a8/Rd2.aux)
(/usr/local/texlive/2022/texmf-dist/tex/context/base/mkii/supp-pdf.mkii
[Loading MPS to PDF converter (version 2006.09.02).]
)
(/private/var/folders/yz/3s5p1pss4352wtlzt9_bzbp00000gp/T/RtmpqCWvEK/Rd2pdf8342
602963a8/Rd2.out)
(/private/var/folders/yz/3s5p1pss4352wtlzt9_bzbp00000gp/T/RtmpqCWvEK/Rd2pdf8342
602963a8/Rd2.out)
(/usr/local/texlive/2022/texmf-dist/tex/latex/inconsolata/t1zi4.fd)
(/usr/local/texlive/2022/texmf-dist/tex/latex/amsfonts/umsa.fd)
(/usr/local/texlive/2022/texmf-dist/tex/latex/amsfonts/umsb.fd)
(/usr/local/texlive/2022/texmf-dist/tex/latex/jknapltx/ursfs.fd)
(/usr/local/texlive/2022/texmf-dist/tex/latex/psnfss/ts1ptm.fd) [1{/usr/local/t
exlive/2022/texmf-var/fonts/map/pdftex/updmap/pdftex.map}]
(/usr/local/texlive/2022/texmf-dist/tex/latex/psnfss/t1phv.fd)
(/private/var/folders/yz/3s5p1pss4352wtlzt9_bzbp00000gp/T/RtmpqCWvEK/Rd2pdf8342
602963a8/Rd2.toc) [2] [3] [4]
(/usr/local/texlive/2022/texmf-dist/tex/latex/inconsolata/ts1zi4.fd) [5]
[6]
Overfull \hbox (9.64977pt too wide) in paragraph at lines 338--346
[]\T1/ptm/m/n/10 Other sig-nal pro-cess-ing: [][][]\T1/zi4/m/n/10 peaks_find[][
][]()[]\T1/ptm/m/n/10 , [][][]\T1/zi4/m/n/10 peaks_search[][][]()[]\T1/ptm/m/n/
10 , [][][]\T1/zi4/m/n/10 signal_integrate[][][]()[]\T1/ptm/m/n/10 , [][][]\T1/
zi4/m/n/10 signal_slice[][][]()[]\T1/ptm/m/n/10 ,

Overfull \hbox (55.53017pt too wide) in paragraph at lines 396--402
[]\T1/ptm/m/n/10 Other class: [][][]\T1/zi4/m/n/10 CalibrationCurve-class[][][]
[]\T1/ptm/m/n/10 , [][][]\T1/zi4/m/n/10 GammaSpectra-class[][][][]\T1/ptm/m/n/1
0 , [][][]\T1/zi4/m/n/10 GammaSpectrum-class[][][][]\T1/ptm/m/n/10 , [][][]\T1/
zi4/m/n/10 PeakPosition-class[][][][]\T1/ptm/m/n/10 ,
[7] [8]
Overfull \hbox (15.53017pt too wide) in paragraph at lines 531--537
[]\T1/ptm/m/n/10 Other class: [][][]\T1/zi4/m/n/10 Baseline-class[][][][]\T1/pt
m/m/n/10 , [][][]\T1/zi4/m/n/10 GammaSpectra-class[][][][]\T1/ptm/m/n/10 , [][]
[]\T1/zi4/m/n/10 GammaSpectrum-class[][][][]\T1/ptm/m/n/10 , [][][]\T1/zi4/m/n/
10 PeakPosition-class[][][][]\T1/ptm/m/n/10 ,
[9]
Overfull \hbox (35.53017pt too wide) in paragraph at lines 604--610
[]\T1/ptm/m/n/10 Other class: [][][]\T1/zi4/m/n/10 Baseline-class[][][][]\T1/pt
m/m/n/10 , [][][]\T1/zi4/m/n/10 CalibrationCurve-class[][][][]\T1/ptm/m/n/10 , 
[][][]\T1/zi4/m/n/10 GammaSpectra-class[][][][]\T1/ptm/m/n/10 , [][][]\T1/zi4/m
/n/10 GammaSpectrum-class[][][][]\T1/ptm/m/n/10 ,
[10] [11] [12] [13] [14] [15] [16]
Overfull \hbox (8.11859pt too wide) in paragraph at lines 1012--1015
[]\T1/ptm/m/n/10 Extracts the el-e-ments se-lected by sub-script []\T1/zi4/m/n/
10 i[]\T1/ptm/m/n/10 . []\T1/zi4/m/n/10 i []\T1/ptm/m/n/10 can be []\T1/zi4/m/n
/10 missing []\T1/ptm/m/n/10 or []\T1/zi4/m/n/10 NULL[]\T1/ptm/m/n/10 , []\T1/z
i4/m/n/10 numeric []\T1/ptm/m/n/10 or []\T1/zi4/m/n/10 character

Overfull \hbox (35.53017pt too wide) in paragraph at lines 1030--1036
[]\T1/ptm/m/n/10 Other class: [][][]\T1/zi4/m/n/10 Baseline-class[][][][]\T1/pt
m/m/n/10 , [][][]\T1/zi4/m/n/10 CalibrationCurve-class[][][][]\T1/ptm/m/n/10 , 
[][][]\T1/zi4/m/n/10 GammaSpectrum-class[][][][]\T1/ptm/m/n/10 , [][][]\T1/zi4/
m/n/10 PeakPosition-class[][][][]\T1/ptm/m/n/10 ,
[17] [18]
Overfull \hbox (30.53017pt too wide) in paragraph at lines 1166--1172
[]\T1/ptm/m/n/10 Other class: [][][]\T1/zi4/m/n/10 Baseline-class[][][][]\T1/pt
m/m/n/10 , [][][]\T1/zi4/m/n/10 CalibrationCurve-class[][][][]\T1/ptm/m/n/10 , 
[][][]\T1/zi4/m/n/10 GammaSpectra-class[][][][]\T1/ptm/m/n/10 , [][][]\T1/zi4/m
/n/10 PeakPosition-class[][][][]\T1/ptm/m/n/10 ,
[19] [20]
Underfull \vbox (badness 10000) has occurred while \output is active [21]
[22] [23]
Overfull \hbox (19.56018pt too wide) in paragraph at lines 1494--1500
[]\T1/ptm/m/n/10 "[]\T1/zi4/m/n/10 abs[]\T1/ptm/m/n/10 ", "[]\T1/zi4/m/n/10 sig
n[]\T1/ptm/m/n/10 ", "[]\T1/zi4/m/n/10 sqrt[]\T1/ptm/m/n/10 ", "[]\T1/zi4/m/n/1
0 ceiling[]\T1/ptm/m/n/10 ", "[]\T1/zi4/m/n/10 floor[]\T1/ptm/m/n/10 ", "[]\T1/
zi4/m/n/10 trunc[]\T1/ptm/m/n/10 ", "[]\T1/zi4/m/n/10 cummax[]\T1/ptm/m/n/10 ",
 "[]\T1/zi4/m/n/10 cummin[]\T1/ptm/m/n/10 ", "[]\T1/zi4/m/n/10 cumprod[]\T1/ptm
/m/n/10 ", "[]\T1/zi4/m/n/10 cumsum[]\T1/ptm/m/n/10 ",
[24]
Overfull \hbox (35.53017pt too wide) in paragraph at lines 1603--1609
[]\T1/ptm/m/n/10 Other class: [][][]\T1/zi4/m/n/10 Baseline-class[][][][]\T1/pt
m/m/n/10 , [][][]\T1/zi4/m/n/10 CalibrationCurve-class[][][][]\T1/ptm/m/n/10 , 
[][][]\T1/zi4/m/n/10 GammaSpectra-class[][][][]\T1/ptm/m/n/10 , [][][]\T1/zi4/m
/n/10 GammaSpectrum-class[][][][]\T1/ptm/m/n/10 ,
[25] [26]
Overfull \hbox (54.16978pt too wide) in paragraph at lines 1754--1762
[]\T1/ptm/m/n/10 Other sig-nal pro-cess-ing: [][][]\T1/zi4/m/n/10 baseline[][][
][]\T1/ptm/m/n/10 , [][][]\T1/zi4/m/n/10 peaks_find[][][]()[]\T1/ptm/m/n/10 , [
][][]\T1/zi4/m/n/10 signal_integrate[][][]()[]\T1/ptm/m/n/10 , [][][]\T1/zi4/m/
n/10 signal_slice[][][]()[]\T1/ptm/m/n/10 , [][][]\T1/zi4/m/n/10 signal_split[]
[][]()[]\T1/ptm/m/n/10 ,
[27] [28] [29] [30] [31]
Overfull \hbox (34.16978pt too wide) in paragraph at lines 2064--2072
[]\T1/ptm/m/n/10 Other sig-nal pro-cess-ing: [][][]\T1/zi4/m/n/10 baseline[][][
][]\T1/ptm/m/n/10 , [][][]\T1/zi4/m/n/10 peaks_find[][][]()[]\T1/ptm/m/n/10 , [
][][]\T1/zi4/m/n/10 peaks_search[][][]()[]\T1/ptm/m/n/10 , [][][]\T1/zi4/m/n/10
 signal_slice[][][]()[]\T1/ptm/m/n/10 , [][][]\T1/zi4/m/n/10 signal_split[][][]
()[]\T1/ptm/m/n/10 ,
[32]
Overfull \hbox (54.16978pt too wide) in paragraph at lines 2127--2135
[]\T1/ptm/m/n/10 Other sig-nal pro-cess-ing: [][][]\T1/zi4/m/n/10 baseline[][][
][]\T1/ptm/m/n/10 , [][][]\T1/zi4/m/n/10 peaks_find[][][]()[]\T1/ptm/m/n/10 , [
][][]\T1/zi4/m/n/10 peaks_search[][][]()[]\T1/ptm/m/n/10 , [][][]\T1/zi4/m/n/10
 signal_integrate[][][]()[]\T1/ptm/m/n/10 , [][][]\T1/zi4/m/n/10 signal_split[]
[][]()[]\T1/ptm/m/n/10 ,
[33]
Overfull \hbox (54.16978pt too wide) in paragraph at lines 2201--2209
[]\T1/ptm/m/n/10 Other sig-nal pro-cess-ing: [][][]\T1/zi4/m/n/10 baseline[][][
][]\T1/ptm/m/n/10 , [][][]\T1/zi4/m/n/10 peaks_find[][][]()[]\T1/ptm/m/n/10 , [
][][]\T1/zi4/m/n/10 peaks_search[][][]()[]\T1/ptm/m/n/10 , [][][]\T1/zi4/m/n/10
 signal_integrate[][][]()[]\T1/ptm/m/n/10 , [][][]\T1/zi4/m/n/10 signal_slice[]
[][]()[]\T1/ptm/m/n/10 ,
[34]
Overfull \hbox (54.16978pt too wide) in paragraph at lines 2285--2293
[]\T1/ptm/m/n/10 Other sig-nal pro-cess-ing: [][][]\T1/zi4/m/n/10 baseline[][][
][]\T1/ptm/m/n/10 , [][][]\T1/zi4/m/n/10 peaks_find[][][]()[]\T1/ptm/m/n/10 , [
][][]\T1/zi4/m/n/10 peaks_search[][][]()[]\T1/ptm/m/n/10 , [][][]\T1/zi4/m/n/10
 signal_integrate[][][]()[]\T1/ptm/m/n/10 , [][][]\T1/zi4/m/n/10 signal_slice[]
[][]()[]\T1/ptm/m/n/10 ,
[35] [36]
Overfull \hbox (54.16978pt too wide) in paragraph at lines 2415--2423
[]\T1/ptm/m/n/10 Other sig-nal pro-cess-ing: [][][]\T1/zi4/m/n/10 baseline[][][
][]\T1/ptm/m/n/10 , [][][]\T1/zi4/m/n/10 peaks_find[][][]()[]\T1/ptm/m/n/10 , [
][][]\T1/zi4/m/n/10 peaks_search[][][]()[]\T1/ptm/m/n/10 , [][][]\T1/zi4/m/n/10
 signal_integrate[][][]()[]\T1/ptm/m/n/10 , [][][]\T1/zi4/m/n/10 signal_slice[]
[][]()[]\T1/ptm/m/n/10 ,
[37] [38]
(/private/var/folders/yz/3s5p1pss4352wtlzt9_bzbp00000gp/T/RtmpqCWvEK/Rd2pdf8342
602963a8/Rd2.ind [39]

LaTeX Font Warning: Font shape `T1/zi4/m/it' undefined
(Font)              using `T1/zi4/m/n' instead on input line 43.


Overfull \hbox (10.8567pt too wide) in paragraph at lines 72--74
[]\T1/zi4/m/it/10 Arith,GammaSpectrum,GammaSpectrum-method 

Overfull \hbox (5.8567pt too wide) in paragraph at lines 105--107
[]\T1/zi4/m/it/10 baseline_rubberband,GammaSpectra-method 

Overfull \hbox (10.8567pt too wide) in paragraph at lines 107--109
[]\T1/zi4/m/it/10 baseline_rubberband,GammaSpectrum-method 
[40]
Overfull \hbox (20.8567pt too wide) in paragraph at lines 141--143
[]\T1/zi4/m/it/10 Compare,GammaSpectrum,GammaSpectrum-method 

Overfull \hbox (5.8567pt too wide) in paragraph at lines 157--159
[]\T1/zi4/m/it/10 dose_fit,GammaSpectra,data.frame-method 

Overfull \hbox (75.8567pt too wide) in paragraph at lines 159--161
[]\T1/zi4/m/it/10 dose_fit,GammaSpectra,GammaSpectrum,data.frame-method 

Overfull \hbox (55.8567pt too wide) in paragraph at lines 161--163
[]\T1/zi4/m/it/10 dose_fit,GammaSpectra,GammaSpectrum,matrix-method 

Overfull \hbox (55.8567pt too wide) in paragraph at lines 167--169
[]\T1/zi4/m/it/10 dose_predict,CalibrationCurve,GammaSpectra-method 

Overfull \hbox (60.8567pt too wide) in paragraph at lines 169--171
[]\T1/zi4/m/it/10 dose_predict,CalibrationCurve,GammaSpectrum-method 

Overfull \hbox (30.8567pt too wide) in paragraph at lines 171--173
[]\T1/zi4/m/it/10 dose_predict,CalibrationCurve,missing-method 

Overfull \hbox (20.8567pt too wide) in paragraph at lines 186--188
[]\T1/zi4/m/it/10 energy_calibrate,GammaSpectrum,list-method 

Overfull \hbox (60.8567pt too wide) in paragraph at lines 188--190
[]\T1/zi4/m/it/10 energy_calibrate,GammaSpectrum,PeakPosition-method 
[41]
Overfull \hbox (10.8567pt too wide) in paragraph at lines 341--343
[]\T1/zi4/m/it/10 Logic,GammaSpectrum,GammaSpectrum-method 

Overfull \hbox (15.8567pt too wide) in paragraph at lines 399--401
[]\T1/zi4/m/it/10 peaks_search,GammaSpectrum,integer-method 

Overfull \hbox (15.8567pt too wide) in paragraph at lines 401--403
[]\T1/zi4/m/it/10 peaks_search,GammaSpectrum,numeric-method 

Overfull \hbox (0.8567pt too wide) in paragraph at lines 414--416
[]\T1/zi4/m/it/10 plot,GammaSpectrum,PeakPosition-method 

Overfull \hbox (0.8567pt too wide) in paragraph at lines 450--452
[]\T1/zi4/m/it/10 set_energy,PeakPosition,numeric-method 

Overfull \hbox (10.8567pt too wide) in paragraph at lines 456--458
[]\T1/zi4/m/it/10 set_energy<-,PeakPosition,numeric-method 
[42]
Overfull \hbox (60.8567pt too wide) in paragraph at lines 497--499
[]\T1/zi4/m/it/10 signal_integrate,GammaSpectra,GammaSpectrum-method 

Overfull \hbox (30.8567pt too wide) in paragraph at lines 499--501
[]\T1/zi4/m/it/10 signal_integrate,GammaSpectra,missing-method 

Overfull \hbox (30.8567pt too wide) in paragraph at lines 501--503
[]\T1/zi4/m/it/10 signal_integrate,GammaSpectra,numeric-method 

Overfull \hbox (65.8567pt too wide) in paragraph at lines 503--505
[]\T1/zi4/m/it/10 signal_integrate,GammaSpectrum,GammaSpectrum-method 

Overfull \hbox (35.8567pt too wide) in paragraph at lines 505--507
[]\T1/zi4/m/it/10 signal_integrate,GammaSpectrum,missing-method 

Overfull \hbox (35.8567pt too wide) in paragraph at lines 507--509
[]\T1/zi4/m/it/10 signal_integrate,GammaSpectrum,numeric-method 

Overfull \hbox (0.8567pt too wide) in paragraph at lines 555--557
[]\T1/zi4/m/it/10 smooth_rectangular,GammaSpectra-method 

Overfull \hbox (5.8567pt too wide) in paragraph at lines 557--559
[]\T1/zi4/m/it/10 smooth_rectangular,GammaSpectrum-method 

Overfull \hbox (0.8567pt too wide) in paragraph at lines 573--575
[]\T1/zi4/m/it/10 smooth_triangular,GammaSpectrum-method 
[43])
(/private/var/folders/yz/3s5p1pss4352wtlzt9_bzbp00000gp/T/RtmpqCWvEK/Rd2pdf8342
602963a8/Rd2.aux)

LaTeX Font Warning: Some font shapes were not available, defaults substituted.


Package rerunfilecheck Warning: File `Rd2.out' has changed.
(rerunfilecheck)                Rerun to get outlines right
(rerunfilecheck)                or use package `bookmark'.

 )
(see the transcript file for additional information)
pdfTeX warning (dest): name{Rfn.function} has been referenced but does not exis
t, replaced by a fixed one


pdfTeX warning (dest): name{Rfn.split} has been referenced but does not exist, 
replaced by a fixed one


pdfTeX warning (dest): name{Rfn.factor} has been referenced but does not exist,
 replaced by a fixed one


pdfTeX warning (dest): name{Rfn.rxylib::read.Rul.xyData\(\)} has been reference
d but does not exist, replaced by a fixed one


pdfTeX warning (dest): name{Rfn.IsoplotR::isochron\(\)} has been referenced but
 does not exist, replaced by a fixed one


pdfTeX warning (dest): name{Rfn.IsoplotR::ellipse\(\)} has been referenced but 
does not exist, replaced by a fixed one


pdfTeX warning (dest): name{Rfn.ggplot2::ggplot} has been referenced but does n
ot exist, replaced by a fixed one


pdfTeX warning (dest): name{Rfn.signif} has been referenced but does not exist,
 replaced by a fixed one


pdfTeX warning (dest): name{Rfn.round} has been referenced but does not exist, 
replaced by a fixed one


pdfTeX warning (dest): name{Rfn.NA} has been referenced but does not exist, rep
laced by a fixed one


pdfTeX warning (dest): name{Rfn.linear\040model} has been referenced but does n
ot exist, replaced by a fixed one


pdfTeX warning (dest): name{Rfn.as.integer} has been referenced but does not ex
ist, replaced by a fixed one


pdfTeX warning (dest): name{Rfn.POSIXct} has been referenced but does not exist
, replaced by a fixed one


pdfTeX warning (dest): name{Rfn.matrix} has been referenced but does not exist,
 replaced by a fixed one


pdfTeX warning (dest): name{Rfn.data.frame} has been referenced but does not ex
ist, replaced by a fixed one


pdfTeX warning (dest): name{Rfn.list} has been referenced but does not exist, r
eplaced by a fixed one


pdfTeX warning (dest): name{Rfn.hyperSpec::spc.rubberband\(\)} has been referen
ced but does not exist, replaced by a fixed one


pdfTeX warning (dest): name{Rfn.logical} has been referenced but does not exist
, replaced by a fixed one


pdfTeX warning (dest): name{Rfn.numeric} has been referenced but does not exist
, replaced by a fixed one


pdfTeX warning (dest): name{Rfn.integer} has been referenced but does not exist
, replaced by a fixed one


pdfTeX warning (dest): name{Rfn.character} has been referenced but does not exi
st, replaced by a fixed one

{/usr/local/texlive/2022/texmf-dist/fonts/enc/dvips/inconsolata/i4-ts1.enc}{/us
r/local/texlive/2022/texmf-dist/fonts/enc/dvips/base/8r.enc}{/usr/local/texlive
/2022/texmf-dist/fonts/enc/dvips/inconsolata/i4-t1-0.enc}</usr/local/texlive/20
22/texmf-dist/fonts/type1/public/inconsolata/Inconsolata-zi4r.pfb></usr/local/t
exlive/2022/texmf-dist/fonts/type1/public/amsfonts/cm/cmmi10.pfb></usr/local/te
xlive/2022/texmf-dist/fonts/type1/public/amsfonts/cm/cmr10.pfb></usr/local/texl
ive/2022/texmf-dist/fonts/type1/public/amsfonts/cm/cmsy10.pfb></usr/local/texli
ve/2022/texmf-dist/fonts/type1/urw/helvetic/uhvr8a.pfb></usr/local/texlive/2022
/texmf-dist/fonts/type1/urw/times/utmb8a.pfb></usr/local/texlive/2022/texmf-dis
t/fonts/type1/urw/times/utmr8a.pfb></usr/local/texlive/2022/texmf-dist/fonts/ty
pe1/urw/times/utmr8a.pfb></usr/local/texlive/2022/texmf-dist/fonts/type1/urw/ti
mes/utmri8a.pfb>
Output written on Rd2.pdf (43 pages, 222608 bytes).
Transcript written on Rd2.log.
This is makeindex, version 2.16 [TeX Live 2022] (kpathsea + Thai support).
Scanning input file Rd2.idx....done (483 entries accepted, 25 rejected).
Sorting entries.......done (4669 comparisons).
Generating output file Rd2.ind....done (595 lines written, 3 warnings).
Output written in Rd2.ind.
Transcript written in Rd2.ilg.
This is pdfTeX, Version 3.141592653-2.6-1.40.24 (TeX Live 2022) (preloaded format=pdflatex)
 restricted \write18 enabled.
entering extended mode
LaTeX2e <2022-11-01> patch level 1
L3 programming layer <2022-12-17>
(./Rd2.tex
(/usr/local/texlive/2022/texmf-dist/tex/latex/base/book.cls
Document Class: book 2022/07/02 v1.4n Standard LaTeX document class
(/usr/local/texlive/2022/texmf-dist/tex/latex/base/bk10.clo))
(/Library/Frameworks/R.framework/Resources/share/texmf/tex/latex/Rd.sty
(/usr/local/texlive/2022/texmf-dist/tex/latex/base/ifthen.sty)
(/usr/local/texlive/2022/texmf-dist/tex/latex/tools/longtable.sty)
(/usr/local/texlive/2022/texmf-dist/tex/latex/tools/bm.sty)
(/usr/local/texlive/2022/texmf-dist/tex/latex/base/alltt.sty)
(/usr/local/texlive/2022/texmf-dist/tex/latex/tools/verbatim.sty)
(/usr/local/texlive/2022/texmf-dist/tex/latex/url/url.sty)
(/usr/local/texlive/2022/texmf-dist/tex/latex/base/textcomp.sty)
(/usr/local/texlive/2022/texmf-dist/tex/latex/amsmath/amsmath.sty
For additional information on amsmath, use the `?' option.
(/usr/local/texlive/2022/texmf-dist/tex/latex/amsmath/amstext.sty
(/usr/local/texlive/2022/texmf-dist/tex/latex/amsmath/amsgen.sty))
(/usr/local/texlive/2022/texmf-dist/tex/latex/amsmath/amsbsy.sty)
(/usr/local/texlive/2022/texmf-dist/tex/latex/amsmath/amsopn.sty))
(/usr/local/texlive/2022/texmf-dist/tex/latex/amsfonts/amsfonts.sty)
(/usr/local/texlive/2022/texmf-dist/tex/latex/amsfonts/amssymb.sty)
(/usr/local/texlive/2022/texmf-dist/tex/latex/jknapltx/mathrsfs.sty)
(/usr/local/texlive/2022/texmf-dist/tex/generic/iftex/iftex.sty)
(/usr/local/texlive/2022/texmf-dist/tex/latex/base/fontenc.sty)
(/usr/local/texlive/2022/texmf-dist/tex/latex/psnfss/times.sty)
(/usr/local/texlive/2022/texmf-dist/tex/latex/inconsolata/zi4.sty
`inconsolata-zi4' v1.12, 2019/05/17 Text macros for Inconsolata (msharpe)
(/usr/local/texlive/2022/texmf-dist/tex/latex/xkeyval/xkeyval.sty
(/usr/local/texlive/2022/texmf-dist/tex/generic/xkeyval/xkeyval.tex
(/usr/local/texlive/2022/texmf-dist/tex/generic/xkeyval/xkvutils.tex
(/usr/local/texlive/2022/texmf-dist/tex/generic/xkeyval/keyval.tex)))))
(/usr/local/texlive/2022/texmf-dist/tex/latex/graphics/color.sty
(/usr/local/texlive/2022/texmf-dist/tex/latex/graphics-cfg/color.cfg)
(/usr/local/texlive/2022/texmf-dist/tex/latex/graphics-def/pdftex.def)
(/usr/local/texlive/2022/texmf-dist/tex/latex/graphics/mathcolor.ltx))
(/usr/local/texlive/2022/texmf-dist/tex/latex/hyperref/hyperref.sty
(/usr/local/texlive/2022/texmf-dist/tex/generic/ltxcmds/ltxcmds.sty)
(/usr/local/texlive/2022/texmf-dist/tex/generic/pdftexcmds/pdftexcmds.sty
(/usr/local/texlive/2022/texmf-dist/tex/generic/infwarerr/infwarerr.sty))
(/usr/local/texlive/2022/texmf-dist/tex/latex/kvsetkeys/kvsetkeys.sty)
(/usr/local/texlive/2022/texmf-dist/tex/generic/kvdefinekeys/kvdefinekeys.sty)
(/usr/local/texlive/2022/texmf-dist/tex/generic/pdfescape/pdfescape.sty)
(/usr/local/texlive/2022/texmf-dist/tex/latex/hycolor/hycolor.sty)
(/usr/local/texlive/2022/texmf-dist/tex/latex/letltxmacro/letltxmacro.sty)
(/usr/local/texlive/2022/texmf-dist/tex/latex/auxhook/auxhook.sty)
(/usr/local/texlive/2022/texmf-dist/tex/latex/hyperref/nameref.sty
(/usr/local/texlive/2022/texmf-dist/tex/latex/refcount/refcount.sty)
(/usr/local/texlive/2022/texmf-dist/tex/generic/gettitlestring/gettitlestring.s
ty (/usr/local/texlive/2022/texmf-dist/tex/latex/kvoptions/kvoptions.sty)))
(/usr/local/texlive/2022/texmf-dist/tex/latex/hyperref/pd1enc.def)
(/usr/local/texlive/2022/texmf-dist/tex/generic/intcalc/intcalc.sty)
(/usr/local/texlive/2022/texmf-dist/tex/generic/etexcmds/etexcmds.sty)
(/usr/local/texlive/2022/texmf-dist/tex/latex/hyperref/puenc.def)
(/usr/local/texlive/2022/texmf-dist/tex/generic/bitset/bitset.sty
(/usr/local/texlive/2022/texmf-dist/tex/generic/bigintcalc/bigintcalc.sty))
(/usr/local/texlive/2022/texmf-dist/tex/latex/base/atbegshi-ltx.sty))
(/usr/local/texlive/2022/texmf-dist/tex/latex/hyperref/hpdftex.def
(/usr/local/texlive/2022/texmf-dist/tex/latex/base/atveryend-ltx.sty)
(/usr/local/texlive/2022/texmf-dist/tex/latex/rerunfilecheck/rerunfilecheck.sty

(/usr/local/texlive/2022/texmf-dist/tex/generic/uniquecounter/uniquecounter.sty
)))

Package hyperref Warning: Option `hyperindex' has already been used,
(hyperref)                setting the option has no effect on input line 391.


Package hyperref Warning: Option `pagebackref' has already been used,
(hyperref)                setting the option has no effect on input line 391.

) (/usr/local/texlive/2022/texmf-dist/tex/latex/base/makeidx.sty)
(/usr/local/texlive/2022/texmf-dist/tex/latex/base/inputenc.sty)
Writing index file Rd2.idx
(/usr/local/texlive/2022/texmf-dist/tex/latex/psnfss/t1ptm.fd)
(/usr/local/texlive/2022/texmf-dist/tex/latex/l3backend/l3backend-pdftex.def)
(/private/var/folders/yz/3s5p1pss4352wtlzt9_bzbp00000gp/T/RtmpqCWvEK/Rd2pdf8342
602963a8/Rd2.aux)
(/usr/local/texlive/2022/texmf-dist/tex/context/base/mkii/supp-pdf.mkii
[Loading MPS to PDF converter (version 2006.09.02).]
)
(/private/var/folders/yz/3s5p1pss4352wtlzt9_bzbp00000gp/T/RtmpqCWvEK/Rd2pdf8342
602963a8/Rd2.out)
(/private/var/folders/yz/3s5p1pss4352wtlzt9_bzbp00000gp/T/RtmpqCWvEK/Rd2pdf8342
602963a8/Rd2.out)
(/usr/local/texlive/2022/texmf-dist/tex/latex/inconsolata/t1zi4.fd)
(/usr/local/texlive/2022/texmf-dist/tex/latex/amsfonts/umsa.fd)
(/usr/local/texlive/2022/texmf-dist/tex/latex/amsfonts/umsb.fd)
(/usr/local/texlive/2022/texmf-dist/tex/latex/jknapltx/ursfs.fd)
(/usr/local/texlive/2022/texmf-dist/tex/latex/psnfss/ts1ptm.fd) [1{/usr/local/t
exlive/2022/texmf-var/fonts/map/pdftex/updmap/pdftex.map}]
(/usr/local/texlive/2022/texmf-dist/tex/latex/psnfss/t1phv.fd)
(/private/var/folders/yz/3s5p1pss4352wtlzt9_bzbp00000gp/T/RtmpqCWvEK/Rd2pdf8342
602963a8/Rd2.toc) [2] [3] [4]
(/usr/local/texlive/2022/texmf-dist/tex/latex/inconsolata/ts1zi4.fd) [5]
[6]
Overfull \hbox (9.64977pt too wide) in paragraph at lines 338--346
[]\T1/ptm/m/n/10 Other sig-nal pro-cess-ing: [][][]\T1/zi4/m/n/10 peaks_find[][
][]()[]\T1/ptm/m/n/10 , [][][]\T1/zi4/m/n/10 peaks_search[][][]()[]\T1/ptm/m/n/
10 , [][][]\T1/zi4/m/n/10 signal_integrate[][][]()[]\T1/ptm/m/n/10 , [][][]\T1/
zi4/m/n/10 signal_slice[][][]()[]\T1/ptm/m/n/10 ,

Overfull \hbox (55.53017pt too wide) in paragraph at lines 396--402
[]\T1/ptm/m/n/10 Other class: [][][]\T1/zi4/m/n/10 CalibrationCurve-class[][][]
[]\T1/ptm/m/n/10 , [][][]\T1/zi4/m/n/10 GammaSpectra-class[][][][]\T1/ptm/m/n/1
0 , [][][]\T1/zi4/m/n/10 GammaSpectrum-class[][][][]\T1/ptm/m/n/10 , [][][]\T1/
zi4/m/n/10 PeakPosition-class[][][][]\T1/ptm/m/n/10 ,
[7] [8]
Overfull \hbox (15.53017pt too wide) in paragraph at lines 531--537
[]\T1/ptm/m/n/10 Other class: [][][]\T1/zi4/m/n/10 Baseline-class[][][][]\T1/pt
m/m/n/10 , [][][]\T1/zi4/m/n/10 GammaSpectra-class[][][][]\T1/ptm/m/n/10 , [][]
[]\T1/zi4/m/n/10 GammaSpectrum-class[][][][]\T1/ptm/m/n/10 , [][][]\T1/zi4/m/n/
10 PeakPosition-class[][][][]\T1/ptm/m/n/10 ,
[9]
Overfull \hbox (35.53017pt too wide) in paragraph at lines 604--610
[]\T1/ptm/m/n/10 Other class: [][][]\T1/zi4/m/n/10 Baseline-class[][][][]\T1/pt
m/m/n/10 , [][][]\T1/zi4/m/n/10 CalibrationCurve-class[][][][]\T1/ptm/m/n/10 , 
[][][]\T1/zi4/m/n/10 GammaSpectra-class[][][][]\T1/ptm/m/n/10 , [][][]\T1/zi4/m
/n/10 GammaSpectrum-class[][][][]\T1/ptm/m/n/10 ,
[10] [11] [12] [13] [14] [15] [16]
Overfull \hbox (8.11859pt too wide) in paragraph at lines 1012--1015
[]\T1/ptm/m/n/10 Extracts the el-e-ments se-lected by sub-script []\T1/zi4/m/n/
10 i[]\T1/ptm/m/n/10 . []\T1/zi4/m/n/10 i []\T1/ptm/m/n/10 can be []\T1/zi4/m/n
/10 missing []\T1/ptm/m/n/10 or []\T1/zi4/m/n/10 NULL[]\T1/ptm/m/n/10 , []\T1/z
i4/m/n/10 numeric []\T1/ptm/m/n/10 or []\T1/zi4/m/n/10 character

Overfull \hbox (35.53017pt too wide) in paragraph at lines 1030--1036
[]\T1/ptm/m/n/10 Other class: [][][]\T1/zi4/m/n/10 Baseline-class[][][][]\T1/pt
m/m/n/10 , [][][]\T1/zi4/m/n/10 CalibrationCurve-class[][][][]\T1/ptm/m/n/10 , 
[][][]\T1/zi4/m/n/10 GammaSpectrum-class[][][][]\T1/ptm/m/n/10 , [][][]\T1/zi4/
m/n/10 PeakPosition-class[][][][]\T1/ptm/m/n/10 ,
[17] [18]
Overfull \hbox (30.53017pt too wide) in paragraph at lines 1166--1172
[]\T1/ptm/m/n/10 Other class: [][][]\T1/zi4/m/n/10 Baseline-class[][][][]\T1/pt
m/m/n/10 , [][][]\T1/zi4/m/n/10 CalibrationCurve-class[][][][]\T1/ptm/m/n/10 , 
[][][]\T1/zi4/m/n/10 GammaSpectra-class[][][][]\T1/ptm/m/n/10 , [][][]\T1/zi4/m
/n/10 PeakPosition-class[][][][]\T1/ptm/m/n/10 ,
[19] [20]
Underfull \vbox (badness 10000) has occurred while \output is active [21]
[22] [23]
Overfull \hbox (19.56018pt too wide) in paragraph at lines 1494--1500
[]\T1/ptm/m/n/10 "[]\T1/zi4/m/n/10 abs[]\T1/ptm/m/n/10 ", "[]\T1/zi4/m/n/10 sig
n[]\T1/ptm/m/n/10 ", "[]\T1/zi4/m/n/10 sqrt[]\T1/ptm/m/n/10 ", "[]\T1/zi4/m/n/1
0 ceiling[]\T1/ptm/m/n/10 ", "[]\T1/zi4/m/n/10 floor[]\T1/ptm/m/n/10 ", "[]\T1/
zi4/m/n/10 trunc[]\T1/ptm/m/n/10 ", "[]\T1/zi4/m/n/10 cummax[]\T1/ptm/m/n/10 ",
 "[]\T1/zi4/m/n/10 cummin[]\T1/ptm/m/n/10 ", "[]\T1/zi4/m/n/10 cumprod[]\T1/ptm
/m/n/10 ", "[]\T1/zi4/m/n/10 cumsum[]\T1/ptm/m/n/10 ",
[24]
Overfull \hbox (35.53017pt too wide) in paragraph at lines 1603--1609
[]\T1/ptm/m/n/10 Other class: [][][]\T1/zi4/m/n/10 Baseline-class[][][][]\T1/pt
m/m/n/10 , [][][]\T1/zi4/m/n/10 CalibrationCurve-class[][][][]\T1/ptm/m/n/10 , 
[][][]\T1/zi4/m/n/10 GammaSpectra-class[][][][]\T1/ptm/m/n/10 , [][][]\T1/zi4/m
/n/10 GammaSpectrum-class[][][][]\T1/ptm/m/n/10 ,
[25] [26]
Overfull \hbox (54.16978pt too wide) in paragraph at lines 1754--1762
[]\T1/ptm/m/n/10 Other sig-nal pro-cess-ing: [][][]\T1/zi4/m/n/10 baseline[][][
][]\T1/ptm/m/n/10 , [][][]\T1/zi4/m/n/10 peaks_find[][][]()[]\T1/ptm/m/n/10 , [
][][]\T1/zi4/m/n/10 signal_integrate[][][]()[]\T1/ptm/m/n/10 , [][][]\T1/zi4/m/
n/10 signal_slice[][][]()[]\T1/ptm/m/n/10 , [][][]\T1/zi4/m/n/10 signal_split[]
[][]()[]\T1/ptm/m/n/10 ,
[27] [28] [29] [30] [31]
Overfull \hbox (34.16978pt too wide) in paragraph at lines 2064--2072
[]\T1/ptm/m/n/10 Other sig-nal pro-cess-ing: [][][]\T1/zi4/m/n/10 baseline[][][
][]\T1/ptm/m/n/10 , [][][]\T1/zi4/m/n/10 peaks_find[][][]()[]\T1/ptm/m/n/10 , [
][][]\T1/zi4/m/n/10 peaks_search[][][]()[]\T1/ptm/m/n/10 , [][][]\T1/zi4/m/n/10
 signal_slice[][][]()[]\T1/ptm/m/n/10 , [][][]\T1/zi4/m/n/10 signal_split[][][]
()[]\T1/ptm/m/n/10 ,
[32]
Overfull \hbox (54.16978pt too wide) in paragraph at lines 2127--2135
[]\T1/ptm/m/n/10 Other sig-nal pro-cess-ing: [][][]\T1/zi4/m/n/10 baseline[][][
][]\T1/ptm/m/n/10 , [][][]\T1/zi4/m/n/10 peaks_find[][][]()[]\T1/ptm/m/n/10 , [
][][]\T1/zi4/m/n/10 peaks_search[][][]()[]\T1/ptm/m/n/10 , [][][]\T1/zi4/m/n/10
 signal_integrate[][][]()[]\T1/ptm/m/n/10 , [][][]\T1/zi4/m/n/10 signal_split[]
[][]()[]\T1/ptm/m/n/10 ,
[33]
Overfull \hbox (54.16978pt too wide) in paragraph at lines 2201--2209
[]\T1/ptm/m/n/10 Other sig-nal pro-cess-ing: [][][]\T1/zi4/m/n/10 baseline[][][
][]\T1/ptm/m/n/10 , [][][]\T1/zi4/m/n/10 peaks_find[][][]()[]\T1/ptm/m/n/10 , [
][][]\T1/zi4/m/n/10 peaks_search[][][]()[]\T1/ptm/m/n/10 , [][][]\T1/zi4/m/n/10
 signal_integrate[][][]()[]\T1/ptm/m/n/10 , [][][]\T1/zi4/m/n/10 signal_slice[]
[][]()[]\T1/ptm/m/n/10 ,
[34]
Overfull \hbox (54.16978pt too wide) in paragraph at lines 2285--2293
[]\T1/ptm/m/n/10 Other sig-nal pro-cess-ing: [][][]\T1/zi4/m/n/10 baseline[][][
][]\T1/ptm/m/n/10 , [][][]\T1/zi4/m/n/10 peaks_find[][][]()[]\T1/ptm/m/n/10 , [
][][]\T1/zi4/m/n/10 peaks_search[][][]()[]\T1/ptm/m/n/10 , [][][]\T1/zi4/m/n/10
 signal_integrate[][][]()[]\T1/ptm/m/n/10 , [][][]\T1/zi4/m/n/10 signal_slice[]
[][]()[]\T1/ptm/m/n/10 ,
[35] [36]
Overfull \hbox (54.16978pt too wide) in paragraph at lines 2415--2423
[]\T1/ptm/m/n/10 Other sig-nal pro-cess-ing: [][][]\T1/zi4/m/n/10 baseline[][][
][]\T1/ptm/m/n/10 , [][][]\T1/zi4/m/n/10 peaks_find[][][]()[]\T1/ptm/m/n/10 , [
][][]\T1/zi4/m/n/10 peaks_search[][][]()[]\T1/ptm/m/n/10 , [][][]\T1/zi4/m/n/10
 signal_integrate[][][]()[]\T1/ptm/m/n/10 , [][][]\T1/zi4/m/n/10 signal_slice[]
[][]()[]\T1/ptm/m/n/10 ,
[37] [38]
(/private/var/folders/yz/3s5p1pss4352wtlzt9_bzbp00000gp/T/RtmpqCWvEK/Rd2pdf8342
602963a8/Rd2.ind [39]

LaTeX Font Warning: Font shape `T1/zi4/m/it' undefined
(Font)              using `T1/zi4/m/n' instead on input line 43.


Overfull \hbox (10.8567pt too wide) in paragraph at lines 72--74
[]\T1/zi4/m/it/10 Arith,GammaSpectrum,GammaSpectrum-method 

Overfull \hbox (5.8567pt too wide) in paragraph at lines 105--107
[]\T1/zi4/m/it/10 baseline_rubberband,GammaSpectra-method 

Overfull \hbox (10.8567pt too wide) in paragraph at lines 107--109
[]\T1/zi4/m/it/10 baseline_rubberband,GammaSpectrum-method 
[40]
Overfull \hbox (20.8567pt too wide) in paragraph at lines 141--143
[]\T1/zi4/m/it/10 Compare,GammaSpectrum,GammaSpectrum-method 

Overfull \hbox (5.8567pt too wide) in paragraph at lines 157--159
[]\T1/zi4/m/it/10 dose_fit,GammaSpectra,data.frame-method 

Overfull \hbox (75.8567pt too wide) in paragraph at lines 159--161
[]\T1/zi4/m/it/10 dose_fit,GammaSpectra,GammaSpectrum,data.frame-method 

Overfull \hbox (55.8567pt too wide) in paragraph at lines 161--163
[]\T1/zi4/m/it/10 dose_fit,GammaSpectra,GammaSpectrum,matrix-method 

Overfull \hbox (55.8567pt too wide) in paragraph at lines 167--169
[]\T1/zi4/m/it/10 dose_predict,CalibrationCurve,GammaSpectra-method 

Overfull \hbox (60.8567pt too wide) in paragraph at lines 169--171
[]\T1/zi4/m/it/10 dose_predict,CalibrationCurve,GammaSpectrum-method 

Overfull \hbox (30.8567pt too wide) in paragraph at lines 171--173
[]\T1/zi4/m/it/10 dose_predict,CalibrationCurve,missing-method 

Overfull \hbox (20.8567pt too wide) in paragraph at lines 186--188
[]\T1/zi4/m/it/10 energy_calibrate,GammaSpectrum,list-method 

Overfull \hbox (60.8567pt too wide) in paragraph at lines 188--190
[]\T1/zi4/m/it/10 energy_calibrate,GammaSpectrum,PeakPosition-method 
[41]
Overfull \hbox (10.8567pt too wide) in paragraph at lines 341--343
[]\T1/zi4/m/it/10 Logic,GammaSpectrum,GammaSpectrum-method 

Overfull \hbox (15.8567pt too wide) in paragraph at lines 399--401
[]\T1/zi4/m/it/10 peaks_search,GammaSpectrum,integer-method 

Overfull \hbox (15.8567pt too wide) in paragraph at lines 401--403
[]\T1/zi4/m/it/10 peaks_search,GammaSpectrum,numeric-method 

Overfull \hbox (0.8567pt too wide) in paragraph at lines 414--416
[]\T1/zi4/m/it/10 plot,GammaSpectrum,PeakPosition-method 

Overfull \hbox (0.8567pt too wide) in paragraph at lines 450--452
[]\T1/zi4/m/it/10 set_energy,PeakPosition,numeric-method 

Overfull \hbox (10.8567pt too wide) in paragraph at lines 456--458
[]\T1/zi4/m/it/10 set_energy<-,PeakPosition,numeric-method 
[42]
Overfull \hbox (60.8567pt too wide) in paragraph at lines 497--499
[]\T1/zi4/m/it/10 signal_integrate,GammaSpectra,GammaSpectrum-method 

Overfull \hbox (30.8567pt too wide) in paragraph at lines 499--501
[]\T1/zi4/m/it/10 signal_integrate,GammaSpectra,missing-method 

Overfull \hbox (30.8567pt too wide) in paragraph at lines 501--503
[]\T1/zi4/m/it/10 signal_integrate,GammaSpectra,numeric-method 

Overfull \hbox (65.8567pt too wide) in paragraph at lines 503--505
[]\T1/zi4/m/it/10 signal_integrate,GammaSpectrum,GammaSpectrum-method 

Overfull \hbox (35.8567pt too wide) in paragraph at lines 505--507
[]\T1/zi4/m/it/10 signal_integrate,GammaSpectrum,missing-method 

Overfull \hbox (35.8567pt too wide) in paragraph at lines 507--509
[]\T1/zi4/m/it/10 signal_integrate,GammaSpectrum,numeric-method 

Overfull \hbox (0.8567pt too wide) in paragraph at lines 555--557
[]\T1/zi4/m/it/10 smooth_rectangular,GammaSpectra-method 

Overfull \hbox (5.8567pt too wide) in paragraph at lines 557--559
[]\T1/zi4/m/it/10 smooth_rectangular,GammaSpectrum-method 

Overfull \hbox (0.8567pt too wide) in paragraph at lines 573--575
[]\T1/zi4/m/it/10 smooth_triangular,GammaSpectrum-method 
[43])
(/private/var/folders/yz/3s5p1pss4352wtlzt9_bzbp00000gp/T/RtmpqCWvEK/Rd2pdf8342
602963a8/Rd2.aux)

LaTeX Font Warning: Some font shapes were not available, defaults substituted.

 )
(see the transcript file for additional information)
pdfTeX warning (dest): name{Rfn.function} has been referenced but does not exis
t, replaced by a fixed one


pdfTeX warning (dest): name{Rfn.split} has been referenced but does not exist, 
replaced by a fixed one


pdfTeX warning (dest): name{Rfn.factor} has been referenced but does not exist,
 replaced by a fixed one


pdfTeX warning (dest): name{Rfn.rxylib::read.Rul.xyData\(\)} has been reference
d but does not exist, replaced by a fixed one


pdfTeX warning (dest): name{Rfn.IsoplotR::isochron\(\)} has been referenced but
 does not exist, replaced by a fixed one


pdfTeX warning (dest): name{Rfn.IsoplotR::ellipse\(\)} has been referenced but 
does not exist, replaced by a fixed one


pdfTeX warning (dest): name{Rfn.ggplot2::ggplot} has been referenced but does n
ot exist, replaced by a fixed one


pdfTeX warning (dest): name{Rfn.signif} has been referenced but does not exist,
 replaced by a fixed one


pdfTeX warning (dest): name{Rfn.round} has been referenced but does not exist, 
replaced by a fixed one


pdfTeX warning (dest): name{Rfn.NA} has been referenced but does not exist, rep
laced by a fixed one


pdfTeX warning (dest): name{Rfn.linear\040model} has been referenced but does n
ot exist, replaced by a fixed one


pdfTeX warning (dest): name{Rfn.as.integer} has been referenced but does not ex
ist, replaced by a fixed one


pdfTeX warning (dest): name{Rfn.POSIXct} has been referenced but does not exist
, replaced by a fixed one


pdfTeX warning (dest): name{Rfn.matrix} has been referenced but does not exist,
 replaced by a fixed one


pdfTeX warning (dest): name{Rfn.data.frame} has been referenced but does not ex
ist, replaced by a fixed one


pdfTeX warning (dest): name{Rfn.list} has been referenced but does not exist, r
eplaced by a fixed one


pdfTeX warning (dest): name{Rfn.hyperSpec::spc.rubberband\(\)} has been referen
ced but does not exist, replaced by a fixed one


pdfTeX warning (dest): name{Rfn.logical} has been referenced but does not exist
, replaced by a fixed one


pdfTeX warning (dest): name{Rfn.numeric} has been referenced but does not exist
, replaced by a fixed one


pdfTeX warning (dest): name{Rfn.integer} has been referenced but does not exist
, replaced by a fixed one


pdfTeX warning (dest): name{Rfn.character} has been referenced but does not exi
st, replaced by a fixed one

{/usr/local/texlive/2022/texmf-dist/fonts/enc/dvips/inconsolata/i4-ts1.enc}{/us
r/local/texlive/2022/texmf-dist/fonts/enc/dvips/base/8r.enc}{/usr/local/texlive
/2022/texmf-dist/fonts/enc/dvips/inconsolata/i4-t1-0.enc}</usr/local/texlive/20
22/texmf-dist/fonts/type1/public/inconsolata/Inconsolata-zi4r.pfb></usr/local/t
exlive/2022/texmf-dist/fonts/type1/public/amsfonts/cm/cmmi10.pfb></usr/local/te
xlive/2022/texmf-dist/fonts/type1/public/amsfonts/cm/cmr10.pfb></usr/local/texl
ive/2022/texmf-dist/fonts/type1/public/amsfonts/cm/cmsy10.pfb></usr/local/texli
ve/2022/texmf-dist/fonts/type1/urw/helvetic/uhvr8a.pfb></usr/local/texlive/2022
/texmf-dist/fonts/type1/urw/times/utmb8a.pfb></usr/local/texlive/2022/texmf-dis
t/fonts/type1/urw/times/utmr8a.pfb></usr/local/texlive/2022/texmf-dist/fonts/ty
pe1/urw/times/utmr8a.pfb></usr/local/texlive/2022/texmf-dist/fonts/type1/urw/ti
mes/utmri8a.pfb>
Output written on Rd2.pdf (43 pages, 223020 bytes).
Transcript written on Rd2.log.
Saving output to gamma-manual.pdf ...
Done
You may want to clean up by 'rm -Rf /var/folders/yz/3s5p1pss4352wtlzt9_bzbp00000gp/T//RtmpqCWvEK/Rd2pdf8342602963a8'
