This is pdfTeX, Version 3.141592653-2.6-1.40.24 (TeX Live 2022) (preloaded format=pdflatex 2022.5.20)  8 AUG 2022 19:01
entering extended mode
 restricted \write18 enabled.
 %&-line parsing enabled.
**\nonstopmode \input ./Rd2.tex \input ./Rd2.tex \input ./Rd2.tex \input ./Rd2.
tex
(./Rd2.tex
(/usr/local/texlive/2022/texmf-dist/tex/latex/base/book.cls
Document Class: book 2021/10/04 v1.4n Standard LaTeX document class
(/usr/local/texlive/2022/texmf-dist/tex/latex/base/bk10.clo
File: bk10.clo 2021/10/04 v1.4n Standard LaTeX file (size option)
)
\c@part=\count185
\c@chapter=\count186
\c@section=\count187
\c@subsection=\count188
\c@subsubsection=\count189
\c@paragraph=\count190
\c@subparagraph=\count191
\c@figure=\count192
\c@table=\count193
\abovecaptionskip=\skip47
\belowcaptionskip=\skip48
\bibindent=\dimen138
)
(/Library/Frameworks/R.framework/Resources/share/texmf/tex/latex/Rd.sty
Package: Rd 

(/usr/local/texlive/2022/texmf-dist/tex/latex/base/ifthen.sty
Package: ifthen 2020/11/24 v1.1c Standard LaTeX ifthen package (DPC)
)
(/usr/local/texlive/2022/texmf-dist/tex/latex/tools/longtable.sty
Package: longtable 2021-09-01 v4.17 Multi-page Table package (DPC)
\LTleft=\skip49
\LTright=\skip50
\LTpre=\skip51
\LTpost=\skip52
\LTchunksize=\count194
\LTcapwidth=\dimen139
\LT@head=\box50
\LT@firsthead=\box51
\LT@foot=\box52
\LT@lastfoot=\box53
\LT@gbox=\box54
\LT@cols=\count195
\LT@rows=\count196
\c@LT@tables=\count197
\c@LT@chunks=\count198
\LT@p@ftn=\toks16
)
(/usr/local/texlive/2022/texmf-dist/tex/latex/tools/bm.sty
Package: bm 2021/04/25 v1.2e Bold Symbol Support (DPC/FMi)
\symboldoperators=\mathgroup4
\symboldletters=\mathgroup5
\symboldsymbols=\mathgroup6
Package bm Info: No bold for \OMX/cmex/m/n, using \pmb.
LaTeX Font Info:    Redeclaring math alphabet \mathbf on input line 149.
)
(/usr/local/texlive/2022/texmf-dist/tex/latex/base/alltt.sty
Package: alltt 2021/01/29 v2.0g defines alltt environment
)
(/usr/local/texlive/2022/texmf-dist/tex/latex/tools/verbatim.sty
Package: verbatim 2020-07-07 v1.5u LaTeX2e package for verbatim enhancements
\every@verbatim=\toks17
\verbatim@line=\toks18
\verbatim@in@stream=\read2
)
(/usr/local/texlive/2022/texmf-dist/tex/latex/url/url.sty
\Urlmuskip=\muskip16
Package: url 2013/09/16  ver 3.4  Verb mode for urls, etc.
)
(/usr/local/texlive/2022/texmf-dist/tex/latex/base/textcomp.sty
Package: textcomp 2020/02/02 v2.0n Standard LaTeX package
)
\ldescriptionwidth=\skip53

(/usr/local/texlive/2022/texmf-dist/tex/generic/iftex/iftex.sty
Package: iftex 2022/02/03 v1.0f TeX engine tests
)
(/usr/local/texlive/2022/texmf-dist/tex/latex/base/fontenc.sty
Package: fontenc 2021/04/29 v2.0v Standard LaTeX package
)
(/usr/local/texlive/2022/texmf-dist/tex/latex/psnfss/times.sty
Package: times 2020/03/25 PSNFSS-v9.3 (SPQR) 
)
(/usr/local/texlive/2022/texmf-dist/tex/latex/inconsolata/zi4.sty
Package: zi4 2019/05/17 v1.12

`inconsolata-zi4' v1.12, 2019/05/17 Text macros for Inconsolata (msharpe)
(/usr/local/texlive/2022/texmf-dist/tex/latex/xkeyval/xkeyval.sty
Package: xkeyval 2020/11/20 v2.8 package option processing (HA)

(/usr/local/texlive/2022/texmf-dist/tex/generic/xkeyval/xkeyval.tex
(/usr/local/texlive/2022/texmf-dist/tex/generic/xkeyval/xkvutils.tex
\XKV@toks=\toks19
\XKV@tempa@toks=\toks20

(/usr/local/texlive/2022/texmf-dist/tex/generic/xkeyval/keyval.tex))
\XKV@depth=\count199
File: xkeyval.tex 2014/12/03 v2.7a key=value parser (HA)
))
\zifour@ocount=\count266
)
(/usr/local/texlive/2022/texmf-dist/tex/latex/graphics/color.sty
Package: color 2021/12/07 v1.3c Standard LaTeX Color (DPC)

(/usr/local/texlive/2022/texmf-dist/tex/latex/graphics-cfg/color.cfg
File: color.cfg 2016/01/02 v1.6 sample color configuration
)
Package color Info: Driver file: pdftex.def on input line 149.

(/usr/local/texlive/2022/texmf-dist/tex/latex/graphics-def/pdftex.def
File: pdftex.def 2020/10/05 v1.2a Graphics/color driver for pdftex
))
(/usr/local/texlive/2022/texmf-dist/tex/latex/hyperref/hyperref.sty
Package: hyperref 2022-05-17 v7.00q Hypertext links for LaTeX

(/usr/local/texlive/2022/texmf-dist/tex/generic/ltxcmds/ltxcmds.sty
Package: ltxcmds 2020-05-10 v1.25 LaTeX kernel commands for general use (HO)
)
(/usr/local/texlive/2022/texmf-dist/tex/generic/pdftexcmds/pdftexcmds.sty
Package: pdftexcmds 2020-06-27 v0.33 Utility functions of pdfTeX for LuaTeX (HO
)

(/usr/local/texlive/2022/texmf-dist/tex/generic/infwarerr/infwarerr.sty
Package: infwarerr 2019/12/03 v1.5 Providing info/warning/error messages (HO)
)
Package pdftexcmds Info: \pdf@primitive is available.
Package pdftexcmds Info: \pdf@ifprimitive is available.
Package pdftexcmds Info: \pdfdraftmode found.
)
(/usr/local/texlive/2022/texmf-dist/tex/generic/kvsetkeys/kvsetkeys.sty
Package: kvsetkeys 2019/12/15 v1.18 Key value parser (HO)
)
(/usr/local/texlive/2022/texmf-dist/tex/generic/kvdefinekeys/kvdefinekeys.sty
Package: kvdefinekeys 2019-12-19 v1.6 Define keys (HO)
)
(/usr/local/texlive/2022/texmf-dist/tex/generic/pdfescape/pdfescape.sty
Package: pdfescape 2019/12/09 v1.15 Implements pdfTeX's escape features (HO)
)
(/usr/local/texlive/2022/texmf-dist/tex/latex/hycolor/hycolor.sty
Package: hycolor 2020-01-27 v1.10 Color options for hyperref/bookmark (HO)
)
(/usr/local/texlive/2022/texmf-dist/tex/latex/letltxmacro/letltxmacro.sty
Package: letltxmacro 2019/12/03 v1.6 Let assignment for LaTeX macros (HO)
)
(/usr/local/texlive/2022/texmf-dist/tex/latex/auxhook/auxhook.sty
Package: auxhook 2019-12-17 v1.6 Hooks for auxiliary files (HO)
)
(/usr/local/texlive/2022/texmf-dist/tex/latex/hyperref/nameref.sty
Package: nameref 2022-05-17 v2.50 Cross-referencing by name of section

(/usr/local/texlive/2022/texmf-dist/tex/latex/refcount/refcount.sty
Package: refcount 2019/12/15 v3.6 Data extraction from label references (HO)
)
(/usr/local/texlive/2022/texmf-dist/tex/generic/gettitlestring/gettitlestring.s
ty
Package: gettitlestring 2019/12/15 v1.6 Cleanup title references (HO)
 (/usr/local/texlive/2022/texmf-dist/tex/latex/kvoptions/kvoptions.sty
Package: kvoptions 2020-10-07 v3.14 Key value format for package options (HO)
))
\c@section@level=\count267
)
\@linkdim=\dimen140
\Hy@linkcounter=\count268
\Hy@pagecounter=\count269

(/usr/local/texlive/2022/texmf-dist/tex/latex/hyperref/pd1enc.def
File: pd1enc.def 2022-05-17 v7.00q Hyperref: PDFDocEncoding definition (HO)
Now handling font encoding PD1 ...
... no UTF-8 mapping file for font encoding PD1
)
(/usr/local/texlive/2022/texmf-dist/tex/generic/intcalc/intcalc.sty
Package: intcalc 2019/12/15 v1.3 Expandable calculations with integers (HO)
)
(/usr/local/texlive/2022/texmf-dist/tex/generic/etexcmds/etexcmds.sty
Package: etexcmds 2019/12/15 v1.7 Avoid name clashes with e-TeX commands (HO)
)
\Hy@SavedSpaceFactor=\count270

(/usr/local/texlive/2022/texmf-dist/tex/latex/hyperref/puenc.def
File: puenc.def 2022-05-17 v7.00q Hyperref: PDF Unicode definition (HO)
Now handling font encoding PU ...
... no UTF-8 mapping file for font encoding PU
)
Package hyperref Info: Hyper figures OFF on input line 4139.
Package hyperref Info: Link nesting OFF on input line 4144.
Package hyperref Info: Hyper index ON on input line 4147.
Package hyperref Info: Plain pages OFF on input line 4154.
Package hyperref Info: Backreferencing OFF on input line 4159.
Package hyperref Info: Implicit mode ON; LaTeX internals redefined.
Package hyperref Info: Bookmarks ON on input line 4385.
\c@Hy@tempcnt=\count271
LaTeX Info: Redefining \url on input line 4723.
\XeTeXLinkMargin=\dimen141

(/usr/local/texlive/2022/texmf-dist/tex/generic/bitset/bitset.sty
Package: bitset 2019/12/09 v1.3 Handle bit-vector datatype (HO)

(/usr/local/texlive/2022/texmf-dist/tex/generic/bigintcalc/bigintcalc.sty
Package: bigintcalc 2019/12/15 v1.5 Expandable calculations on big integers (HO
)
))
\Fld@menulength=\count272
\Field@Width=\dimen142
\Fld@charsize=\dimen143
Package hyperref Info: Hyper figures OFF on input line 6001.
Package hyperref Info: Link nesting OFF on input line 6006.
Package hyperref Info: Hyper index ON on input line 6009.
Package hyperref Info: backreferencing OFF on input line 6016.
Package hyperref Info: Link coloring OFF on input line 6021.
Package hyperref Info: Link coloring with OCG OFF on input line 6026.
Package hyperref Info: PDF/A mode OFF on input line 6031.
LaTeX Info: Redefining \ref on input line 6078.
LaTeX Info: Redefining \pageref on input line 6078.

(/usr/local/texlive/2022/texmf-dist/tex/latex/base/atbegshi-ltx.sty
Package: atbegshi-ltx 2021/01/10 v1.0c Emulation of the original atbegshi
package with kernel methods
)
\Hy@abspage=\count273
\c@Item=\count274
\c@Hfootnote=\count275
)
Package hyperref Info: Driver (autodetected): hpdftex.

(/usr/local/texlive/2022/texmf-dist/tex/latex/hyperref/hpdftex.def
File: hpdftex.def 2022-05-17 v7.00q Hyperref driver for pdfTeX

(/usr/local/texlive/2022/texmf-dist/tex/latex/base/atveryend-ltx.sty
Package: atveryend-ltx 2020/08/19 v1.0a Emulation of the original atveryend pac
kage
with kernel methods
)
\Fld@listcount=\count276
\c@bookmark@seq@number=\count277

(/usr/local/texlive/2022/texmf-dist/tex/latex/rerunfilecheck/rerunfilecheck.sty
Package: rerunfilecheck 2019/12/05 v1.9 Rerun checks for auxiliary files (HO)

(/usr/local/texlive/2022/texmf-dist/tex/generic/uniquecounter/uniquecounter.sty
Package: uniquecounter 2019/12/15 v1.4 Provide unlimited unique counter (HO)
)
Package uniquecounter Info: New unique counter `rerunfilecheck' on input line 2
86.
)
\Hy@SectionHShift=\skip54
)

Package hyperref Warning: Option `hyperindex' has already been used,
(hyperref)                setting the option has no effect on input line 388.

Package hyperref Info: Option `colorlinks' set `true' on input line 388.

Package hyperref Warning: Option `pagebackref' has already been used,
(hyperref)                setting the option has no effect on input line 388.

Package hyperref Info: Option `linktocpage' set `true' on input line 388.
Package hyperref Info: Option `plainpages' set `false' on input line 388.
) (/usr/local/texlive/2022/texmf-dist/tex/latex/base/makeidx.sty
Package: makeidx 2021/10/04 v1.0m Standard LaTeX package
)
(/usr/local/texlive/2022/texmf-dist/tex/latex/base/inputenc.sty
Package: inputenc 2021/02/14 v1.3d Input encoding file
\inpenc@prehook=\toks21
\inpenc@posthook=\toks22
)
\@indexfile=\write3
\openout3 = `Rd2.idx'.


Writing index file Rd2.idx
LaTeX Font Info:    Trying to load font information for T1+ptm on input line 8.

(/usr/local/texlive/2022/texmf-dist/tex/latex/psnfss/t1ptm.fd
File: t1ptm.fd 2001/06/04 font definitions for T1/ptm.
)
(/usr/local/texlive/2022/texmf-dist/tex/latex/l3backend/l3backend-pdftex.def
File: l3backend-pdftex.def 2022-04-20 L3 backend support: PDF output (pdfTeX)
\l__color_backend_stack_int=\count278
\l__pdf_internal_box=\box55
)
(/private/var/folders/yz/3s5p1pss4352wtlzt9_bzbp00000gp/T/RtmpfkNHc9/Rd2pdfa3f5
3d880ee4/Rd2.aux)
\openout1 = `Rd2.aux'.

LaTeX Font Info:    Checking defaults for OML/cmm/m/it on input line 8.
LaTeX Font Info:    ... okay on input line 8.
LaTeX Font Info:    Checking defaults for OMS/cmsy/m/n on input line 8.
LaTeX Font Info:    ... okay on input line 8.
LaTeX Font Info:    Checking defaults for OT1/cmr/m/n on input line 8.
LaTeX Font Info:    ... okay on input line 8.
LaTeX Font Info:    Checking defaults for T1/cmr/m/n on input line 8.
LaTeX Font Info:    ... okay on input line 8.
LaTeX Font Info:    Checking defaults for TS1/cmr/m/n on input line 8.
LaTeX Font Info:    ... okay on input line 8.
LaTeX Font Info:    Checking defaults for OMX/cmex/m/n on input line 8.
LaTeX Font Info:    ... okay on input line 8.
LaTeX Font Info:    Checking defaults for U/cmr/m/n on input line 8.
LaTeX Font Info:    ... okay on input line 8.
LaTeX Font Info:    Checking defaults for PD1/pdf/m/n on input line 8.
LaTeX Font Info:    ... okay on input line 8.
LaTeX Font Info:    Checking defaults for PU/pdf/m/n on input line 8.
LaTeX Font Info:    ... okay on input line 8.

(/usr/local/texlive/2022/texmf-dist/tex/context/base/mkii/supp-pdf.mkii
[Loading MPS to PDF converter (version 2006.09.02).]
\scratchcounter=\count279
\scratchdimen=\dimen144
\scratchbox=\box56
\nofMPsegments=\count280
\nofMParguments=\count281
\everyMPshowfont=\toks23
\MPscratchCnt=\count282
\MPscratchDim=\dimen145
\MPnumerator=\count283
\makeMPintoPDFobject=\count284
\everyMPtoPDFconversion=\toks24
)
Package hyperref Info: Link coloring ON on input line 8.

(/private/var/folders/yz/3s5p1pss4352wtlzt9_bzbp00000gp/T/RtmpfkNHc9/Rd2pdfa3f5
3d880ee4/Rd2.out)
(/private/var/folders/yz/3s5p1pss4352wtlzt9_bzbp00000gp/T/RtmpfkNHc9/Rd2pdfa3f5
3d880ee4/Rd2.out)
\@outlinefile=\write4
\openout4 = `Rd2.out'.

LaTeX Font Info:    Trying to load font information for T1+zi4 on input line 23
.

(/usr/local/texlive/2022/texmf-dist/tex/latex/inconsolata/t1zi4.fd
File: t1zi4.fd 2018/01/14 T1/zi4 (Inconsolata)
)
LaTeX Font Info:    Font shape `T1/zi4/m/n' will be
(Font)              scaled to size 10.0pt on input line 23.
LaTeX Font Info:    External font `cmex10' loaded for size
(Font)              <7> on input line 30.
LaTeX Font Info:    External font `cmex10' loaded for size
(Font)              <5> on input line 30.
LaTeX Font Info:    Trying to load font information for T1+phv on input line 51
.

(/usr/local/texlive/2022/texmf-dist/tex/latex/psnfss/t1phv.fd
File: t1phv.fd 2020/03/25 scalable font definitions for T1/phv.
)
(/private/var/folders/yz/3s5p1pss4352wtlzt9_bzbp00000gp/T/RtmpfkNHc9/Rd2pdfa3f5
3d880ee4/Rd2.toc [1


{/usr/local/texlive/2022/texmf-var/fonts/map/pdftex/updmap/pdftex.map}] [2])
\tf@toc=\write5
\openout5 = `Rd2.toc'.


Overfull \hbox (6.0479pt too wide) in paragraph at lines 92--94
[]\T1/ptm/m/n/10 A []\T1/zi4/m/n/10 powdRlib []\T1/ptm/m/n/10 ob-ject rep-re-se
nt-ing the ref-er-ence li-brary. Cre-ated us-ing the []\T1/zi4/m/n/10 powdRlib
 []

[3]
Overfull \hbox (62.46906pt too wide) in paragraph at lines 116--119
\T1/ptm/m/n/10 names sup-plied must be present within the []\T1/zi4/m/n/10 lib$
phases$phase_id []\T1/ptm/m/n/10 or []\T1/zi4/m/n/10 lib$phases$phase_name
 []

[4]
Overfull \hbox (25.40837pt too wide) in paragraph at lines 198--200
\T1/ptm/m/n/10 sum-ma-tion of X-ray pow-der diffrac-tion data. Comp. Geo. 147, 
104662. doi:10.1016/j.cageo.2020.104662 
 []

[5]
LaTeX Font Info:    Font shape `T1/zi4/m/n' will be
(Font)              scaled to size 9.0pt on input line 214.
 [6]
LaTeX Font Info:    Trying to load font information for TS1+zi4 on input line 2
92.
 (/usr/local/texlive/2022/texmf-dist/tex/latex/inconsolata/ts1zi4.fd
File: ts1zi4.fd 2018/01/14 TS1/zi4 (Inconsolata)
)
LaTeX Font Info:    Font shape `TS1/zi4/m/n' will be
(Font)              scaled to size 10.0pt on input line 292.

Overfull \hbox (6.0479pt too wide) in paragraph at lines 322--324
[]\T1/ptm/m/n/10 A []\T1/zi4/m/n/10 powdRlib []\T1/ptm/m/n/10 ob-ject rep-re-se
nt-ing the ref-er-ence li-brary. Cre-ated us-ing the []\T1/zi4/m/n/10 powdRlib
 []

[7]
Overfull \hbox (62.46906pt too wide) in paragraph at lines 346--349
\T1/ptm/m/n/10 names sup-plied must be present within the []\T1/zi4/m/n/10 lib$
phases$phase_id []\T1/ptm/m/n/10 or []\T1/zi4/m/n/10 lib$phases$phase_name
 []

[8]
Overfull \hbox (25.40837pt too wide) in paragraph at lines 428--430
\T1/ptm/m/n/10 sum-ma-tion of X-ray pow-der diffrac-tion data. Comp. Geo. 147, 
104662. doi:10.1016/j.cageo.2020.104662 
 []

[9] [10] [11] [12] [13] [14] [15] [16] [17]
LaTeX Font Info:    Font shape `TS1/zi4/m/n' will be
(Font)              scaled to size 9.0pt on input line 965.
 [18] [19] [20] [21] [22] [23]
[24] [25]
Overfull \hbox (6.0479pt too wide) in paragraph at lines 1431--1433
[]\T1/ptm/m/n/10 A []\T1/zi4/m/n/10 powdRlib []\T1/ptm/m/n/10 ob-ject rep-re-se
nt-ing the ref-er-ence li-brary. Cre-ated us-ing the []\T1/zi4/m/n/10 powdRlib
 []

[26]
Overfull \hbox (62.46906pt too wide) in paragraph at lines 1457--1460
\T1/ptm/m/n/10 names sup-plied must be present within the []\T1/zi4/m/n/10 lib$
phases$phase_id []\T1/ptm/m/n/10 or []\T1/zi4/m/n/10 lib$phases$phase_name
 []

[27]
Overfull \hbox (25.40837pt too wide) in paragraph at lines 1532--1534
\T1/ptm/m/n/10 sum-ma-tion of X-ray pow-der diffrac-tion data. Comp. Geo. 147, 
104662. doi:10.1016/j.cageo.2020.104662 
 []

[28] [29]
Overfull \hbox (6.0479pt too wide) in paragraph at lines 1657--1659
[]\T1/ptm/m/n/10 A []\T1/zi4/m/n/10 powdRlib []\T1/ptm/m/n/10 ob-ject rep-re-se
nt-ing the ref-er-ence li-brary. Cre-ated us-ing the []\T1/zi4/m/n/10 powdRlib
 []


Overfull \hbox (62.46906pt too wide) in paragraph at lines 1683--1686
\T1/ptm/m/n/10 names sup-plied must be present within the []\T1/zi4/m/n/10 lib$
phases$phase_id []\T1/ptm/m/n/10 or []\T1/zi4/m/n/10 lib$phases$phase_name
 []

[30] [31]
Overfull \hbox (25.40837pt too wide) in paragraph at lines 1758--1760
\T1/ptm/m/n/10 sum-ma-tion of X-ray pow-der diffrac-tion data. Comp. Geo. 147, 
104662. doi:10.1016/j.cageo.2020.104662 
 []

[32] [33]
Overfull \hbox (6.0479pt too wide) in paragraph at lines 1877--1879
[]\T1/ptm/m/n/10 A []\T1/zi4/m/n/10 powdRlib []\T1/ptm/m/n/10 ob-ject rep-re-se
nt-ing the ref-er-ence li-brary. Cre-ated us-ing the []\T1/zi4/m/n/10 powdRlib
 []

[34] [35]
Overfull \hbox (6.0479pt too wide) in paragraph at lines 2001--2003
[]\T1/ptm/m/n/10 A []\T1/zi4/m/n/10 powdRlib []\T1/ptm/m/n/10 ob-ject rep-re-se
nt-ing the ref-er-ence li-brary. Cre-ated us-ing the []\T1/zi4/m/n/10 powdRlib
 []

[36] [37] [38] [39] [40] [41] [42] [43] [44] [45] [46] [47]
Overfull \hbox (21.33827pt too wide) in paragraph at lines 2714--2717
[]\T1/ptm/m/n/10 One of "Cu", "Co" or a cus-tom nu-meric value defin-ing the wa
ve-length (in Angstroms).
 []

[48]
Overfull \hbox (21.33827pt too wide) in paragraph at lines 2765--2768
[]\T1/ptm/m/n/10 One of "Cu", "Co" or a cus-tom nu-meric value defin-ing the wa
ve-length (in Angstroms).
 []

[49] [50]
Overfull \hbox (21.33827pt too wide) in paragraph at lines 2878--2881
[]\T1/ptm/m/n/10 One of "Cu", "Co" or a cus-tom nu-meric value defin-ing the wa
ve-length (in Angstroms).
 []

[51]
Overfull \hbox (21.33827pt too wide) in paragraph at lines 2948--2951
[]\T1/ptm/m/n/10 One of "Cu", "Co" or a cus-tom nu-meric value defin-ing the wa
ve-length (in Angstroms).
 []

[52]
Overfull \hbox (21.33827pt too wide) in paragraph at lines 2995--2998
[]\T1/ptm/m/n/10 One of "Cu", "Co" or a cus-tom nu-meric value defin-ing the wa
ve-length (in Angstroms).
 []

[53]
Overfull \hbox (21.33827pt too wide) in paragraph at lines 3072--3075
[]\T1/ptm/m/n/10 One of "Cu", "Co" or a cus-tom nu-meric value defin-ing the wa
ve-length (in Angstroms).
 []

[54]
Overfull \hbox (25.40837pt too wide) in paragraph at lines 3118--3120
\T1/ptm/m/n/10 sum-ma-tion of X-ray pow-der diffrac-tion data. Comp. Geo. 147, 
104662. doi:10.1016/j.cageo.2020.104662 
 []

[55] [56] [57]
Overfull \hbox (2.00812pt too wide) in paragraph at lines 3321--3325
\T1/ptm/m/n/10 phase con-cen-tra-tions based on de-fined min-eral groups from t
he []\T1/zi4/m/n/10 powdRlib []\T1/ptm/m/n/10 ref-er-ence li-brary. []\T1/zi4/m
/n/10 regroup
 []

[58] [59] [60] [61] [62]
Overfull \hbox (63.99742pt too wide) in paragraph at lines 3575--3581
\T1/ptm/m/n/10 feldspar (OR-DERED_MICROCLINE), pla-gio-clase (LABRADORITE), kao
li-n-ite (KAOLI-N-ITE_DRY_BRANCH),
 []

[63] [64] [65] [66] [67] [68] [69] [70]
(/private/var/folders/yz/3s5p1pss4352wtlzt9_bzbp00000gp/T/RtmpfkNHc9/Rd2pdfa3f5
3d880ee4/Rd2.ind [71] [72

])
(/private/var/folders/yz/3s5p1pss4352wtlzt9_bzbp00000gp/T/RtmpfkNHc9/Rd2pdfa3f5
3d880ee4/Rd2.aux)
Package rerunfilecheck Info: File `Rd2.out' has not changed.
(rerunfilecheck)             Checksum: BCE867BE1E7D6B0A27C5EB4D6CE56FD2;7259.
 ) 
Here is how much of TeX's memory you used:
 9658 strings out of 478300
 151738 string characters out of 5845125
 444762 words of memory out of 5000000
 27187 multiletter control sequences out of 15000+600000
 506976 words of font info for 65 fonts, out of 8000000 for 9000
 1141 hyphenation exceptions out of 8191
 89i,6n,93p,336b,617s stack positions out of 10000i,1000n,20000p,200000b,200000s
{/usr/local/texlive/2022/texmf-dist/fonts/enc/dvips/inconsolata/i4-ts1.enc}{/
usr/local/texlive/2022/texmf-dist/fonts/enc/dvips/base/8r.enc}{/usr/local/texli
ve/2022/texmf-dist/fonts/enc/dvips/inconsolata/i4-t1-0.enc}</usr/local/texlive/
2022/texmf-dist/fonts/type1/public/inconsolata/Inconsolata-zi4r.pfb></usr/local
/texlive/2022/texmf-dist/fonts/type1/public/amsfonts/cm/cmsy10.pfb></usr/local/
texlive/2022/texmf-dist/fonts/type1/urw/helvetic/uhvr8a.pfb></usr/local/texlive
/2022/texmf-dist/fonts/type1/urw/times/utmb8a.pfb></usr/local/texlive/2022/texm
f-dist/fonts/type1/urw/times/utmr8a.pfb></usr/local/texlive/2022/texmf-dist/fon
ts/type1/urw/times/utmr8a.pfb></usr/local/texlive/2022/texmf-dist/fonts/type1/u
rw/times/utmri8a.pfb>
Output written on Rd2.pdf (72 pages, 231290 bytes).
PDF statistics:
 1241 PDF objects out of 1440 (max. 8388607)
 1140 compressed objects within 12 object streams
 507 named destinations out of 1000 (max. 500000)
 505 words of extra memory for PDF output out of 10000 (max. 10000000)

