* installing *source* package ‘rxylib’ ...
** using staged installation
** libs
clang++ -mmacosx-version-min=10.13 -std=gnu++11 -I"/Library/Frameworks/R.framework/Resources/include" -DNDEBUG  -I'/Library/Frameworks/R.framework/Versions/4.3/Resources/library/Rcpp/include' -I'/Library/Frameworks/R.framework/Versions/4.3/Resources/library/BH/include' -I/usr/local/include   -I../inst/include/ -I../inst/include/xylib/ -DDISABLE_STDERR_WARNINGS -fPIC  -Wall -g -O2  -c read_data.cpp -o read_data.o
clang++ -mmacosx-version-min=10.13 -std=gnu++11 -I"/Library/Frameworks/R.framework/Resources/include" -DNDEBUG  -I'/Library/Frameworks/R.framework/Versions/4.3/Resources/library/Rcpp/include' -I'/Library/Frameworks/R.framework/Versions/4.3/Resources/library/BH/include' -I/usr/local/include   -I../inst/include/ -I../inst/include/xylib/ -DDISABLE_STDERR_WARNINGS -fPIC  -Wall -g -O2  -c get_supportedFormats.cpp -o get_supportedFormats.o
clang++ -mmacosx-version-min=10.13 -std=gnu++11 -I"/Library/Frameworks/R.framework/Resources/include" -DNDEBUG  -I'/Library/Frameworks/R.framework/Versions/4.3/Resources/library/Rcpp/include' -I'/Library/Frameworks/R.framework/Versions/4.3/Resources/library/BH/include' -I/usr/local/include   -I../inst/include/ -I../inst/include/xylib/ -DDISABLE_STDERR_WARNINGS -fPIC  -Wall -g -O2  -c get_version.cpp -o get_version.o
clang++ -mmacosx-version-min=10.13 -std=gnu++11 -I"/Library/Frameworks/R.framework/Resources/include" -DNDEBUG  -I'/Library/Frameworks/R.framework/Versions/4.3/Resources/library/Rcpp/include' -I'/Library/Frameworks/R.framework/Versions/4.3/Resources/library/BH/include' -I/usr/local/include   -I../inst/include/ -I../inst/include/xylib/ -DDISABLE_STDERR_WARNINGS -fPIC  -Wall -g -O2  -c get_meta_DataSet.cpp -o get_meta_DataSet.o
clang++ -mmacosx-version-min=10.13 -std=gnu++11 -I"/Library/Frameworks/R.framework/Resources/include" -DNDEBUG  -I'/Library/Frameworks/R.framework/Versions/4.3/Resources/library/Rcpp/include' -I'/Library/Frameworks/R.framework/Versions/4.3/Resources/library/BH/include' -I/usr/local/include   -I../inst/include/ -I../inst/include/xylib/ -DDISABLE_STDERR_WARNINGS -fPIC  -Wall -g -O2  -c get_block_names.cpp -o get_block_names.o
clang++ -mmacosx-version-min=10.13 -std=gnu++11 -I"/Library/Frameworks/R.framework/Resources/include" -DNDEBUG  -I'/Library/Frameworks/R.framework/Versions/4.3/Resources/library/Rcpp/include' -I'/Library/Frameworks/R.framework/Versions/4.3/Resources/library/BH/include' -I/usr/local/include   -I../inst/include/ -I../inst/include/xylib/ -DDISABLE_STDERR_WARNINGS -fPIC  -Wall -g -O2  -c RcppExports.cpp -o RcppExports.o
clang++ -mmacosx-version-min=10.13 -std=gnu++11 -I"/Library/Frameworks/R.framework/Resources/include" -DNDEBUG  -I'/Library/Frameworks/R.framework/Versions/4.3/Resources/library/Rcpp/include' -I'/Library/Frameworks/R.framework/Versions/4.3/Resources/library/BH/include' -I/usr/local/include   -I../inst/include/ -I../inst/include/xylib/ -DDISABLE_STDERR_WARNINGS -fPIC  -Wall -g -O2  -c xylib/bruker_raw.cpp -o xylib/bruker_raw.o
clang++ -mmacosx-version-min=10.13 -std=gnu++11 -I"/Library/Frameworks/R.framework/Resources/include" -DNDEBUG  -I'/Library/Frameworks/R.framework/Versions/4.3/Resources/library/Rcpp/include' -I'/Library/Frameworks/R.framework/Versions/4.3/Resources/library/BH/include' -I/usr/local/include   -I../inst/include/ -I../inst/include/xylib/ -DDISABLE_STDERR_WARNINGS -fPIC  -Wall -g -O2  -c xylib/bruker_spc.cpp -o xylib/bruker_spc.o
clang++ -mmacosx-version-min=10.13 -std=gnu++11 -I"/Library/Frameworks/R.framework/Resources/include" -DNDEBUG  -I'/Library/Frameworks/R.framework/Versions/4.3/Resources/library/Rcpp/include' -I'/Library/Frameworks/R.framework/Versions/4.3/Resources/library/BH/include' -I/usr/local/include   -I../inst/include/ -I../inst/include/xylib/ -DDISABLE_STDERR_WARNINGS -fPIC  -Wall -g -O2  -c xylib/cache.cpp -o xylib/cache.o
clang++ -mmacosx-version-min=10.13 -std=gnu++11 -I"/Library/Frameworks/R.framework/Resources/include" -DNDEBUG  -I'/Library/Frameworks/R.framework/Versions/4.3/Resources/library/Rcpp/include' -I'/Library/Frameworks/R.framework/Versions/4.3/Resources/library/BH/include' -I/usr/local/include   -I../inst/include/ -I../inst/include/xylib/ -DDISABLE_STDERR_WARNINGS -fPIC  -Wall -g -O2  -c xylib/canberra_cnf.cpp -o xylib/canberra_cnf.o
clang++ -mmacosx-version-min=10.13 -std=gnu++11 -I"/Library/Frameworks/R.framework/Resources/include" -DNDEBUG  -I'/Library/Frameworks/R.framework/Versions/4.3/Resources/library/Rcpp/include' -I'/Library/Frameworks/R.framework/Versions/4.3/Resources/library/BH/include' -I/usr/local/include   -I../inst/include/ -I../inst/include/xylib/ -DDISABLE_STDERR_WARNINGS -fPIC  -Wall -g -O2  -c xylib/canberra_mca.cpp -o xylib/canberra_mca.o
clang++ -mmacosx-version-min=10.13 -std=gnu++11 -I"/Library/Frameworks/R.framework/Resources/include" -DNDEBUG  -I'/Library/Frameworks/R.framework/Versions/4.3/Resources/library/Rcpp/include' -I'/Library/Frameworks/R.framework/Versions/4.3/Resources/library/BH/include' -I/usr/local/include   -I../inst/include/ -I../inst/include/xylib/ -DDISABLE_STDERR_WARNINGS -fPIC  -Wall -g -O2  -c xylib/chiplot.cpp -o xylib/chiplot.o
clang++ -mmacosx-version-min=10.13 -std=gnu++11 -I"/Library/Frameworks/R.framework/Resources/include" -DNDEBUG  -I'/Library/Frameworks/R.framework/Versions/4.3/Resources/library/Rcpp/include' -I'/Library/Frameworks/R.framework/Versions/4.3/Resources/library/BH/include' -I/usr/local/include   -I../inst/include/ -I../inst/include/xylib/ -DDISABLE_STDERR_WARNINGS -fPIC  -Wall -g -O2  -c xylib/cpi.cpp -o xylib/cpi.o
clang++ -mmacosx-version-min=10.13 -std=gnu++11 -I"/Library/Frameworks/R.framework/Resources/include" -DNDEBUG  -I'/Library/Frameworks/R.framework/Versions/4.3/Resources/library/Rcpp/include' -I'/Library/Frameworks/R.framework/Versions/4.3/Resources/library/BH/include' -I/usr/local/include   -I../inst/include/ -I../inst/include/xylib/ -DDISABLE_STDERR_WARNINGS -fPIC  -Wall -g -O2  -c xylib/csv.cpp -o xylib/csv.o
clang++ -mmacosx-version-min=10.13 -std=gnu++11 -I"/Library/Frameworks/R.framework/Resources/include" -DNDEBUG  -I'/Library/Frameworks/R.framework/Versions/4.3/Resources/library/Rcpp/include' -I'/Library/Frameworks/R.framework/Versions/4.3/Resources/library/BH/include' -I/usr/local/include   -I../inst/include/ -I../inst/include/xylib/ -DDISABLE_STDERR_WARNINGS -fPIC  -Wall -g -O2  -c xylib/dbws.cpp -o xylib/dbws.o
clang++ -mmacosx-version-min=10.13 -std=gnu++11 -I"/Library/Frameworks/R.framework/Resources/include" -DNDEBUG  -I'/Library/Frameworks/R.framework/Versions/4.3/Resources/library/Rcpp/include' -I'/Library/Frameworks/R.framework/Versions/4.3/Resources/library/BH/include' -I/usr/local/include   -I../inst/include/ -I../inst/include/xylib/ -DDISABLE_STDERR_WARNINGS -fPIC  -Wall -g -O2  -c xylib/pdcif.cpp -o xylib/pdcif.o
In file included from xylib/pdcif.cpp:13:
In file included from /Library/Frameworks/R.framework/Versions/4.3/Resources/library/BH/include/boost/spirit/include/classic_core.hpp:11:
In file included from /Library/Frameworks/R.framework/Versions/4.3/Resources/library/BH/include/boost/spirit/home/classic/core.hpp:41:
In file included from /Library/Frameworks/R.framework/Versions/4.3/Resources/library/BH/include/boost/spirit/home/classic/core/non_terminal/rule.hpp:31:
In file included from /Library/Frameworks/R.framework/Versions/4.3/Resources/library/BH/include/boost/scoped_ptr.hpp:13:
/Library/Frameworks/R.framework/Versions/4.3/Resources/library/BH/include/boost/smart_ptr/scoped_ptr.hpp:74:31: warning: 'auto_ptr<boost::spirit::classic::impl::abstract_parser<boost::spirit::classic::scanner<std::__wrap_iter<char *>>, boost::spirit::classic::nil_t>>' is deprecated [-Wdeprecated-declarations]
    explicit scoped_ptr( std::auto_ptr<T> p ) BOOST_SP_NOEXCEPT : px( p.release() )
                              ^
/Library/Frameworks/R.framework/Versions/4.3/Resources/library/BH/include/boost/spirit/home/classic/core/non_terminal/rule.hpp:168:39: note: in instantiation of template class 'boost::scoped_ptr<boost::spirit::classic::impl::abstract_parser<boost::spirit::classic::scanner<std::__wrap_iter<char *>>, boost::spirit::classic::nil_t>>' requested here
        scoped_ptr<abstract_parser_t> ptr;
                                      ^
xylib/pdcif.cpp:263:24: note: in instantiation of template class 'boost::spirit::classic::rule<boost::spirit::classic::scanner<std::__wrap_iter<char *>>>' requested here
        rule<ScannerT> CIF, DataBlock, DataBlockHeading, SaveFrame,
                       ^
/Library/Frameworks/R.framework/Versions/4.3/Resources/library/BH/include/boost/spirit/home/classic/core/non_terminal/impl/grammar.ipp:179:13: note: in instantiation of template class 'xylib::(anonymous namespace)::CifGrammar<xylib::(anonymous namespace)::DatasetActions>::definition<boost::spirit::classic::scanner<std::__wrap_iter<char *>>>' requested here
            delete definitions[id];
            ^
/Library/Frameworks/R.framework/Versions/4.3/Resources/library/BH/include/boost/spirit/home/classic/core/non_terminal/impl/grammar.ipp:142:9: note: in instantiation of member function 'boost::spirit::classic::impl::grammar_helper<boost::spirit::classic::grammar<xylib::(anonymous namespace)::CifGrammar<xylib::(anonymous namespace)::DatasetActions>>, xylib::(anonymous namespace)::CifGrammar<xylib::(anonymous namespace)::DatasetActions>, boost::spirit::classic::scanner<std::__wrap_iter<char *>>>::undefine' requested here
        grammar_helper(helper_weak_ptr_t& p)
        ^
/Library/Frameworks/R.framework/Versions/4.3/Resources/library/BH/include/boost/spirit/home/classic/core/non_terminal/impl/grammar.ipp:232:17: note: in instantiation of member function 'boost::spirit::classic::impl::grammar_helper<boost::spirit::classic::grammar<xylib::(anonymous namespace)::CifGrammar<xylib::(anonymous namespace)::DatasetActions>>, xylib::(anonymous namespace)::CifGrammar<xylib::(anonymous namespace)::DatasetActions>, boost::spirit::classic::scanner<std::__wrap_iter<char *>>>::grammar_helper' requested here
            new helper_t(helper);
                ^
/Library/Frameworks/R.framework/Versions/4.3/Resources/library/BH/include/boost/spirit/home/classic/core/non_terminal/impl/grammar.ipp:272:29: note: in instantiation of function template specialization 'boost::spirit::classic::impl::get_definition<xylib::(anonymous namespace)::CifGrammar<xylib::(anonymous namespace)::DatasetActions>, boost::spirit::classic::parser_context<>, boost::spirit::classic::scanner<std::__wrap_iter<char *>>>' requested here
        definition_t &def = get_definition<DerivedT, ContextT, ScannerT>(self);
                            ^
/Library/Frameworks/R.framework/Versions/4.3/Resources/library/BH/include/boost/spirit/home/classic/core/non_terminal/grammar.hpp:57:20: note: in instantiation of function template specialization 'boost::spirit::classic::impl::grammar_parser_parse<0, xylib::(anonymous namespace)::CifGrammar<xylib::(anonymous namespace)::DatasetActions>, boost::spirit::classic::parser_context<>, boost::spirit::classic::scanner<std::__wrap_iter<char *>>>' requested here
    { return impl::grammar_parser_parse<0>(this, scan); }
                   ^
/Library/Frameworks/R.framework/Versions/4.3/Resources/library/BH/include/boost/spirit/home/classic/core/non_terminal/grammar.hpp:65:9: note: in instantiation of function template specialization 'boost::spirit::classic::grammar<xylib::(anonymous namespace)::CifGrammar<xylib::(anonymous namespace)::DatasetActions>>::parse_main<boost::spirit::classic::scanner<std::__wrap_iter<char *>>>' requested here
        BOOST_SPIRIT_CONTEXT_PARSE(scan, *this, scanner_t, context_t, result_t)
        ^
/Library/Frameworks/R.framework/Versions/4.3/Resources/library/BH/include/boost/spirit/home/classic/core/non_terminal/parser_context.hpp:142:28: note: expanded from macro 'BOOST_SPIRIT_CONTEXT_PARSE'
            result_t hit = parse_main(scan);                                        \
                           ^
/Library/Frameworks/R.framework/Versions/4.3/Resources/library/BH/include/boost/spirit/home/classic/core/impl/parser.ipp:30:40: note: in instantiation of function template specialization 'boost::spirit::classic::grammar<xylib::(anonymous namespace)::CifGrammar<xylib::(anonymous namespace)::DatasetActions>>::parse<boost::spirit::classic::scanner<std::__wrap_iter<char *>>>' requested here
        match<nil_t> hit = p.derived().parse(scan);
                                       ^
xylib/pdcif.cpp:533:9: note: in instantiation of function template specialization 'boost::spirit::classic::parse<std::__wrap_iter<char *>, xylib::(anonymous namespace)::CifGrammar<xylib::(anonymous namespace)::DatasetActions>>' requested here
        parse(vec.begin(), vec.end(), p);
        ^
/Applications/Xcode.app/Contents/Developer/Platforms/MacOSX.platform/Developer/SDKs/MacOSX.sdk/usr/include/c++/v1/__memory/auto_ptr.h:32:28: note: 'auto_ptr<boost::spirit::classic::impl::abstract_parser<boost::spirit::classic::scanner<std::__wrap_iter<char *>>, boost::spirit::classic::nil_t>>' has been explicitly marked deprecated here
class _LIBCPP_TEMPLATE_VIS _LIBCPP_DEPRECATED_IN_CXX11 auto_ptr
                           ^
/Applications/Xcode.app/Contents/Developer/Platforms/MacOSX.platform/Developer/SDKs/MacOSX.sdk/usr/include/c++/v1/__config:1054:39: note: expanded from macro '_LIBCPP_DEPRECATED_IN_CXX11'
#  define _LIBCPP_DEPRECATED_IN_CXX11 _LIBCPP_DEPRECATED
                                      ^
/Applications/Xcode.app/Contents/Developer/Platforms/MacOSX.platform/Developer/SDKs/MacOSX.sdk/usr/include/c++/v1/__config:1043:48: note: expanded from macro '_LIBCPP_DEPRECATED'
#    define _LIBCPP_DEPRECATED __attribute__ ((deprecated))
                                               ^
1 warning generated.
clang++ -mmacosx-version-min=10.13 -std=gnu++11 -I"/Library/Frameworks/R.framework/Resources/include" -DNDEBUG  -I'/Library/Frameworks/R.framework/Versions/4.3/Resources/library/Rcpp/include' -I'/Library/Frameworks/R.framework/Versions/4.3/Resources/library/BH/include' -I/usr/local/include   -I../inst/include/ -I../inst/include/xylib/ -DDISABLE_STDERR_WARNINGS -fPIC  -Wall -g -O2  -c xylib/philips_raw.cpp -o xylib/philips_raw.o
clang++ -mmacosx-version-min=10.13 -std=gnu++11 -I"/Library/Frameworks/R.framework/Resources/include" -DNDEBUG  -I'/Library/Frameworks/R.framework/Versions/4.3/Resources/library/Rcpp/include' -I'/Library/Frameworks/R.framework/Versions/4.3/Resources/library/BH/include' -I/usr/local/include   -I../inst/include/ -I../inst/include/xylib/ -DDISABLE_STDERR_WARNINGS -fPIC  -Wall -g -O2  -c xylib/philips_udf.cpp -o xylib/philips_udf.o
clang++ -mmacosx-version-min=10.13 -std=gnu++11 -I"/Library/Frameworks/R.framework/Resources/include" -DNDEBUG  -I'/Library/Frameworks/R.framework/Versions/4.3/Resources/library/Rcpp/include' -I'/Library/Frameworks/R.framework/Versions/4.3/Resources/library/BH/include' -I/usr/local/include   -I../inst/include/ -I../inst/include/xylib/ -DDISABLE_STDERR_WARNINGS -fPIC  -Wall -g -O2  -c xylib/riet7.cpp -o xylib/riet7.o
clang++ -mmacosx-version-min=10.13 -std=gnu++11 -I"/Library/Frameworks/R.framework/Resources/include" -DNDEBUG  -I'/Library/Frameworks/R.framework/Versions/4.3/Resources/library/Rcpp/include' -I'/Library/Frameworks/R.framework/Versions/4.3/Resources/library/BH/include' -I/usr/local/include   -I../inst/include/ -I../inst/include/xylib/ -DDISABLE_STDERR_WARNINGS -fPIC  -Wall -g -O2  -c xylib/rigaku_dat.cpp -o xylib/rigaku_dat.o
clang++ -mmacosx-version-min=10.13 -std=gnu++11 -I"/Library/Frameworks/R.framework/Resources/include" -DNDEBUG  -I'/Library/Frameworks/R.framework/Versions/4.3/Resources/library/Rcpp/include' -I'/Library/Frameworks/R.framework/Versions/4.3/Resources/library/BH/include' -I/usr/local/include   -I../inst/include/ -I../inst/include/xylib/ -DDISABLE_STDERR_WARNINGS -fPIC  -Wall -g -O2  -c xylib/specsxy.cpp -o xylib/specsxy.o
clang++ -mmacosx-version-min=10.13 -std=gnu++11 -I"/Library/Frameworks/R.framework/Resources/include" -DNDEBUG  -I'/Library/Frameworks/R.framework/Versions/4.3/Resources/library/Rcpp/include' -I'/Library/Frameworks/R.framework/Versions/4.3/Resources/library/BH/include' -I/usr/local/include   -I../inst/include/ -I../inst/include/xylib/ -DDISABLE_STDERR_WARNINGS -fPIC  -Wall -g -O2  -c xylib/spectra.cpp -o xylib/spectra.o
clang++ -mmacosx-version-min=10.13 -std=gnu++11 -I"/Library/Frameworks/R.framework/Resources/include" -DNDEBUG  -I'/Library/Frameworks/R.framework/Versions/4.3/Resources/library/Rcpp/include' -I'/Library/Frameworks/R.framework/Versions/4.3/Resources/library/BH/include' -I/usr/local/include   -I../inst/include/ -I../inst/include/xylib/ -DDISABLE_STDERR_WARNINGS -fPIC  -Wall -g -O2  -c xylib/text.cpp -o xylib/text.o
clang++ -mmacosx-version-min=10.13 -std=gnu++11 -I"/Library/Frameworks/R.framework/Resources/include" -DNDEBUG  -I'/Library/Frameworks/R.framework/Versions/4.3/Resources/library/Rcpp/include' -I'/Library/Frameworks/R.framework/Versions/4.3/Resources/library/BH/include' -I/usr/local/include   -I../inst/include/ -I../inst/include/xylib/ -DDISABLE_STDERR_WARNINGS -fPIC  -Wall -g -O2  -c xylib/util.cpp -o xylib/util.o
clang++ -mmacosx-version-min=10.13 -std=gnu++11 -I"/Library/Frameworks/R.framework/Resources/include" -DNDEBUG  -I'/Library/Frameworks/R.framework/Versions/4.3/Resources/library/Rcpp/include' -I'/Library/Frameworks/R.framework/Versions/4.3/Resources/library/BH/include' -I/usr/local/include   -I../inst/include/ -I../inst/include/xylib/ -DDISABLE_STDERR_WARNINGS -fPIC  -Wall -g -O2  -c xylib/uxd.cpp -o xylib/uxd.o
clang++ -mmacosx-version-min=10.13 -std=gnu++11 -I"/Library/Frameworks/R.framework/Resources/include" -DNDEBUG  -I'/Library/Frameworks/R.framework/Versions/4.3/Resources/library/Rcpp/include' -I'/Library/Frameworks/R.framework/Versions/4.3/Resources/library/BH/include' -I/usr/local/include   -I../inst/include/ -I../inst/include/xylib/ -DDISABLE_STDERR_WARNINGS -fPIC  -Wall -g -O2  -c xylib/vamas.cpp -o xylib/vamas.o
clang++ -mmacosx-version-min=10.13 -std=gnu++11 -I"/Library/Frameworks/R.framework/Resources/include" -DNDEBUG  -I'/Library/Frameworks/R.framework/Versions/4.3/Resources/library/Rcpp/include' -I'/Library/Frameworks/R.framework/Versions/4.3/Resources/library/BH/include' -I/usr/local/include   -I../inst/include/ -I../inst/include/xylib/ -DDISABLE_STDERR_WARNINGS -fPIC  -Wall -g -O2  -c xylib/winspec_spe.cpp -o xylib/winspec_spe.o
clang++ -mmacosx-version-min=10.13 -std=gnu++11 -I"/Library/Frameworks/R.framework/Resources/include" -DNDEBUG  -I'/Library/Frameworks/R.framework/Versions/4.3/Resources/library/Rcpp/include' -I'/Library/Frameworks/R.framework/Versions/4.3/Resources/library/BH/include' -I/usr/local/include   -I../inst/include/ -I../inst/include/xylib/ -DDISABLE_STDERR_WARNINGS -fPIC  -Wall -g -O2  -c xylib/xfit_xdd.cpp -o xylib/xfit_xdd.o
clang++ -mmacosx-version-min=10.13 -std=gnu++11 -I"/Library/Frameworks/R.framework/Resources/include" -DNDEBUG  -I'/Library/Frameworks/R.framework/Versions/4.3/Resources/library/Rcpp/include' -I'/Library/Frameworks/R.framework/Versions/4.3/Resources/library/BH/include' -I/usr/local/include   -I../inst/include/ -I../inst/include/xylib/ -DDISABLE_STDERR_WARNINGS -fPIC  -Wall -g -O2  -c xylib/xrdml.cpp -o xylib/xrdml.o
clang++ -mmacosx-version-min=10.13 -std=gnu++11 -I"/Library/Frameworks/R.framework/Resources/include" -DNDEBUG  -I'/Library/Frameworks/R.framework/Versions/4.3/Resources/library/Rcpp/include' -I'/Library/Frameworks/R.framework/Versions/4.3/Resources/library/BH/include' -I/usr/local/include   -I../inst/include/ -I../inst/include/xylib/ -DDISABLE_STDERR_WARNINGS -fPIC  -Wall -g -O2  -c xylib/xsyg.cpp -o xylib/xsyg.o
clang++ -mmacosx-version-min=10.13 -std=gnu++11 -I"/Library/Frameworks/R.framework/Resources/include" -DNDEBUG  -I'/Library/Frameworks/R.framework/Versions/4.3/Resources/library/Rcpp/include' -I'/Library/Frameworks/R.framework/Versions/4.3/Resources/library/BH/include' -I/usr/local/include   -I../inst/include/ -I../inst/include/xylib/ -DDISABLE_STDERR_WARNINGS -fPIC  -Wall -g -O2  -c xylib/xylib.cpp -o xylib/xylib.o
clang++ -mmacosx-version-min=10.13 -std=gnu++11 -dynamiclib -Wl,-headerpad_max_install_names -undefined dynamic_lookup -single_module -multiply_defined suppress -L/Library/Frameworks/R.framework/Resources/lib -L/usr/local/lib -o rxylib.so read_data.o get_supportedFormats.o get_version.o get_meta_DataSet.o get_block_names.o RcppExports.o ./xylib/bruker_raw.o ./xylib/bruker_spc.o ./xylib/cache.o ./xylib/canberra_cnf.o ./xylib/canberra_mca.o ./xylib/chiplot.o ./xylib/cpi.o ./xylib/csv.o ./xylib/dbws.o ./xylib/pdcif.o ./xylib/philips_raw.o ./xylib/philips_udf.o ./xylib/riet7.o ./xylib/rigaku_dat.o ./xylib/specsxy.o ./xylib/spectra.o ./xylib/text.o ./xylib/util.o ./xylib/uxd.o ./xylib/vamas.o ./xylib/winspec_spe.o ./xylib/xfit_xdd.o ./xylib/xrdml.o ./xylib/xsyg.o ./xylib/xylib.o -F/Library/Frameworks/R.framework/.. -framework R -Wl,-framework -Wl,CoreFoundation
installing to /Users/kreutzer/GitHub/rxylib/rxylib.BuildResults/rxylib.Rcheck/00LOCK-rxylib/00new/rxylib/libs
** R
** inst
** byte-compile and prepare package for lazy loading
** help
*** installing help indices
*** copying figures
** building package indices
** testing if installed package can be loaded from temporary location
** checking absolute paths in shared objects and dynamic libraries
** testing if installed package can be loaded from final location
** testing if installed package keeps a record of temporary installation path
* DONE (rxylib)
